2025-04-23 21:17:18,459 INFO: Epoch [1/300]    Learning rate:0.0004
2025-04-23 21:17:25,552 INFO: Train Loss: 0.053468 PSNR:27.065424 SAM:30.415764 SSIM:0.654781 ERGAS:156.040085
2025-04-23 21:17:27,934 INFO: Test Loss: 0.015755 PSNR:29.988152 SAM:19.161785 SSIM:0.831934 ERGAS:65.543251
2025-04-23 21:17:27,934 INFO: Epoch [2/300]    Learning rate:0.0004
2025-04-23 21:17:34,750 INFO: Train Loss: 0.016916 PSNR:30.853121 SAM:18.647923 SSIM:0.851994 ERGAS:37.409451
2025-04-23 21:17:37,127 INFO: Test Loss: 0.009113 PSNR:33.519058 SAM:12.903153 SSIM:0.904477 ERGAS:13.381430
2025-04-23 21:17:37,127 INFO: Epoch [3/300]    Learning rate:0.0004
2025-04-23 21:17:43,972 INFO: Train Loss: 0.011237 PSNR:31.634813 SAM:16.101838 SSIM:0.870582 ERGAS:28.879362
2025-04-23 21:17:46,342 INFO: Test Loss: 0.006789 PSNR:33.234467 SAM:16.553215 SSIM:0.860375 ERGAS:31.613155
2025-04-23 21:17:46,342 INFO: Epoch [4/300]    Learning rate:0.0004
2025-04-23 21:17:53,192 INFO: Train Loss: 0.008523 PSNR:32.978947 SAM:15.380681 SSIM:0.897402 ERGAS:11.071263
2025-04-23 21:17:55,595 INFO: Test Loss: 0.005514 PSNR:34.510914 SAM:11.896266 SSIM:0.915174 ERGAS:3.649575
2025-04-23 21:17:55,595 INFO: Epoch [5/300]    Learning rate:0.0004
2025-04-23 21:18:02,452 INFO: Train Loss: 0.007182 PSNR:34.354874 SAM:13.749807 SSIM:0.915887 ERGAS:19.903990
2025-04-23 21:18:04,858 INFO: Test Loss: 0.004754 PSNR:35.201118 SAM:12.735913 SSIM:0.919016 ERGAS:9.714385
2025-04-23 21:18:04,859 INFO: Epoch [6/300]    Learning rate:0.0004
2025-04-23 21:18:11,741 INFO: Train Loss: 0.005728 PSNR:35.305519 SAM:13.294535 SSIM:0.921267 ERGAS:7.741515
2025-04-23 21:18:14,135 INFO: Test Loss: 0.004028 PSNR:36.187454 SAM:11.241008 SSIM:0.933751 ERGAS:9.635386
2025-04-23 21:18:14,136 INFO: Epoch [7/300]    Learning rate:0.0004
2025-04-23 21:18:21,029 INFO: Train Loss: 0.005028 PSNR:36.963623 SAM:14.727438 SSIM:0.920442 ERGAS:12.450140
2025-04-23 21:18:23,377 INFO: Test Loss: 0.003781 PSNR:35.705791 SAM:10.544707 SSIM:0.939454 ERGAS:3.084032
2025-04-23 21:18:23,377 INFO: Epoch [8/300]    Learning rate:0.0004
2025-04-23 21:18:30,278 INFO: Train Loss: 0.004573 PSNR:36.635216 SAM:15.484799 SSIM:0.920342 ERGAS:25.768593
2025-04-23 21:18:32,679 INFO: Test Loss: 0.003758 PSNR:36.627594 SAM:11.624521 SSIM:0.945762 ERGAS:5.940901
2025-04-23 21:18:32,679 INFO: Epoch [9/300]    Learning rate:0.0004
2025-04-23 21:18:39,587 INFO: Train Loss: 0.004257 PSNR:35.723335 SAM:14.596391 SSIM:0.923441 ERGAS:24.677063
2025-04-23 21:18:41,970 INFO: Test Loss: 0.003405 PSNR:36.616817 SAM:10.694905 SSIM:0.949229 ERGAS:4.846505
2025-04-23 21:18:41,970 INFO: Epoch [10/300]    Learning rate:0.0004
2025-04-23 21:18:48,863 INFO: Train Loss: 0.003649 PSNR:36.378483 SAM:13.061716 SSIM:0.932674 ERGAS:22.296106
2025-04-23 21:18:51,251 INFO: Test Loss: 0.002732 PSNR:37.838783 SAM:10.030920 SSIM:0.941825 ERGAS:6.919827
2025-04-23 21:18:51,251 INFO: Epoch [11/300]    Learning rate:0.0004
2025-04-23 21:18:58,180 INFO: Train Loss: 0.003412 PSNR:38.865669 SAM:12.408012 SSIM:0.953779 ERGAS:26.974577
2025-04-23 21:19:00,568 INFO: Test Loss: 0.002917 PSNR:37.140064 SAM:9.382432 SSIM:0.949156 ERGAS:3.759476
2025-04-23 21:19:00,568 INFO: Epoch [12/300]    Learning rate:0.0004
2025-04-23 21:19:07,494 INFO: Train Loss: 0.003328 PSNR:38.153595 SAM:14.322270 SSIM:0.940596 ERGAS:14.851279
2025-04-23 21:19:09,837 INFO: Test Loss: 0.002663 PSNR:37.602177 SAM:9.040680 SSIM:0.947181 ERGAS:3.275845
2025-04-23 21:19:09,837 INFO: Epoch [13/300]    Learning rate:0.0004
2025-04-23 21:19:16,806 INFO: Train Loss: 0.003253 PSNR:37.537441 SAM:11.017634 SSIM:0.947622 ERGAS:7.059552
2025-04-23 21:19:19,196 INFO: Test Loss: 0.002962 PSNR:34.704029 SAM:14.406191 SSIM:0.892971 ERGAS:81.295937
2025-04-23 21:19:19,196 INFO: Epoch [14/300]    Learning rate:0.0004
2025-04-23 21:19:26,166 INFO: Train Loss: 0.003386 PSNR:38.080006 SAM:14.851481 SSIM:0.916837 ERGAS:21.121891
2025-04-23 21:19:28,539 INFO: Test Loss: 0.002939 PSNR:34.970181 SAM:11.657258 SSIM:0.940914 ERGAS:3.236067
2025-04-23 21:19:28,539 INFO: Epoch [15/300]    Learning rate:0.0004
2025-04-23 21:19:35,542 INFO: Train Loss: 0.003454 PSNR:37.697338 SAM:16.482883 SSIM:0.917615 ERGAS:12.234325
2025-04-23 21:19:37,928 INFO: Test Loss: 0.002333 PSNR:37.348801 SAM:10.601456 SSIM:0.948620 ERGAS:4.363327
2025-04-23 21:19:37,928 INFO: Epoch [16/300]    Learning rate:0.0004
2025-04-23 21:19:45,109 INFO: Train Loss: 0.002649 PSNR:39.112282 SAM:12.105895 SSIM:0.953043 ERGAS:5.396523
2025-04-23 21:19:47,481 INFO: Test Loss: 0.002291 PSNR:37.433224 SAM:9.710569 SSIM:0.956922 ERGAS:4.319368
2025-04-23 21:19:47,481 INFO: Epoch [17/300]    Learning rate:0.0004
2025-04-23 21:19:54,527 INFO: Train Loss: 0.002481 PSNR:39.194366 SAM:11.067974 SSIM:0.956511 ERGAS:51.984951
2025-04-23 21:19:56,926 INFO: Test Loss: 0.002123 PSNR:39.004711 SAM:7.779121 SSIM:0.965703 ERGAS:2.497897
2025-04-23 21:19:56,926 INFO: Epoch [18/300]    Learning rate:0.0004
2025-04-23 21:20:03,995 INFO: Train Loss: 0.002974 PSNR:37.622314 SAM:13.035751 SSIM:0.930815 ERGAS:11.463136
2025-04-23 21:20:06,381 INFO: Test Loss: 0.002129 PSNR:38.528671 SAM:8.758471 SSIM:0.961528 ERGAS:5.595740
2025-04-23 21:20:06,381 INFO: Epoch [19/300]    Learning rate:0.0004
2025-04-23 21:20:13,460 INFO: Train Loss: 0.002352 PSNR:39.000309 SAM:9.940144 SSIM:0.958104 ERGAS:7.151300
2025-04-23 21:20:15,854 INFO: Test Loss: 0.002224 PSNR:38.426788 SAM:8.595912 SSIM:0.961700 ERGAS:2.439586
2025-04-23 21:20:15,854 INFO: Epoch [20/300]    Learning rate:0.0004
2025-04-23 21:20:22,976 INFO: Train Loss: 0.002202 PSNR:39.693104 SAM:11.053058 SSIM:0.959664 ERGAS:24.319151
2025-04-23 21:20:25,372 INFO: Test Loss: 0.001878 PSNR:39.246456 SAM:8.589911 SSIM:0.962583 ERGAS:7.470186
2025-04-23 21:20:25,372 INFO: Epoch [21/300]    Learning rate:0.0004
2025-04-23 21:20:32,371 INFO: Train Loss: 0.002122 PSNR:38.217365 SAM:10.035214 SSIM:0.953642 ERGAS:82.258118
2025-04-23 21:20:34,778 INFO: Test Loss: 0.001866 PSNR:39.166550 SAM:7.320997 SSIM:0.969438 ERGAS:2.278098
2025-04-23 21:20:34,778 INFO: Epoch [22/300]    Learning rate:0.0004
2025-04-23 21:20:41,801 INFO: Train Loss: 0.002047 PSNR:39.693413 SAM:8.588045 SSIM:0.964804 ERGAS:4.410201
2025-04-23 21:20:44,207 INFO: Test Loss: 0.001820 PSNR:39.527363 SAM:8.403029 SSIM:0.967524 ERGAS:4.081918
2025-04-23 21:20:44,207 INFO: Epoch [23/300]    Learning rate:0.0004
2025-04-23 21:20:51,317 INFO: Train Loss: 0.001919 PSNR:40.631519 SAM:11.101993 SSIM:0.962660 ERGAS:5.005591
2025-04-23 21:20:53,710 INFO: Test Loss: 0.001665 PSNR:40.419781 SAM:7.176207 SSIM:0.974105 ERGAS:2.135277
2025-04-23 21:20:53,710 INFO: Epoch [24/300]    Learning rate:0.0004
2025-04-23 21:21:00,735 INFO: Train Loss: 0.001869 PSNR:39.470169 SAM:8.169614 SSIM:0.965964 ERGAS:2.977711
2025-04-23 21:21:03,120 INFO: Test Loss: 0.001652 PSNR:39.908836 SAM:7.957850 SSIM:0.967130 ERGAS:64.554192
2025-04-23 21:21:03,120 INFO: Epoch [25/300]    Learning rate:0.0004
2025-04-23 21:21:10,377 INFO: Train Loss: 0.001943 PSNR:40.421337 SAM:10.986817 SSIM:0.964489 ERGAS:43.590664
2025-04-23 21:21:12,773 INFO: Test Loss: 0.001713 PSNR:39.774677 SAM:7.456570 SSIM:0.971935 ERGAS:2.288609
2025-04-23 21:21:12,773 INFO: Epoch [26/300]    Learning rate:0.0004
2025-04-23 21:21:20,127 INFO: Train Loss: 0.001873 PSNR:39.047245 SAM:9.025497 SSIM:0.965828 ERGAS:3.968836
2025-04-23 21:21:22,521 INFO: Test Loss: 0.001639 PSNR:40.375923 SAM:7.355776 SSIM:0.973608 ERGAS:4.596413
2025-04-23 21:21:22,522 INFO: Epoch [27/300]    Learning rate:0.0004
2025-04-23 21:21:29,791 INFO: Train Loss: 0.002084 PSNR:40.336121 SAM:10.424355 SSIM:0.963594 ERGAS:21.030857
2025-04-23 21:21:32,189 INFO: Test Loss: 0.002270 PSNR:37.182167 SAM:11.002752 SSIM:0.949317 ERGAS:35.994598
2025-04-23 21:21:32,189 INFO: Epoch [28/300]    Learning rate:0.0004
2025-04-23 21:21:39,393 INFO: Train Loss: 0.001931 PSNR:39.188484 SAM:12.341526 SSIM:0.952157 ERGAS:39.288391
2025-04-23 21:21:41,776 INFO: Test Loss: 0.001634 PSNR:39.811359 SAM:7.445952 SSIM:0.973878 ERGAS:2.325279
2025-04-23 21:21:41,776 INFO: Epoch [29/300]    Learning rate:0.0004
2025-04-23 21:21:49,091 INFO: Train Loss: 0.001732 PSNR:39.746323 SAM:10.348292 SSIM:0.958861 ERGAS:7.315482
2025-04-23 21:21:51,488 INFO: Test Loss: 0.001661 PSNR:39.625866 SAM:7.081143 SSIM:0.973236 ERGAS:2.418524
2025-04-23 21:21:51,488 INFO: Epoch [30/300]    Learning rate:0.0004
2025-04-23 21:21:58,763 INFO: Train Loss: 0.001860 PSNR:39.238586 SAM:8.357078 SSIM:0.965022 ERGAS:2.623974
2025-04-23 21:22:01,171 INFO: Test Loss: 0.001845 PSNR:38.767799 SAM:7.639877 SSIM:0.969081 ERGAS:2.233826
2025-04-23 21:22:01,171 INFO: Epoch [31/300]    Learning rate:0.0004
2025-04-23 21:22:08,460 INFO: Train Loss: 0.002054 PSNR:38.581242 SAM:10.873033 SSIM:0.949937 ERGAS:20.239008
2025-04-23 21:22:10,868 INFO: Test Loss: 0.001651 PSNR:39.013630 SAM:8.386848 SSIM:0.959995 ERGAS:4.823708
2025-04-23 21:22:10,868 INFO: Epoch [32/300]    Learning rate:0.0004
2025-04-23 21:22:18,044 INFO: Train Loss: 0.002019 PSNR:38.617451 SAM:11.207578 SSIM:0.952604 ERGAS:4.305549
2025-04-23 21:22:20,428 INFO: Test Loss: 0.001542 PSNR:39.754581 SAM:7.824018 SSIM:0.970939 ERGAS:2.594595
2025-04-23 21:22:20,428 INFO: Epoch [33/300]    Learning rate:0.0004
2025-04-23 21:22:27,522 INFO: Train Loss: 0.001566 PSNR:40.082798 SAM:8.627110 SSIM:0.968659 ERGAS:4.510296
2025-04-23 21:22:29,919 INFO: Test Loss: 0.001553 PSNR:40.112579 SAM:7.011519 SSIM:0.973666 ERGAS:2.058704
2025-04-23 21:22:29,930 INFO: Epoch [34/300]    Learning rate:0.0004
2025-04-23 21:22:37,315 INFO: Train Loss: 0.001663 PSNR:40.869503 SAM:10.974124 SSIM:0.959690 ERGAS:16.229525
2025-04-23 21:22:39,704 INFO: Test Loss: 0.001505 PSNR:39.629650 SAM:8.125129 SSIM:0.969462 ERGAS:2.774719
2025-04-23 21:22:39,704 INFO: Epoch [35/300]    Learning rate:0.0004
2025-04-23 21:22:47,196 INFO: Train Loss: 0.001495 PSNR:40.458008 SAM:7.467865 SSIM:0.970854 ERGAS:24.855350
2025-04-23 21:22:49,589 INFO: Test Loss: 0.001522 PSNR:40.554596 SAM:7.033220 SSIM:0.978140 ERGAS:2.133600
2025-04-23 21:22:49,589 INFO: Epoch [36/300]    Learning rate:0.0004
2025-04-23 21:22:57,001 INFO: Train Loss: 0.001493 PSNR:42.043594 SAM:10.131897 SSIM:0.968750 ERGAS:37.627529
2025-04-23 21:22:59,413 INFO: Test Loss: 0.001370 PSNR:40.860786 SAM:7.067252 SSIM:0.975759 ERGAS:2.860501
2025-04-23 21:22:59,413 INFO: Epoch [37/300]    Learning rate:0.0004
2025-04-23 21:23:06,994 INFO: Train Loss: 0.001403 PSNR:42.823040 SAM:9.248579 SSIM:0.975688 ERGAS:28.511993
2025-04-23 21:23:09,409 INFO: Test Loss: 0.001387 PSNR:40.706467 SAM:7.026223 SSIM:0.973552 ERGAS:3.740988
2025-04-23 21:23:09,409 INFO: Epoch [38/300]    Learning rate:0.0004
2025-04-23 21:23:16,692 INFO: Train Loss: 0.001554 PSNR:40.545055 SAM:9.100583 SSIM:0.966083 ERGAS:3.480741
2025-04-23 21:23:19,102 INFO: Test Loss: 0.001685 PSNR:39.979561 SAM:7.825688 SSIM:0.971233 ERGAS:2.905181
2025-04-23 21:23:19,102 INFO: Epoch [39/300]    Learning rate:0.0004
2025-04-23 21:23:26,239 INFO: Train Loss: 0.001873 PSNR:40.826553 SAM:12.952561 SSIM:0.957128 ERGAS:9.794602
2025-04-23 21:23:28,633 INFO: Test Loss: 0.002867 PSNR:37.019875 SAM:8.818077 SSIM:0.955040 ERGAS:2.672229
2025-04-23 21:23:28,633 INFO: Epoch [40/300]    Learning rate:0.0004
2025-04-23 21:23:36,179 INFO: Train Loss: 0.002181 PSNR:37.887665 SAM:13.637772 SSIM:0.930312 ERGAS:19.840588
2025-04-23 21:23:38,565 INFO: Test Loss: 0.001412 PSNR:39.164127 SAM:9.848755 SSIM:0.954299 ERGAS:18.838081
2025-04-23 21:23:38,566 INFO: Epoch [41/300]    Learning rate:0.0004
2025-04-23 21:23:46,364 INFO: Train Loss: 0.001362 PSNR:40.111023 SAM:9.329322 SSIM:0.970876 ERGAS:4.203358
2025-04-23 21:23:48,824 INFO: Test Loss: 0.001252 PSNR:41.333836 SAM:6.342847 SSIM:0.980656 ERGAS:1.946705
2025-04-23 21:23:48,824 INFO: Epoch [42/300]    Learning rate:0.0004
2025-04-23 21:23:56,398 INFO: Train Loss: 0.001342 PSNR:42.620346 SAM:9.567413 SSIM:0.975574 ERGAS:18.391937
2025-04-23 21:23:58,831 INFO: Test Loss: 0.001979 PSNR:37.924053 SAM:9.836318 SSIM:0.963919 ERGAS:6.969448
2025-04-23 21:23:58,831 INFO: Epoch [43/300]    Learning rate:0.0004
2025-04-23 21:24:06,105 INFO: Train Loss: 0.001783 PSNR:39.403488 SAM:10.700836 SSIM:0.956331 ERGAS:20.916082
2025-04-23 21:24:08,502 INFO: Test Loss: 0.001392 PSNR:39.689976 SAM:7.864851 SSIM:0.970809 ERGAS:2.603131
2025-04-23 21:24:08,502 INFO: Epoch [44/300]    Learning rate:0.0004
2025-04-23 21:24:15,863 INFO: Train Loss: 0.001313 PSNR:41.570477 SAM:9.402917 SSIM:0.971409 ERGAS:12.646665
2025-04-23 21:24:18,246 INFO: Test Loss: 0.001320 PSNR:40.455627 SAM:7.931603 SSIM:0.970296 ERGAS:3.874834
2025-04-23 21:24:18,247 INFO: Epoch [45/300]    Learning rate:0.0004
2025-04-23 21:24:25,479 INFO: Train Loss: 0.001333 PSNR:41.068645 SAM:9.567007 SSIM:0.964639 ERGAS:7.987968
2025-04-23 21:24:27,890 INFO: Test Loss: 0.001269 PSNR:40.223110 SAM:8.095748 SSIM:0.968667 ERGAS:10.999232
2025-04-23 21:24:27,890 INFO: Epoch [46/300]    Learning rate:0.0004
2025-04-23 21:24:35,055 INFO: Train Loss: 0.001413 PSNR:40.394707 SAM:8.952717 SSIM:0.967262 ERGAS:4.399302
2025-04-23 21:24:37,467 INFO: Test Loss: 0.001354 PSNR:39.874939 SAM:8.116022 SSIM:0.974217 ERGAS:6.473719
2025-04-23 21:24:37,467 INFO: Epoch [47/300]    Learning rate:0.0004
2025-04-23 21:24:44,598 INFO: Train Loss: 0.001215 PSNR:41.684513 SAM:9.636114 SSIM:0.968089 ERGAS:38.481693
2025-04-23 21:24:46,984 INFO: Test Loss: 0.001180 PSNR:41.872044 SAM:5.950885 SSIM:0.982735 ERGAS:1.820349
2025-04-23 21:24:46,984 INFO: Epoch [48/300]    Learning rate:0.0004
2025-04-23 21:24:54,534 INFO: Train Loss: 0.001127 PSNR:42.149002 SAM:7.278170 SSIM:0.979147 ERGAS:50.684563
2025-04-23 21:24:56,918 INFO: Test Loss: 0.001138 PSNR:41.828991 SAM:6.235673 SSIM:0.981324 ERGAS:2.166657
2025-04-23 21:24:56,918 INFO: Epoch [49/300]    Learning rate:0.0004
2025-04-23 21:25:04,427 INFO: Train Loss: 0.001507 PSNR:39.088943 SAM:8.510407 SSIM:0.963477 ERGAS:3.059827
2025-04-23 21:25:06,808 INFO: Test Loss: 0.001448 PSNR:38.969379 SAM:8.961352 SSIM:0.966623 ERGAS:4.400776
2025-04-23 21:25:06,808 INFO: Epoch [50/300]    Learning rate:0.0004
2025-04-23 21:25:14,328 INFO: Train Loss: 0.001226 PSNR:41.813465 SAM:11.391616 SSIM:0.967260 ERGAS:8.605231
2025-04-23 21:25:16,719 INFO: Test Loss: 0.001531 PSNR:39.378117 SAM:6.887504 SSIM:0.976766 ERGAS:2.315058
2025-04-23 21:25:16,739 INFO: Model saved to ./GuidedNet/saved_models/model_epoch_50.pth
2025-04-23 21:25:16,739 INFO: Learning rate updated to 0.0002
2025-04-23 21:25:16,739 INFO: Epoch [51/300]    Learning rate:0.0002
2025-04-23 21:25:24,266 INFO: Train Loss: 0.001055 PSNR:42.700508 SAM:7.422807 SSIM:0.980131 ERGAS:4.157991
2025-04-23 21:25:26,711 INFO: Test Loss: 0.001076 PSNR:42.715199 SAM:5.301413 SSIM:0.984753 ERGAS:1.640447
2025-04-23 21:25:26,711 INFO: Epoch [52/300]    Learning rate:0.0002
2025-04-23 21:25:34,029 INFO: Train Loss: 0.000968 PSNR:43.641937 SAM:6.075303 SSIM:0.984435 ERGAS:1.978320
2025-04-23 21:25:36,433 INFO: Test Loss: 0.001067 PSNR:42.918434 SAM:5.184555 SSIM:0.985236 ERGAS:1.617205
2025-04-23 21:25:36,433 INFO: Epoch [53/300]    Learning rate:0.0002
2025-04-23 21:25:43,866 INFO: Train Loss: 0.000956 PSNR:43.892151 SAM:6.060657 SSIM:0.985709 ERGAS:1.950687
2025-04-23 21:25:46,252 INFO: Test Loss: 0.001052 PSNR:42.891773 SAM:5.144848 SSIM:0.985242 ERGAS:1.582325
2025-04-23 21:25:46,252 INFO: Epoch [54/300]    Learning rate:0.0002
2025-04-23 21:25:53,666 INFO: Train Loss: 0.000945 PSNR:45.467609 SAM:5.636267 SSIM:0.987485 ERGAS:1.713281
2025-04-23 21:25:56,019 INFO: Test Loss: 0.001056 PSNR:42.808300 SAM:5.291042 SSIM:0.985155 ERGAS:1.615098
2025-04-23 21:25:56,019 INFO: Epoch [55/300]    Learning rate:0.0002
2025-04-23 21:26:03,958 INFO: Train Loss: 0.000937 PSNR:43.305046 SAM:5.664887 SSIM:0.984350 ERGAS:2.286219
2025-04-23 21:26:06,374 INFO: Test Loss: 0.001057 PSNR:42.813004 SAM:5.217543 SSIM:0.985209 ERGAS:1.583750
2025-04-23 21:26:06,374 INFO: Epoch [56/300]    Learning rate:0.0002
2025-04-23 21:26:13,992 INFO: Train Loss: 0.000925 PSNR:44.483959 SAM:6.771058 SSIM:0.984219 ERGAS:4.925416
2025-04-23 21:26:16,385 INFO: Test Loss: 0.001058 PSNR:42.725914 SAM:5.609972 SSIM:0.985156 ERGAS:1.625234
2025-04-23 21:26:16,385 INFO: Epoch [57/300]    Learning rate:0.0002
2025-04-23 21:26:23,533 INFO: Train Loss: 0.000952 PSNR:43.797394 SAM:6.069700 SSIM:0.984527 ERGAS:2.057957
2025-04-23 21:26:25,924 INFO: Test Loss: 0.001031 PSNR:42.980927 SAM:5.212590 SSIM:0.985555 ERGAS:1.592768
2025-04-23 21:26:25,924 INFO: Epoch [58/300]    Learning rate:0.0002
2025-04-23 21:26:33,122 INFO: Train Loss: 0.000915 PSNR:44.272942 SAM:6.034324 SSIM:0.985412 ERGAS:2.425853
2025-04-23 21:26:35,539 INFO: Test Loss: 0.001037 PSNR:43.084774 SAM:5.011236 SSIM:0.985704 ERGAS:1.583339
2025-04-23 21:26:35,539 INFO: Epoch [59/300]    Learning rate:0.0002
2025-04-23 21:26:43,006 INFO: Train Loss: 0.000903 PSNR:43.528942 SAM:5.754196 SSIM:0.985578 ERGAS:2.688408
2025-04-23 21:26:45,403 INFO: Test Loss: 0.001034 PSNR:43.152027 SAM:5.033003 SSIM:0.985850 ERGAS:1.569499
2025-04-23 21:26:45,403 INFO: Epoch [60/300]    Learning rate:0.0002
2025-04-23 21:26:52,668 INFO: Train Loss: 0.000915 PSNR:44.404343 SAM:6.424281 SSIM:0.984829 ERGAS:3.096152
2025-04-23 21:26:55,057 INFO: Test Loss: 0.001023 PSNR:42.756126 SAM:5.536042 SSIM:0.984688 ERGAS:1.671368
2025-04-23 21:26:55,057 INFO: Epoch [61/300]    Learning rate:0.0002
2025-04-23 21:27:02,383 INFO: Train Loss: 0.000907 PSNR:43.774635 SAM:5.991511 SSIM:0.985715 ERGAS:2.049248
2025-04-23 21:27:04,775 INFO: Test Loss: 0.001069 PSNR:42.548298 SAM:5.664984 SSIM:0.984450 ERGAS:1.673728
2025-04-23 21:27:04,775 INFO: Epoch [62/300]    Learning rate:0.0002
2025-04-23 21:27:12,296 INFO: Train Loss: 0.001024 PSNR:43.762512 SAM:7.691554 SSIM:0.982138 ERGAS:5.066058
2025-04-23 21:27:14,694 INFO: Test Loss: 0.001103 PSNR:41.981419 SAM:6.166278 SSIM:0.982180 ERGAS:1.670465
2025-04-23 21:27:14,694 INFO: Epoch [63/300]    Learning rate:0.0002
2025-04-23 21:27:22,155 INFO: Train Loss: 0.000955 PSNR:43.505722 SAM:7.446192 SSIM:0.978526 ERGAS:3.648499
2025-04-23 21:27:24,555 INFO: Test Loss: 0.001049 PSNR:42.923565 SAM:5.450348 SSIM:0.984354 ERGAS:1.867665
2025-04-23 21:27:24,555 INFO: Epoch [64/300]    Learning rate:0.0002
2025-04-23 21:27:31,669 INFO: Train Loss: 0.000909 PSNR:43.566418 SAM:6.736869 SSIM:0.982081 ERGAS:2.080466
2025-04-23 21:27:34,072 INFO: Test Loss: 0.001028 PSNR:42.559658 SAM:5.319518 SSIM:0.984818 ERGAS:1.732303
2025-04-23 21:27:34,072 INFO: Epoch [65/300]    Learning rate:0.0002
2025-04-23 21:27:41,782 INFO: Train Loss: 0.000919 PSNR:43.569229 SAM:6.659341 SSIM:0.983405 ERGAS:2.130757
2025-04-23 21:27:44,185 INFO: Test Loss: 0.001047 PSNR:42.449268 SAM:5.314102 SSIM:0.982748 ERGAS:1.640134
2025-04-23 21:27:44,185 INFO: Epoch [66/300]    Learning rate:0.0002
2025-04-23 21:27:51,776 INFO: Train Loss: 0.000862 PSNR:44.584278 SAM:6.460084 SSIM:0.985472 ERGAS:2.024034
2025-04-23 21:27:54,180 INFO: Test Loss: 0.001013 PSNR:43.158901 SAM:5.142136 SSIM:0.986119 ERGAS:1.539920
2025-04-23 21:27:54,180 INFO: Epoch [67/300]    Learning rate:0.0002
2025-04-23 21:28:01,718 INFO: Train Loss: 0.000869 PSNR:43.342735 SAM:6.212069 SSIM:0.984261 ERGAS:3.583510
2025-04-23 21:28:04,128 INFO: Test Loss: 0.001003 PSNR:42.913013 SAM:5.202217 SSIM:0.984735 ERGAS:1.641661
2025-04-23 21:28:04,128 INFO: Epoch [68/300]    Learning rate:0.0002
2025-04-23 21:28:11,619 INFO: Train Loss: 0.000896 PSNR:43.440746 SAM:7.526181 SSIM:0.981762 ERGAS:4.728125
2025-04-23 21:28:14,024 INFO: Test Loss: 0.001081 PSNR:41.794014 SAM:5.664058 SSIM:0.982858 ERGAS:1.642215
2025-04-23 21:28:14,024 INFO: Epoch [69/300]    Learning rate:0.0002
2025-04-23 21:28:21,635 INFO: Train Loss: 0.000890 PSNR:44.164124 SAM:7.054638 SSIM:0.983574 ERGAS:34.213871
2025-04-23 21:28:24,032 INFO: Test Loss: 0.001170 PSNR:41.768929 SAM:5.839167 SSIM:0.980294 ERGAS:1.823283
2025-04-23 21:28:24,032 INFO: Epoch [70/300]    Learning rate:0.0002
2025-04-23 21:28:31,369 INFO: Train Loss: 0.000992 PSNR:42.295284 SAM:6.900543 SSIM:0.976923 ERGAS:3.232150
2025-04-23 21:28:33,750 INFO: Test Loss: 0.001015 PSNR:42.488003 SAM:5.884610 SSIM:0.984121 ERGAS:1.828246
2025-04-23 21:28:33,750 INFO: Epoch [71/300]    Learning rate:0.0002
2025-04-23 21:28:41,262 INFO: Train Loss: 0.000858 PSNR:42.586189 SAM:6.265943 SSIM:0.981185 ERGAS:1.763261
2025-04-23 21:28:43,670 INFO: Test Loss: 0.000999 PSNR:42.702740 SAM:5.715347 SSIM:0.983838 ERGAS:1.879152
2025-04-23 21:28:43,670 INFO: Epoch [72/300]    Learning rate:0.0002
2025-04-23 21:28:51,052 INFO: Train Loss: 0.000842 PSNR:43.934212 SAM:6.420929 SSIM:0.985216 ERGAS:1.961344
2025-04-23 21:28:53,450 INFO: Test Loss: 0.001201 PSNR:40.290646 SAM:7.071596 SSIM:0.978484 ERGAS:2.418754
2025-04-23 21:28:53,450 INFO: Epoch [73/300]    Learning rate:0.0002
2025-04-23 21:29:01,068 INFO: Train Loss: 0.000956 PSNR:41.990768 SAM:7.589062 SSIM:0.970784 ERGAS:8.309847
2025-04-23 21:29:03,477 INFO: Test Loss: 0.001010 PSNR:42.421684 SAM:6.192831 SSIM:0.981920 ERGAS:3.728189
2025-04-23 21:29:03,477 INFO: Epoch [74/300]    Learning rate:0.0002
2025-04-23 21:29:11,015 INFO: Train Loss: 0.000856 PSNR:43.336826 SAM:6.164761 SSIM:0.981502 ERGAS:2.025608
2025-04-23 21:29:13,426 INFO: Test Loss: 0.000979 PSNR:42.881130 SAM:5.179727 SSIM:0.984912 ERGAS:1.718789
2025-04-23 21:29:13,426 INFO: Epoch [75/300]    Learning rate:0.0002
2025-04-23 21:29:20,534 INFO: Train Loss: 0.000893 PSNR:43.957806 SAM:7.295570 SSIM:0.978623 ERGAS:71.028343
2025-04-23 21:29:22,944 INFO: Test Loss: 0.000993 PSNR:42.780891 SAM:5.656400 SSIM:0.985401 ERGAS:1.686479
2025-04-23 21:29:22,944 INFO: Epoch [76/300]    Learning rate:0.0002
2025-04-23 21:29:30,464 INFO: Train Loss: 0.000819 PSNR:43.186951 SAM:6.522635 SSIM:0.980154 ERGAS:24.245815
2025-04-23 21:29:32,869 INFO: Test Loss: 0.000962 PSNR:43.106792 SAM:5.350692 SSIM:0.985474 ERGAS:1.743399
2025-04-23 21:29:32,870 INFO: Epoch [77/300]    Learning rate:0.0002
2025-04-23 21:29:40,239 INFO: Train Loss: 0.000802 PSNR:44.917332 SAM:6.740863 SSIM:0.983922 ERGAS:2.509723
2025-04-23 21:29:42,674 INFO: Test Loss: 0.000935 PSNR:43.488171 SAM:5.013216 SSIM:0.986995 ERGAS:1.481277
2025-04-23 21:29:42,674 INFO: Epoch [78/300]    Learning rate:0.0002
2025-04-23 21:29:50,258 INFO: Train Loss: 0.000804 PSNR:44.241531 SAM:5.407565 SSIM:0.985837 ERGAS:14.590071
2025-04-23 21:29:52,654 INFO: Test Loss: 0.000962 PSNR:43.325363 SAM:5.221960 SSIM:0.986021 ERGAS:1.627552
2025-04-23 21:29:52,654 INFO: Epoch [79/300]    Learning rate:0.0002
2025-04-23 21:30:00,041 INFO: Train Loss: 0.001205 PSNR:41.314690 SAM:10.636260 SSIM:0.967846 ERGAS:8.995930
2025-04-23 21:30:02,427 INFO: Test Loss: 0.001219 PSNR:40.090599 SAM:7.110861 SSIM:0.973497 ERGAS:3.281782
2025-04-23 21:30:02,427 INFO: Epoch [80/300]    Learning rate:0.0002
2025-04-23 21:30:09,613 INFO: Train Loss: 0.001046 PSNR:42.111561 SAM:8.471853 SSIM:0.972107 ERGAS:6.109200
2025-04-23 21:30:12,012 INFO: Test Loss: 0.001026 PSNR:41.998333 SAM:6.401231 SSIM:0.980771 ERGAS:2.158728
2025-04-23 21:30:12,012 INFO: Epoch [81/300]    Learning rate:0.0002
2025-04-23 21:30:19,250 INFO: Train Loss: 0.000804 PSNR:43.364788 SAM:7.036850 SSIM:0.983674 ERGAS:20.306767
2025-04-23 21:30:21,659 INFO: Test Loss: 0.000937 PSNR:43.513821 SAM:4.996434 SSIM:0.987120 ERGAS:1.526536
2025-04-23 21:30:21,659 INFO: Epoch [82/300]    Learning rate:0.0002
2025-04-23 21:30:29,060 INFO: Train Loss: 0.000743 PSNR:44.811733 SAM:6.536093 SSIM:0.986879 ERGAS:2.292049
2025-04-23 21:30:31,528 INFO: Test Loss: 0.000915 PSNR:43.547146 SAM:4.926852 SSIM:0.987552 ERGAS:1.496295
2025-04-23 21:30:31,528 INFO: Epoch [83/300]    Learning rate:0.0002
2025-04-23 21:30:38,948 INFO: Train Loss: 0.000769 PSNR:44.728558 SAM:5.788633 SSIM:0.987094 ERGAS:2.819439
2025-04-23 21:30:41,357 INFO: Test Loss: 0.000942 PSNR:43.590488 SAM:5.004382 SSIM:0.986924 ERGAS:1.600104
2025-04-23 21:30:41,358 INFO: Epoch [84/300]    Learning rate:0.0002
2025-04-23 21:30:48,681 INFO: Train Loss: 0.000812 PSNR:44.919189 SAM:6.225907 SSIM:0.986045 ERGAS:2.010852
2025-04-23 21:30:51,072 INFO: Test Loss: 0.000966 PSNR:42.967541 SAM:5.287074 SSIM:0.986471 ERGAS:1.659507
2025-04-23 21:30:51,072 INFO: Epoch [85/300]    Learning rate:0.0002
2025-04-23 21:30:58,353 INFO: Train Loss: 0.000864 PSNR:43.941315 SAM:8.416282 SSIM:0.978756 ERGAS:5.371002
2025-04-23 21:31:00,735 INFO: Test Loss: 0.000937 PSNR:42.624828 SAM:5.617382 SSIM:0.982872 ERGAS:1.643296
2025-04-23 21:31:00,735 INFO: Epoch [86/300]    Learning rate:0.0002
2025-04-23 21:31:08,109 INFO: Train Loss: 0.000841 PSNR:43.814766 SAM:6.743371 SSIM:0.980656 ERGAS:4.552524
2025-04-23 21:31:10,500 INFO: Test Loss: 0.001054 PSNR:41.480484 SAM:5.200179 SSIM:0.982231 ERGAS:1.692395
2025-04-23 21:31:10,500 INFO: Epoch [87/300]    Learning rate:0.0002
2025-04-23 21:31:17,738 INFO: Train Loss: 0.000953 PSNR:42.591873 SAM:7.550899 SSIM:0.969734 ERGAS:4.386515
2025-04-23 21:31:20,141 INFO: Test Loss: 0.000948 PSNR:42.781097 SAM:5.781862 SSIM:0.984543 ERGAS:1.914638
2025-04-23 21:31:20,142 INFO: Epoch [88/300]    Learning rate:0.0002
2025-04-23 21:31:27,297 INFO: Train Loss: 0.000807 PSNR:44.019558 SAM:6.400232 SSIM:0.983900 ERGAS:2.424164
2025-04-23 21:31:29,641 INFO: Test Loss: 0.001037 PSNR:42.565151 SAM:5.691761 SSIM:0.984693 ERGAS:1.698094
2025-04-23 21:31:29,641 INFO: Epoch [89/300]    Learning rate:0.0002
2025-04-23 21:31:37,013 INFO: Train Loss: 0.000769 PSNR:45.193241 SAM:7.733045 SSIM:0.984625 ERGAS:8.799971
2025-04-23 21:31:39,398 INFO: Test Loss: 0.000973 PSNR:43.117344 SAM:5.042525 SSIM:0.986999 ERGAS:1.535193
2025-04-23 21:31:39,398 INFO: Epoch [90/300]    Learning rate:0.0002
2025-04-23 21:31:46,697 INFO: Train Loss: 0.000751 PSNR:44.984634 SAM:6.338184 SSIM:0.985899 ERGAS:3.764360
2025-04-23 21:31:49,080 INFO: Test Loss: 0.000906 PSNR:43.604015 SAM:4.741356 SSIM:0.987781 ERGAS:1.461210
2025-04-23 21:31:49,080 INFO: Epoch [91/300]    Learning rate:0.0002
2025-04-23 21:31:56,373 INFO: Train Loss: 0.000696 PSNR:44.403469 SAM:6.488785 SSIM:0.986717 ERGAS:3.303946
2025-04-23 21:31:58,762 INFO: Test Loss: 0.000880 PSNR:43.836563 SAM:4.982348 SSIM:0.987888 ERGAS:1.411858
2025-04-23 21:31:58,762 INFO: Epoch [92/300]    Learning rate:0.0002
2025-04-23 21:32:05,993 INFO: Train Loss: 0.000682 PSNR:44.256783 SAM:6.694654 SSIM:0.986635 ERGAS:3.117033
2025-04-23 21:32:08,339 INFO: Test Loss: 0.000887 PSNR:43.830383 SAM:4.819804 SSIM:0.987909 ERGAS:1.446854
2025-04-23 21:32:08,340 INFO: Epoch [93/300]    Learning rate:0.0002
2025-04-23 21:32:15,667 INFO: Train Loss: 0.000701 PSNR:44.866547 SAM:6.152637 SSIM:0.985692 ERGAS:2.911886
2025-04-23 21:32:18,073 INFO: Test Loss: 0.000994 PSNR:42.396053 SAM:5.812207 SSIM:0.984765 ERGAS:2.370134
2025-04-23 21:32:18,073 INFO: Epoch [94/300]    Learning rate:0.0002
2025-04-23 21:32:25,170 INFO: Train Loss: 0.000952 PSNR:41.196274 SAM:8.395502 SSIM:0.974146 ERGAS:5.610547
2025-04-23 21:32:27,571 INFO: Test Loss: 0.001006 PSNR:41.474178 SAM:6.410139 SSIM:0.981500 ERGAS:1.978599
2025-04-23 21:32:27,572 INFO: Epoch [95/300]    Learning rate:0.0002
2025-04-23 21:32:34,862 INFO: Train Loss: 0.000735 PSNR:44.340794 SAM:6.235149 SSIM:0.984959 ERGAS:2.053288
2025-04-23 21:32:37,281 INFO: Test Loss: 0.000902 PSNR:43.595520 SAM:5.233027 SSIM:0.986878 ERGAS:1.684898
2025-04-23 21:32:37,282 INFO: Epoch [96/300]    Learning rate:0.0002
2025-04-23 21:32:44,501 INFO: Train Loss: 0.000705 PSNR:44.415962 SAM:6.688885 SSIM:0.984741 ERGAS:10.488220
2025-04-23 21:32:46,899 INFO: Test Loss: 0.000868 PSNR:43.932140 SAM:4.620301 SSIM:0.988305 ERGAS:1.398951
2025-04-23 21:32:46,899 INFO: Epoch [97/300]    Learning rate:0.0002
2025-04-23 21:32:54,232 INFO: Train Loss: 0.000680 PSNR:44.009457 SAM:6.155135 SSIM:0.986188 ERGAS:3.947243
2025-04-23 21:32:56,626 INFO: Test Loss: 0.000864 PSNR:43.719212 SAM:5.187375 SSIM:0.987053 ERGAS:1.563150
2025-04-23 21:32:56,626 INFO: Epoch [98/300]    Learning rate:0.0002
2025-04-23 21:33:03,891 INFO: Train Loss: 0.000751 PSNR:44.772423 SAM:7.392588 SSIM:0.979562 ERGAS:5.158669
2025-04-23 21:33:06,305 INFO: Test Loss: 0.001228 PSNR:40.013115 SAM:7.688089 SSIM:0.975219 ERGAS:3.524235
2025-04-23 21:33:06,305 INFO: Epoch [99/300]    Learning rate:0.0002
2025-04-23 21:33:13,882 INFO: Train Loss: 0.000899 PSNR:41.914677 SAM:8.816850 SSIM:0.972519 ERGAS:7.847426
2025-04-23 21:33:16,284 INFO: Test Loss: 0.000914 PSNR:43.386986 SAM:5.195624 SSIM:0.986330 ERGAS:1.575671
2025-04-23 21:33:16,284 INFO: Epoch [100/300]    Learning rate:0.0002
2025-04-23 21:33:23,529 INFO: Train Loss: 0.000674 PSNR:44.894066 SAM:6.098316 SSIM:0.986690 ERGAS:2.244371
2025-04-23 21:33:25,923 INFO: Test Loss: 0.000903 PSNR:43.832901 SAM:4.799592 SSIM:0.988150 ERGAS:1.431209
2025-04-23 21:33:25,970 INFO: Model saved to ./GuidedNet/saved_models/model_epoch_100.pth
2025-04-23 21:33:25,970 INFO: Learning rate updated to 0.0001
2025-04-23 21:33:25,970 INFO: Epoch [101/300]    Learning rate:0.0001
2025-04-23 21:33:33,145 INFO: Train Loss: 0.000648 PSNR:44.648872 SAM:5.278376 SSIM:0.988342 ERGAS:3.860393
2025-04-23 21:33:35,497 INFO: Test Loss: 0.000849 PSNR:44.371376 SAM:4.550923 SSIM:0.989095 ERGAS:1.401420
2025-04-23 21:33:35,497 INFO: Epoch [102/300]    Learning rate:0.0001
2025-04-23 21:33:42,570 INFO: Train Loss: 0.000607 PSNR:45.555378 SAM:4.723187 SSIM:0.988861 ERGAS:1.683900
2025-04-23 21:33:44,973 INFO: Test Loss: 0.000835 PSNR:44.653770 SAM:4.263061 SSIM:0.989720 ERGAS:1.310076
2025-04-23 21:33:44,974 INFO: Epoch [103/300]    Learning rate:0.0001
2025-04-23 21:33:52,322 INFO: Train Loss: 0.000605 PSNR:45.908489 SAM:4.488372 SSIM:0.989065 ERGAS:1.554878
2025-04-23 21:33:54,711 INFO: Test Loss: 0.000835 PSNR:44.428726 SAM:4.471552 SSIM:0.989216 ERGAS:1.384882
2025-04-23 21:33:54,711 INFO: Epoch [104/300]    Learning rate:0.0001
2025-04-23 21:34:01,945 INFO: Train Loss: 0.000599 PSNR:47.542442 SAM:5.228163 SSIM:0.991832 ERGAS:2.745816
2025-04-23 21:34:04,293 INFO: Test Loss: 0.000828 PSNR:44.627899 SAM:4.264345 SSIM:0.989583 ERGAS:1.318672
2025-04-23 21:34:04,294 INFO: Epoch [105/300]    Learning rate:0.0001
2025-04-23 21:34:11,690 INFO: Train Loss: 0.000596 PSNR:44.918659 SAM:4.493472 SSIM:0.989777 ERGAS:1.415197
2025-04-23 21:34:14,079 INFO: Test Loss: 0.000827 PSNR:44.559402 SAM:4.320467 SSIM:0.989462 ERGAS:1.324549
2025-04-23 21:34:14,079 INFO: Epoch [106/300]    Learning rate:0.0001
2025-04-23 21:34:21,146 INFO: Train Loss: 0.000593 PSNR:46.354668 SAM:4.635611 SSIM:0.991056 ERGAS:1.592630
2025-04-23 21:34:23,530 INFO: Test Loss: 0.000824 PSNR:44.616718 SAM:4.264097 SSIM:0.989659 ERGAS:1.320764
2025-04-23 21:34:23,530 INFO: Epoch [107/300]    Learning rate:0.0001
2025-04-23 21:34:30,890 INFO: Train Loss: 0.000592 PSNR:46.210789 SAM:4.716635 SSIM:0.988925 ERGAS:1.741436
2025-04-23 21:34:33,302 INFO: Test Loss: 0.000821 PSNR:44.711689 SAM:4.227094 SSIM:0.989816 ERGAS:1.302801
2025-04-23 21:34:33,303 INFO: Epoch [108/300]    Learning rate:0.0001
2025-04-23 21:34:40,634 INFO: Train Loss: 0.000594 PSNR:47.039627 SAM:5.201635 SSIM:0.991139 ERGAS:1.708485
2025-04-23 21:34:43,038 INFO: Test Loss: 0.000824 PSNR:44.676529 SAM:4.217063 SSIM:0.989776 ERGAS:1.306857
2025-04-23 21:34:43,038 INFO: Epoch [109/300]    Learning rate:0.0001
2025-04-23 21:34:50,543 INFO: Train Loss: 0.000594 PSNR:46.166348 SAM:4.993931 SSIM:0.990231 ERGAS:37.449139
2025-04-23 21:34:52,937 INFO: Test Loss: 0.000834 PSNR:44.515118 SAM:4.213020 SSIM:0.989564 ERGAS:1.312736
2025-04-23 21:34:52,937 INFO: Epoch [110/300]    Learning rate:0.0001
2025-04-23 21:35:00,181 INFO: Train Loss: 0.000597 PSNR:45.594341 SAM:4.774601 SSIM:0.990104 ERGAS:1.510004
2025-04-23 21:35:02,571 INFO: Test Loss: 0.000830 PSNR:44.289318 SAM:4.548644 SSIM:0.989072 ERGAS:1.341733
2025-04-23 21:35:02,571 INFO: Epoch [111/300]    Learning rate:0.0001
2025-04-23 21:35:09,826 INFO: Train Loss: 0.000612 PSNR:45.866539 SAM:5.330618 SSIM:0.987175 ERGAS:1.811325
2025-04-23 21:35:12,211 INFO: Test Loss: 0.000838 PSNR:44.257980 SAM:4.520788 SSIM:0.989216 ERGAS:1.412063
2025-04-23 21:35:12,211 INFO: Epoch [112/300]    Learning rate:0.0001
2025-04-23 21:35:19,354 INFO: Train Loss: 0.000593 PSNR:45.544353 SAM:5.261802 SSIM:0.989291 ERGAS:1.646545
2025-04-23 21:35:21,704 INFO: Test Loss: 0.000813 PSNR:44.400826 SAM:4.322513 SSIM:0.989295 ERGAS:1.307343
2025-04-23 21:35:21,704 INFO: Epoch [113/300]    Learning rate:0.0001
2025-04-23 21:35:28,974 INFO: Train Loss: 0.000581 PSNR:45.286949 SAM:5.397844 SSIM:0.987452 ERGAS:1.706688
2025-04-23 21:35:31,371 INFO: Test Loss: 0.000808 PSNR:44.482780 SAM:4.596276 SSIM:0.989580 ERGAS:1.305584
2025-04-23 21:35:31,372 INFO: Epoch [114/300]    Learning rate:0.0001
2025-04-23 21:35:38,443 INFO: Train Loss: 0.000577 PSNR:46.693756 SAM:4.310569 SSIM:0.991212 ERGAS:1.289187
2025-04-23 21:35:40,826 INFO: Test Loss: 0.000812 PSNR:44.654461 SAM:4.306896 SSIM:0.989821 ERGAS:1.314742
2025-04-23 21:35:40,826 INFO: Epoch [115/300]    Learning rate:0.0001
2025-04-23 21:35:48,215 INFO: Train Loss: 0.000582 PSNR:45.719780 SAM:4.886155 SSIM:0.988791 ERGAS:1.734721
2025-04-23 21:35:50,618 INFO: Test Loss: 0.000868 PSNR:43.711651 SAM:4.899389 SSIM:0.987352 ERGAS:1.437460
2025-04-23 21:35:50,618 INFO: Epoch [116/300]    Learning rate:0.0001
2025-04-23 21:35:57,723 INFO: Train Loss: 0.000603 PSNR:44.171391 SAM:5.310410 SSIM:0.985203 ERGAS:2.653649
2025-04-23 21:36:00,123 INFO: Test Loss: 0.000808 PSNR:44.669964 SAM:4.202307 SSIM:0.989832 ERGAS:1.293473
2025-04-23 21:36:00,123 INFO: Epoch [117/300]    Learning rate:0.0001
2025-04-23 21:36:07,439 INFO: Train Loss: 0.000570 PSNR:47.313637 SAM:4.735287 SSIM:0.991400 ERGAS:1.749344
2025-04-23 21:36:09,823 INFO: Test Loss: 0.000813 PSNR:44.474804 SAM:4.602721 SSIM:0.989030 ERGAS:1.504977
2025-04-23 21:36:09,823 INFO: Epoch [118/300]    Learning rate:0.0001
2025-04-23 21:36:17,027 INFO: Train Loss: 0.000590 PSNR:45.169788 SAM:5.728378 SSIM:0.986230 ERGAS:1.998168
2025-04-23 21:36:19,433 INFO: Test Loss: 0.000824 PSNR:43.891609 SAM:4.951964 SSIM:0.987604 ERGAS:1.689728
2025-04-23 21:36:19,433 INFO: Epoch [119/300]    Learning rate:0.0001
2025-04-23 21:36:26,495 INFO: Train Loss: 0.000605 PSNR:44.950520 SAM:4.820466 SSIM:0.987684 ERGAS:1.660432
2025-04-23 21:36:28,895 INFO: Test Loss: 0.000814 PSNR:44.408039 SAM:4.748447 SSIM:0.988286 ERGAS:1.528019
2025-04-23 21:36:28,895 INFO: Epoch [120/300]    Learning rate:0.0001
2025-04-23 21:36:36,072 INFO: Train Loss: 0.000577 PSNR:45.176929 SAM:5.986049 SSIM:0.986662 ERGAS:1.935098
2025-04-23 21:36:38,467 INFO: Test Loss: 0.000834 PSNR:43.963802 SAM:4.463431 SSIM:0.989599 ERGAS:1.377229
2025-04-23 21:36:38,467 INFO: Epoch [121/300]    Learning rate:0.0001
2025-04-23 21:36:45,634 INFO: Train Loss: 0.000579 PSNR:45.374760 SAM:5.856001 SSIM:0.988571 ERGAS:1.888928
2025-04-23 21:36:48,042 INFO: Test Loss: 0.000809 PSNR:44.360928 SAM:4.307745 SSIM:0.989309 ERGAS:1.311314
2025-04-23 21:36:48,042 INFO: Epoch [122/300]    Learning rate:0.0001
2025-04-23 21:36:55,092 INFO: Train Loss: 0.000571 PSNR:46.058777 SAM:5.797292 SSIM:0.989495 ERGAS:2.082008
2025-04-23 21:36:57,490 INFO: Test Loss: 0.000803 PSNR:44.513733 SAM:4.569777 SSIM:0.989211 ERGAS:1.393820
2025-04-23 21:36:57,490 INFO: Epoch [123/300]    Learning rate:0.0001
2025-04-23 21:37:04,840 INFO: Train Loss: 0.000693 PSNR:45.289089 SAM:5.907579 SSIM:0.984076 ERGAS:2.882305
2025-04-23 21:37:07,229 INFO: Test Loss: 0.000881 PSNR:42.859493 SAM:5.384641 SSIM:0.983114 ERGAS:1.582415
2025-04-23 21:37:07,229 INFO: Epoch [124/300]    Learning rate:0.0001
2025-04-23 21:37:14,346 INFO: Train Loss: 0.000602 PSNR:45.211121 SAM:6.551994 SSIM:0.986240 ERGAS:4.408373
2025-04-23 21:37:16,741 INFO: Test Loss: 0.000798 PSNR:44.693298 SAM:4.175453 SSIM:0.990106 ERGAS:1.328125
2025-04-23 21:37:16,741 INFO: Epoch [125/300]    Learning rate:0.0001
2025-04-23 21:37:23,828 INFO: Train Loss: 0.000547 PSNR:47.560608 SAM:5.347542 SSIM:0.991192 ERGAS:1.843666
2025-04-23 21:37:26,225 INFO: Test Loss: 0.000797 PSNR:44.630474 SAM:4.348454 SSIM:0.989730 ERGAS:1.321078
2025-04-23 21:37:26,225 INFO: Epoch [126/300]    Learning rate:0.0001
2025-04-23 21:37:33,410 INFO: Train Loss: 0.000545 PSNR:46.603256 SAM:4.879470 SSIM:0.989926 ERGAS:1.526079
2025-04-23 21:37:35,801 INFO: Test Loss: 0.000788 PSNR:44.983566 SAM:4.121359 SSIM:0.990232 ERGAS:1.258841
2025-04-23 21:37:35,801 INFO: Epoch [127/300]    Learning rate:0.0001
2025-04-23 21:37:42,873 INFO: Train Loss: 0.000552 PSNR:46.406971 SAM:5.720502 SSIM:0.990629 ERGAS:2.174477
2025-04-23 21:37:45,273 INFO: Test Loss: 0.000791 PSNR:44.702965 SAM:4.469548 SSIM:0.990010 ERGAS:1.310858
2025-04-23 21:37:45,273 INFO: Epoch [128/300]    Learning rate:0.0001
2025-04-23 21:37:52,512 INFO: Train Loss: 0.000548 PSNR:45.805534 SAM:4.990800 SSIM:0.990168 ERGAS:2.072321
2025-04-23 21:37:54,902 INFO: Test Loss: 0.001004 PSNR:43.980278 SAM:4.322146 SSIM:0.989784 ERGAS:1.397098
2025-04-23 21:37:54,902 INFO: Epoch [129/300]    Learning rate:0.0001
2025-04-23 21:38:02,046 INFO: Train Loss: 0.000584 PSNR:45.839649 SAM:5.930684 SSIM:0.987771 ERGAS:2.851869
2025-04-23 21:38:04,430 INFO: Test Loss: 0.000812 PSNR:44.064270 SAM:4.818751 SSIM:0.988581 ERGAS:1.491797
2025-04-23 21:38:04,430 INFO: Epoch [130/300]    Learning rate:0.0001
2025-04-23 21:38:11,489 INFO: Train Loss: 0.000559 PSNR:45.174469 SAM:4.612288 SSIM:0.988227 ERGAS:4.636620
2025-04-23 21:38:13,880 INFO: Test Loss: 0.000793 PSNR:44.893459 SAM:4.218027 SSIM:0.990053 ERGAS:1.299376
2025-04-23 21:38:13,880 INFO: Epoch [131/300]    Learning rate:0.0001
2025-04-23 21:38:21,195 INFO: Train Loss: 0.000538 PSNR:45.517532 SAM:5.015948 SSIM:0.988906 ERGAS:1.782827
2025-04-23 21:38:23,586 INFO: Test Loss: 0.000785 PSNR:44.874203 SAM:4.326609 SSIM:0.989884 ERGAS:1.330623
2025-04-23 21:38:23,586 INFO: Epoch [132/300]    Learning rate:0.0001
2025-04-23 21:38:30,629 INFO: Train Loss: 0.000544 PSNR:46.594669 SAM:4.464711 SSIM:0.990914 ERGAS:1.274343
2025-04-23 21:38:33,018 INFO: Test Loss: 0.000796 PSNR:44.538383 SAM:4.392996 SSIM:0.989452 ERGAS:1.294194
2025-04-23 21:38:33,018 INFO: Epoch [133/300]    Learning rate:0.0001
2025-04-23 21:38:40,327 INFO: Train Loss: 0.000540 PSNR:44.766304 SAM:4.243041 SSIM:0.989778 ERGAS:1.181835
2025-04-23 21:38:42,725 INFO: Test Loss: 0.000781 PSNR:44.753201 SAM:4.501923 SSIM:0.989680 ERGAS:1.440237
2025-04-23 21:38:42,725 INFO: Epoch [134/300]    Learning rate:0.0001
2025-04-23 21:38:50,110 INFO: Train Loss: 0.000552 PSNR:46.265217 SAM:5.671177 SSIM:0.989731 ERGAS:6.572381
2025-04-23 21:38:52,497 INFO: Test Loss: 0.000814 PSNR:43.911152 SAM:4.699196 SSIM:0.987867 ERGAS:1.616982
2025-04-23 21:38:52,498 INFO: Epoch [135/300]    Learning rate:0.0001
2025-04-23 21:38:59,624 INFO: Train Loss: 0.000585 PSNR:45.186268 SAM:5.568346 SSIM:0.988889 ERGAS:2.203865
2025-04-23 21:39:02,013 INFO: Test Loss: 0.000812 PSNR:44.369484 SAM:4.566123 SSIM:0.989680 ERGAS:1.367834
2025-04-23 21:39:02,013 INFO: Epoch [136/300]    Learning rate:0.0001
2025-04-23 21:39:09,252 INFO: Train Loss: 0.000576 PSNR:45.470959 SAM:5.027779 SSIM:0.989905 ERGAS:2.996050
2025-04-23 21:39:11,642 INFO: Test Loss: 0.000857 PSNR:43.775055 SAM:4.798607 SSIM:0.988850 ERGAS:1.360431
2025-04-23 21:39:11,642 INFO: Epoch [137/300]    Learning rate:0.0001
2025-04-23 21:39:18,738 INFO: Train Loss: 0.000579 PSNR:44.901249 SAM:6.732721 SSIM:0.985481 ERGAS:12.317115
2025-04-23 21:39:21,128 INFO: Test Loss: 0.000811 PSNR:44.361965 SAM:4.445070 SSIM:0.988950 ERGAS:1.367083
2025-04-23 21:39:21,128 INFO: Epoch [138/300]    Learning rate:0.0001
2025-04-23 21:39:28,368 INFO: Train Loss: 0.000535 PSNR:46.255619 SAM:5.769915 SSIM:0.989653 ERGAS:1.581340
2025-04-23 21:39:30,756 INFO: Test Loss: 0.000819 PSNR:44.423409 SAM:4.557458 SSIM:0.989378 ERGAS:1.464574
2025-04-23 21:39:30,756 INFO: Epoch [139/300]    Learning rate:0.0001
2025-04-23 21:39:37,832 INFO: Train Loss: 0.000580 PSNR:43.644718 SAM:6.557374 SSIM:0.985795 ERGAS:7.719840
2025-04-23 21:39:40,232 INFO: Test Loss: 0.001014 PSNR:41.891869 SAM:5.184142 SSIM:0.987180 ERGAS:1.604755
2025-04-23 21:39:40,232 INFO: Epoch [140/300]    Learning rate:0.0001
2025-04-23 21:39:47,631 INFO: Train Loss: 0.000583 PSNR:44.284901 SAM:5.231326 SSIM:0.983989 ERGAS:4.357897
2025-04-23 21:39:50,044 INFO: Test Loss: 0.000785 PSNR:44.354916 SAM:4.838725 SSIM:0.989655 ERGAS:1.342057
2025-04-23 21:39:50,044 INFO: Epoch [141/300]    Learning rate:0.0001
2025-04-23 21:39:57,230 INFO: Train Loss: 0.000535 PSNR:45.375248 SAM:6.245697 SSIM:0.987683 ERGAS:2.944521
2025-04-23 21:39:59,634 INFO: Test Loss: 0.000780 PSNR:44.542068 SAM:4.331871 SSIM:0.990413 ERGAS:1.311967
2025-04-23 21:39:59,634 INFO: Epoch [142/300]    Learning rate:0.0001
2025-04-23 21:40:06,971 INFO: Train Loss: 0.000516 PSNR:46.251648 SAM:4.620898 SSIM:0.990674 ERGAS:1.709527
2025-04-23 21:40:09,320 INFO: Test Loss: 0.000764 PSNR:44.950089 SAM:3.972343 SSIM:0.990614 ERGAS:1.237336
2025-04-23 21:40:09,320 INFO: Epoch [143/300]    Learning rate:0.0001
2025-04-23 21:40:16,599 INFO: Train Loss: 0.000504 PSNR:46.411263 SAM:5.084326 SSIM:0.990950 ERGAS:1.761602
2025-04-23 21:40:19,002 INFO: Test Loss: 0.000772 PSNR:45.075066 SAM:4.007328 SSIM:0.990914 ERGAS:1.247015
2025-04-23 21:40:19,002 INFO: Epoch [144/300]    Learning rate:0.0001
2025-04-23 21:40:26,254 INFO: Train Loss: 0.000507 PSNR:48.352631 SAM:5.017900 SSIM:0.992408 ERGAS:2.269875
2025-04-23 21:40:28,601 INFO: Test Loss: 0.000775 PSNR:45.055874 SAM:4.086440 SSIM:0.990873 ERGAS:1.249319
2025-04-23 21:40:28,601 INFO: Epoch [145/300]    Learning rate:0.0001
2025-04-23 21:40:35,951 INFO: Train Loss: 0.000525 PSNR:45.529346 SAM:4.382971 SSIM:0.989137 ERGAS:1.464740
2025-04-23 21:40:38,333 INFO: Test Loss: 0.000790 PSNR:44.511002 SAM:4.356964 SSIM:0.988773 ERGAS:1.368847
2025-04-23 21:40:38,333 INFO: Epoch [146/300]    Learning rate:0.0001
2025-04-23 21:40:45,507 INFO: Train Loss: 0.000535 PSNR:45.938297 SAM:5.508774 SSIM:0.987859 ERGAS:2.840683
2025-04-23 21:40:47,894 INFO: Test Loss: 0.000809 PSNR:44.193508 SAM:4.431614 SSIM:0.990019 ERGAS:1.398282
2025-04-23 21:40:47,894 INFO: Epoch [147/300]    Learning rate:0.0001
2025-04-23 21:40:55,008 INFO: Train Loss: 0.000521 PSNR:46.593391 SAM:5.118690 SSIM:0.990504 ERGAS:1.806395
2025-04-23 21:40:57,417 INFO: Test Loss: 0.000762 PSNR:45.017612 SAM:4.301257 SSIM:0.990464 ERGAS:1.346484
2025-04-23 21:40:57,417 INFO: Epoch [148/300]    Learning rate:0.0001
2025-04-23 21:41:04,639 INFO: Train Loss: 0.000497 PSNR:47.142136 SAM:4.426409 SSIM:0.991706 ERGAS:1.417135
2025-04-23 21:41:07,034 INFO: Test Loss: 0.000781 PSNR:45.025505 SAM:4.169004 SSIM:0.990554 ERGAS:1.324718
2025-04-23 21:41:07,035 INFO: Epoch [149/300]    Learning rate:0.0001
2025-04-23 21:41:14,397 INFO: Train Loss: 0.000497 PSNR:47.276783 SAM:4.618276 SSIM:0.991829 ERGAS:1.689410
2025-04-23 21:41:16,783 INFO: Test Loss: 0.000788 PSNR:44.820457 SAM:4.226793 SSIM:0.990174 ERGAS:1.342327
2025-04-23 21:41:16,783 INFO: Epoch [150/300]    Learning rate:0.0001
2025-04-23 21:41:23,990 INFO: Train Loss: 0.000538 PSNR:46.395588 SAM:5.113005 SSIM:0.989617 ERGAS:9.388368
2025-04-23 21:41:26,369 INFO: Test Loss: 0.000801 PSNR:44.554001 SAM:4.564107 SSIM:0.989575 ERGAS:1.447916
2025-04-23 21:41:26,388 INFO: Model saved to ./GuidedNet/saved_models/model_epoch_150.pth
2025-04-23 21:41:26,389 INFO: Learning rate updated to 5e-05
2025-04-23 21:41:26,389 INFO: Epoch [151/300]    Learning rate:5e-05
2025-04-23 21:41:33,654 INFO: Train Loss: 0.000492 PSNR:45.858738 SAM:4.195006 SSIM:0.990240 ERGAS:1.375147
2025-04-23 21:41:36,041 INFO: Test Loss: 0.000746 PSNR:45.524288 SAM:3.811056 SSIM:0.991383 ERGAS:1.189347
2025-04-23 21:41:36,041 INFO: Epoch [152/300]    Learning rate:5e-05
2025-04-23 21:41:43,180 INFO: Train Loss: 0.000470 PSNR:46.328362 SAM:4.472610 SSIM:0.991175 ERGAS:1.472231
2025-04-23 21:41:45,579 INFO: Test Loss: 0.000746 PSNR:45.458862 SAM:3.859557 SSIM:0.991340 ERGAS:1.189707
2025-04-23 21:41:45,579 INFO: Epoch [153/300]    Learning rate:5e-05
2025-04-23 21:41:52,633 INFO: Train Loss: 0.000467 PSNR:48.105858 SAM:4.265529 SSIM:0.992683 ERGAS:1.636481
2025-04-23 21:41:55,037 INFO: Test Loss: 0.000741 PSNR:45.353905 SAM:3.953710 SSIM:0.991163 ERGAS:1.211176
2025-04-23 21:41:55,037 INFO: Epoch [154/300]    Learning rate:5e-05
2025-04-23 21:42:02,297 INFO: Train Loss: 0.000468 PSNR:46.881592 SAM:3.740691 SSIM:0.992194 ERGAS:1.186142
2025-04-23 21:42:04,686 INFO: Test Loss: 0.000740 PSNR:45.552765 SAM:3.814967 SSIM:0.991375 ERGAS:1.179538
2025-04-23 21:42:04,686 INFO: Epoch [155/300]    Learning rate:5e-05
2025-04-23 21:42:12,012 INFO: Train Loss: 0.000466 PSNR:47.216312 SAM:3.771983 SSIM:0.992672 ERGAS:1.195542
2025-04-23 21:42:14,415 INFO: Test Loss: 0.000742 PSNR:45.510891 SAM:3.832655 SSIM:0.991288 ERGAS:1.195417
2025-04-23 21:42:14,415 INFO: Epoch [156/300]    Learning rate:5e-05
2025-04-23 21:42:21,632 INFO: Train Loss: 0.000465 PSNR:46.577251 SAM:4.232852 SSIM:0.992051 ERGAS:1.516358
2025-04-23 21:42:24,043 INFO: Test Loss: 0.000741 PSNR:45.517448 SAM:3.888309 SSIM:0.991364 ERGAS:1.190114
2025-04-23 21:42:24,043 INFO: Epoch [157/300]    Learning rate:5e-05
2025-04-23 21:42:31,194 INFO: Train Loss: 0.000462 PSNR:47.708759 SAM:4.387611 SSIM:0.992945 ERGAS:1.609393
2025-04-23 21:42:33,599 INFO: Test Loss: 0.000742 PSNR:45.582367 SAM:3.796053 SSIM:0.991440 ERGAS:1.182264
2025-04-23 21:42:33,599 INFO: Epoch [158/300]    Learning rate:5e-05
2025-04-23 21:42:40,812 INFO: Train Loss: 0.000464 PSNR:47.478283 SAM:4.378292 SSIM:0.992306 ERGAS:1.479705
2025-04-23 21:42:43,201 INFO: Test Loss: 0.000740 PSNR:45.564152 SAM:3.795452 SSIM:0.991420 ERGAS:1.182981
2025-04-23 21:42:43,201 INFO: Epoch [159/300]    Learning rate:5e-05
2025-04-23 21:42:50,398 INFO: Train Loss: 0.000462 PSNR:47.144928 SAM:3.540708 SSIM:0.992855 ERGAS:1.149684
2025-04-23 21:42:52,797 INFO: Test Loss: 0.000736 PSNR:45.485279 SAM:3.895002 SSIM:0.991239 ERGAS:1.192741
2025-04-23 21:42:52,797 INFO: Epoch [160/300]    Learning rate:5e-05
2025-04-23 21:43:00,026 INFO: Train Loss: 0.000462 PSNR:46.159126 SAM:4.052978 SSIM:0.991591 ERGAS:1.372879
2025-04-23 21:43:02,426 INFO: Test Loss: 0.000734 PSNR:45.591003 SAM:3.875955 SSIM:0.991361 ERGAS:1.185764
2025-04-23 21:43:02,426 INFO: Epoch [161/300]    Learning rate:5e-05
2025-04-23 21:43:09,563 INFO: Train Loss: 0.000460 PSNR:47.265903 SAM:3.942218 SSIM:0.992235 ERGAS:1.421423
2025-04-23 21:43:11,961 INFO: Test Loss: 0.000735 PSNR:45.447777 SAM:3.933674 SSIM:0.991352 ERGAS:1.212508
2025-04-23 21:43:11,961 INFO: Epoch [162/300]    Learning rate:5e-05
2025-04-23 21:43:19,079 INFO: Train Loss: 0.000460 PSNR:47.287975 SAM:4.196375 SSIM:0.992631 ERGAS:1.521800
2025-04-23 21:43:21,466 INFO: Test Loss: 0.000739 PSNR:45.587910 SAM:3.758372 SSIM:0.991401 ERGAS:1.176103
2025-04-23 21:43:21,466 INFO: Epoch [163/300]    Learning rate:5e-05
2025-04-23 21:43:28,638 INFO: Train Loss: 0.000460 PSNR:48.046558 SAM:3.837563 SSIM:0.993616 ERGAS:1.178102
2025-04-23 21:43:31,019 INFO: Test Loss: 0.000741 PSNR:45.399094 SAM:3.914356 SSIM:0.991169 ERGAS:1.189789
2025-04-23 21:43:31,019 INFO: Epoch [164/300]    Learning rate:5e-05
2025-04-23 21:43:38,101 INFO: Train Loss: 0.000464 PSNR:45.678593 SAM:3.930975 SSIM:0.992025 ERGAS:1.369974
2025-04-23 21:43:40,506 INFO: Test Loss: 0.000741 PSNR:45.360710 SAM:3.912592 SSIM:0.991143 ERGAS:1.199610
2025-04-23 21:43:40,506 INFO: Epoch [165/300]    Learning rate:5e-05
2025-04-23 21:43:47,557 INFO: Train Loss: 0.000468 PSNR:46.082367 SAM:5.028850 SSIM:0.990715 ERGAS:1.863502
2025-04-23 21:43:49,964 INFO: Test Loss: 0.000740 PSNR:45.152702 SAM:4.036965 SSIM:0.990554 ERGAS:1.232457
2025-04-23 21:43:49,964 INFO: Epoch [166/300]    Learning rate:5e-05
2025-04-23 21:43:57,446 INFO: Train Loss: 0.000467 PSNR:47.258789 SAM:4.160672 SSIM:0.991345 ERGAS:1.273269
2025-04-23 21:43:59,829 INFO: Test Loss: 0.000739 PSNR:45.273174 SAM:4.068472 SSIM:0.990932 ERGAS:1.283870
2025-04-23 21:43:59,829 INFO: Epoch [167/300]    Learning rate:5e-05
2025-04-23 21:44:07,075 INFO: Train Loss: 0.000468 PSNR:47.098663 SAM:4.492952 SSIM:0.991189 ERGAS:2.011003
2025-04-23 21:44:09,480 INFO: Test Loss: 0.000734 PSNR:45.464825 SAM:3.837118 SSIM:0.991359 ERGAS:1.175313
2025-04-23 21:44:09,480 INFO: Epoch [168/300]    Learning rate:5e-05
2025-04-23 21:44:16,739 INFO: Train Loss: 0.000453 PSNR:47.754219 SAM:4.491173 SSIM:0.992400 ERGAS:1.637226
2025-04-23 21:44:19,127 INFO: Test Loss: 0.000731 PSNR:45.605377 SAM:3.850745 SSIM:0.991378 ERGAS:1.205316
2025-04-23 21:44:19,127 INFO: Epoch [169/300]    Learning rate:5e-05
2025-04-23 21:44:26,287 INFO: Train Loss: 0.000454 PSNR:46.573532 SAM:4.429239 SSIM:0.990195 ERGAS:1.658200
2025-04-23 21:44:28,633 INFO: Test Loss: 0.000735 PSNR:45.563309 SAM:3.898323 SSIM:0.991435 ERGAS:1.188992
2025-04-23 21:44:28,633 INFO: Epoch [170/300]    Learning rate:5e-05
2025-04-23 21:44:35,964 INFO: Train Loss: 0.000469 PSNR:47.899765 SAM:4.450647 SSIM:0.991817 ERGAS:1.780416
2025-04-23 21:44:38,341 INFO: Test Loss: 0.000750 PSNR:45.105125 SAM:4.097015 SSIM:0.990969 ERGAS:1.217381
2025-04-23 21:44:38,341 INFO: Epoch [171/300]    Learning rate:5e-05
2025-04-23 21:44:45,773 INFO: Train Loss: 0.000464 PSNR:47.552689 SAM:5.174567 SSIM:0.992275 ERGAS:2.157889
2025-04-23 21:44:48,174 INFO: Test Loss: 0.000737 PSNR:45.386932 SAM:3.958701 SSIM:0.991177 ERGAS:1.229821
2025-04-23 21:44:48,174 INFO: Epoch [172/300]    Learning rate:5e-05
2025-04-23 21:44:55,485 INFO: Train Loss: 0.000451 PSNR:46.426430 SAM:4.164155 SSIM:0.991778 ERGAS:1.402962
2025-04-23 21:44:57,861 INFO: Test Loss: 0.000741 PSNR:45.343979 SAM:3.887066 SSIM:0.991451 ERGAS:1.202712
2025-04-23 21:44:57,861 INFO: Epoch [173/300]    Learning rate:5e-05
2025-04-23 21:45:05,095 INFO: Train Loss: 0.000450 PSNR:48.502895 SAM:4.044629 SSIM:0.993532 ERGAS:1.352702
2025-04-23 21:45:07,478 INFO: Test Loss: 0.000732 PSNR:45.409874 SAM:3.898546 SSIM:0.991561 ERGAS:1.181237
2025-04-23 21:45:07,478 INFO: Epoch [174/300]    Learning rate:5e-05
2025-04-23 21:45:14,676 INFO: Train Loss: 0.000446 PSNR:48.240147 SAM:4.666670 SSIM:0.992276 ERGAS:1.862143
2025-04-23 21:45:17,085 INFO: Test Loss: 0.000726 PSNR:45.666302 SAM:3.849320 SSIM:0.991548 ERGAS:1.175609
2025-04-23 21:45:17,085 INFO: Epoch [175/300]    Learning rate:5e-05
2025-04-23 21:45:24,299 INFO: Train Loss: 0.000443 PSNR:46.792542 SAM:3.768513 SSIM:0.992159 ERGAS:1.141709
2025-04-23 21:45:26,684 INFO: Test Loss: 0.000728 PSNR:45.583206 SAM:3.856657 SSIM:0.991544 ERGAS:1.184379
2025-04-23 21:45:26,684 INFO: Epoch [176/300]    Learning rate:5e-05
2025-04-23 21:45:34,030 INFO: Train Loss: 0.000442 PSNR:48.844345 SAM:4.685190 SSIM:0.993136 ERGAS:1.755653
2025-04-23 21:45:36,385 INFO: Test Loss: 0.000735 PSNR:45.568268 SAM:3.859400 SSIM:0.991559 ERGAS:1.198161
2025-04-23 21:45:36,385 INFO: Epoch [177/300]    Learning rate:5e-05
2025-04-23 21:45:43,704 INFO: Train Loss: 0.000442 PSNR:47.333691 SAM:3.686479 SSIM:0.992246 ERGAS:1.233575
2025-04-23 21:45:46,091 INFO: Test Loss: 0.000724 PSNR:45.620941 SAM:3.908924 SSIM:0.991286 ERGAS:1.226777
2025-04-23 21:45:46,091 INFO: Epoch [178/300]    Learning rate:5e-05
2025-04-23 21:45:53,250 INFO: Train Loss: 0.000444 PSNR:47.064747 SAM:4.053184 SSIM:0.992434 ERGAS:1.364044
2025-04-23 21:45:55,641 INFO: Test Loss: 0.000729 PSNR:45.597038 SAM:3.756371 SSIM:0.991623 ERGAS:1.175491
2025-04-23 21:45:55,642 INFO: Epoch [179/300]    Learning rate:5e-05
2025-04-23 21:46:02,678 INFO: Train Loss: 0.000444 PSNR:47.270615 SAM:4.881067 SSIM:0.992509 ERGAS:1.818333
2025-04-23 21:46:05,069 INFO: Test Loss: 0.000727 PSNR:45.528099 SAM:3.973637 SSIM:0.991252 ERGAS:1.239079
2025-04-23 21:46:05,069 INFO: Epoch [180/300]    Learning rate:5e-05
2025-04-23 21:46:12,637 INFO: Train Loss: 0.000447 PSNR:47.442081 SAM:4.022378 SSIM:0.992306 ERGAS:1.426562
2025-04-23 21:46:15,016 INFO: Test Loss: 0.000737 PSNR:45.398754 SAM:3.995579 SSIM:0.991206 ERGAS:1.265067
2025-04-23 21:46:15,016 INFO: Epoch [181/300]    Learning rate:5e-05
2025-04-23 21:46:22,175 INFO: Train Loss: 0.000461 PSNR:47.464783 SAM:4.883178 SSIM:0.991291 ERGAS:1.682565
2025-04-23 21:46:24,574 INFO: Test Loss: 0.000743 PSNR:45.010277 SAM:4.222453 SSIM:0.990160 ERGAS:1.367822
2025-04-23 21:46:24,574 INFO: Epoch [182/300]    Learning rate:5e-05
2025-04-23 21:46:31,862 INFO: Train Loss: 0.000465 PSNR:47.181396 SAM:4.493125 SSIM:0.991803 ERGAS:3.337739
2025-04-23 21:46:34,262 INFO: Test Loss: 0.000744 PSNR:45.190056 SAM:3.915363 SSIM:0.991136 ERGAS:1.202189
2025-04-23 21:46:34,262 INFO: Epoch [183/300]    Learning rate:5e-05
2025-04-23 21:46:41,631 INFO: Train Loss: 0.000459 PSNR:45.891079 SAM:4.726935 SSIM:0.989258 ERGAS:1.777428
2025-04-23 21:46:44,011 INFO: Test Loss: 0.000726 PSNR:45.196712 SAM:4.374355 SSIM:0.990022 ERGAS:1.438369
2025-04-23 21:46:44,011 INFO: Epoch [184/300]    Learning rate:5e-05
2025-04-23 21:46:51,071 INFO: Train Loss: 0.000439 PSNR:48.215435 SAM:4.543446 SSIM:0.993184 ERGAS:1.362434
2025-04-23 21:46:53,459 INFO: Test Loss: 0.000724 PSNR:45.821228 SAM:3.760756 SSIM:0.991692 ERGAS:1.171447
2025-04-23 21:46:53,459 INFO: Epoch [185/300]    Learning rate:5e-05
2025-04-23 21:47:00,689 INFO: Train Loss: 0.000433 PSNR:46.622772 SAM:3.730822 SSIM:0.991305 ERGAS:1.269829
2025-04-23 21:47:03,085 INFO: Test Loss: 0.000719 PSNR:45.830364 SAM:3.744112 SSIM:0.991861 ERGAS:1.155351
2025-04-23 21:47:03,085 INFO: Epoch [186/300]    Learning rate:5e-05
2025-04-23 21:47:10,335 INFO: Train Loss: 0.000436 PSNR:48.370625 SAM:3.786797 SSIM:0.993452 ERGAS:1.223188
2025-04-23 21:47:12,820 INFO: Test Loss: 0.000721 PSNR:45.748974 SAM:3.783917 SSIM:0.991760 ERGAS:1.158232
2025-04-23 21:47:12,820 INFO: Epoch [187/300]    Learning rate:5e-05
2025-04-23 21:47:20,119 INFO: Train Loss: 0.000439 PSNR:45.952084 SAM:4.448937 SSIM:0.990498 ERGAS:1.595469
2025-04-23 21:47:22,501 INFO: Test Loss: 0.000729 PSNR:45.497959 SAM:3.780686 SSIM:0.991642 ERGAS:1.166422
2025-04-23 21:47:22,501 INFO: Epoch [188/300]    Learning rate:5e-05
2025-04-23 21:47:29,569 INFO: Train Loss: 0.000435 PSNR:47.177567 SAM:4.181210 SSIM:0.992720 ERGAS:1.618780
2025-04-23 21:47:31,968 INFO: Test Loss: 0.000723 PSNR:45.689648 SAM:3.915152 SSIM:0.991482 ERGAS:1.210365
2025-04-23 21:47:31,968 INFO: Epoch [189/300]    Learning rate:5e-05
2025-04-23 21:47:39,100 INFO: Train Loss: 0.000433 PSNR:47.767036 SAM:4.220568 SSIM:0.992105 ERGAS:1.494437
2025-04-23 21:47:41,490 INFO: Test Loss: 0.000728 PSNR:45.510059 SAM:3.980220 SSIM:0.991506 ERGAS:1.224675
2025-04-23 21:47:41,490 INFO: Epoch [190/300]    Learning rate:5e-05
2025-04-23 21:47:48,819 INFO: Train Loss: 0.000431 PSNR:48.249203 SAM:4.164035 SSIM:0.992851 ERGAS:1.622534
2025-04-23 21:47:51,235 INFO: Test Loss: 0.000722 PSNR:45.481941 SAM:3.778910 SSIM:0.991664 ERGAS:1.174794
2025-04-23 21:47:51,235 INFO: Epoch [191/300]    Learning rate:5e-05
2025-04-23 21:47:58,420 INFO: Train Loss: 0.000431 PSNR:48.394180 SAM:4.041722 SSIM:0.993450 ERGAS:1.403503
2025-04-23 21:48:00,809 INFO: Test Loss: 0.000734 PSNR:45.215271 SAM:4.128009 SSIM:0.990646 ERGAS:1.277853
2025-04-23 21:48:00,809 INFO: Epoch [192/300]    Learning rate:5e-05
2025-04-23 21:48:07,902 INFO: Train Loss: 0.000442 PSNR:46.602425 SAM:4.652012 SSIM:0.991376 ERGAS:1.680131
2025-04-23 21:48:10,293 INFO: Test Loss: 0.000714 PSNR:45.546318 SAM:3.977316 SSIM:0.991566 ERGAS:1.193428
2025-04-23 21:48:10,293 INFO: Epoch [193/300]    Learning rate:5e-05
2025-04-23 21:48:17,703 INFO: Train Loss: 0.000425 PSNR:47.219772 SAM:4.010933 SSIM:0.991920 ERGAS:1.163160
2025-04-23 21:48:20,086 INFO: Test Loss: 0.000719 PSNR:45.729141 SAM:3.794844 SSIM:0.991876 ERGAS:1.160945
2025-04-23 21:48:20,086 INFO: Epoch [194/300]    Learning rate:5e-05
2025-04-23 21:48:27,307 INFO: Train Loss: 0.000428 PSNR:47.152969 SAM:4.240755 SSIM:0.992078 ERGAS:1.549141
2025-04-23 21:48:29,708 INFO: Test Loss: 0.000713 PSNR:45.536129 SAM:3.956762 SSIM:0.991360 ERGAS:1.235381
2025-04-23 21:48:29,708 INFO: Epoch [195/300]    Learning rate:5e-05
2025-04-23 21:48:36,907 INFO: Train Loss: 0.000429 PSNR:48.894878 SAM:4.484474 SSIM:0.993283 ERGAS:2.093253
2025-04-23 21:48:39,292 INFO: Test Loss: 0.000716 PSNR:45.409447 SAM:3.850064 SSIM:0.991461 ERGAS:1.154471
2025-04-23 21:48:39,292 INFO: Epoch [196/300]    Learning rate:5e-05
2025-04-23 21:48:46,537 INFO: Train Loss: 0.000427 PSNR:47.880615 SAM:4.233240 SSIM:0.992045 ERGAS:1.525139
2025-04-23 21:48:48,944 INFO: Test Loss: 0.000718 PSNR:45.611008 SAM:3.938636 SSIM:0.991828 ERGAS:1.167603
2025-04-23 21:48:48,944 INFO: Epoch [197/300]    Learning rate:5e-05
2025-04-23 21:48:56,162 INFO: Train Loss: 0.000426 PSNR:47.447948 SAM:4.304146 SSIM:0.991424 ERGAS:1.385721
2025-04-23 21:48:58,548 INFO: Test Loss: 0.000725 PSNR:45.002625 SAM:4.339022 SSIM:0.990464 ERGAS:1.338354
2025-04-23 21:48:58,549 INFO: Epoch [198/300]    Learning rate:5e-05
2025-04-23 21:49:05,893 INFO: Train Loss: 0.000431 PSNR:49.103466 SAM:4.204785 SSIM:0.993853 ERGAS:1.616806
2025-04-23 21:49:08,317 INFO: Test Loss: 0.000715 PSNR:45.743282 SAM:3.844178 SSIM:0.991650 ERGAS:1.161756
2025-04-23 21:49:08,317 INFO: Epoch [199/300]    Learning rate:5e-05
2025-04-23 21:49:15,431 INFO: Train Loss: 0.000431 PSNR:47.018154 SAM:4.255794 SSIM:0.991890 ERGAS:1.737141
2025-04-23 21:49:17,817 INFO: Test Loss: 0.000734 PSNR:45.639027 SAM:3.765189 SSIM:0.991674 ERGAS:1.159940
2025-04-23 21:49:17,817 INFO: Epoch [200/300]    Learning rate:5e-05
2025-04-23 21:49:25,051 INFO: Train Loss: 0.000422 PSNR:47.894890 SAM:4.332501 SSIM:0.991611 ERGAS:1.418171
2025-04-23 21:49:27,437 INFO: Test Loss: 0.000713 PSNR:45.835167 SAM:3.764743 SSIM:0.991799 ERGAS:1.172436
2025-04-23 21:49:27,484 INFO: Model saved to ./GuidedNet/saved_models/model_epoch_200.pth
2025-04-23 21:49:27,485 INFO: Learning rate updated to 2.5e-05
2025-04-23 21:49:27,485 INFO: Epoch [201/300]    Learning rate:2.5e-05
2025-04-23 21:49:34,683 INFO: Train Loss: 0.000409 PSNR:48.838787 SAM:3.882661 SSIM:0.992704 ERGAS:1.395620
2025-04-23 21:49:37,085 INFO: Test Loss: 0.000704 PSNR:46.038002 SAM:3.615289 SSIM:0.992095 ERGAS:1.127137
2025-04-23 21:49:37,085 INFO: Epoch [202/300]    Learning rate:2.5e-05
2025-04-23 21:49:44,142 INFO: Train Loss: 0.000406 PSNR:47.317467 SAM:4.170360 SSIM:0.992145 ERGAS:1.570684
2025-04-23 21:49:46,580 INFO: Test Loss: 0.000705 PSNR:46.000717 SAM:3.628524 SSIM:0.992144 ERGAS:1.129623
2025-04-23 21:49:46,580 INFO: Epoch [203/300]    Learning rate:2.5e-05
2025-04-23 21:49:53,816 INFO: Train Loss: 0.000406 PSNR:49.216557 SAM:3.743311 SSIM:0.993248 ERGAS:1.333713
2025-04-23 21:49:56,219 INFO: Test Loss: 0.000702 PSNR:46.049889 SAM:3.627592 SSIM:0.992169 ERGAS:1.121791
2025-04-23 21:49:56,219 INFO: Epoch [204/300]    Learning rate:2.5e-05
2025-04-23 21:50:03,339 INFO: Train Loss: 0.000404 PSNR:47.736214 SAM:4.138388 SSIM:0.992959 ERGAS:1.481723
2025-04-23 21:50:05,733 INFO: Test Loss: 0.000707 PSNR:45.973427 SAM:3.650140 SSIM:0.992102 ERGAS:1.135263
2025-04-23 21:50:05,733 INFO: Epoch [205/300]    Learning rate:2.5e-05
2025-04-23 21:50:12,848 INFO: Train Loss: 0.000404 PSNR:49.517189 SAM:3.560092 SSIM:0.994183 ERGAS:1.169689
2025-04-23 21:50:15,229 INFO: Test Loss: 0.000701 PSNR:46.079468 SAM:3.624729 SSIM:0.992139 ERGAS:1.124042
2025-04-23 21:50:15,229 INFO: Epoch [206/300]    Learning rate:2.5e-05
2025-04-23 21:50:22,828 INFO: Train Loss: 0.000404 PSNR:49.504295 SAM:3.750448 SSIM:0.994591 ERGAS:1.430421
2025-04-23 21:50:25,216 INFO: Test Loss: 0.000703 PSNR:46.046394 SAM:3.654653 SSIM:0.992036 ERGAS:1.126541
2025-04-23 21:50:25,216 INFO: Epoch [207/300]    Learning rate:2.5e-05
2025-04-23 21:50:32,531 INFO: Train Loss: 0.000403 PSNR:47.355038 SAM:3.515697 SSIM:0.992737 ERGAS:1.221930
2025-04-23 21:50:34,932 INFO: Test Loss: 0.000705 PSNR:45.967457 SAM:3.659207 SSIM:0.992085 ERGAS:1.127118
2025-04-23 21:50:34,932 INFO: Epoch [208/300]    Learning rate:2.5e-05
2025-04-23 21:50:42,073 INFO: Train Loss: 0.000405 PSNR:49.010410 SAM:4.088418 SSIM:0.993852 ERGAS:1.536161
2025-04-23 21:50:44,454 INFO: Test Loss: 0.000704 PSNR:46.028004 SAM:3.598301 SSIM:0.992132 ERGAS:1.116040
2025-04-23 21:50:44,454 INFO: Epoch [209/300]    Learning rate:2.5e-05
2025-04-23 21:50:52,012 INFO: Train Loss: 0.000402 PSNR:47.372498 SAM:3.645323 SSIM:0.993587 ERGAS:1.079398
2025-04-23 21:50:54,411 INFO: Test Loss: 0.000706 PSNR:45.913528 SAM:3.674116 SSIM:0.992064 ERGAS:1.135282
2025-04-23 21:50:54,411 INFO: Epoch [210/300]    Learning rate:2.5e-05
2025-04-23 21:51:01,754 INFO: Train Loss: 0.000402 PSNR:49.580921 SAM:3.892902 SSIM:0.994136 ERGAS:1.311378
2025-04-23 21:51:04,228 INFO: Test Loss: 0.000705 PSNR:46.023296 SAM:3.626588 SSIM:0.992148 ERGAS:1.120612
2025-04-23 21:51:04,228 INFO: Epoch [211/300]    Learning rate:2.5e-05
2025-04-23 21:51:11,456 INFO: Train Loss: 0.000403 PSNR:49.342426 SAM:3.833650 SSIM:0.994307 ERGAS:1.436417
2025-04-23 21:51:13,849 INFO: Test Loss: 0.000700 PSNR:46.025928 SAM:3.623678 SSIM:0.992138 ERGAS:1.117922
2025-04-23 21:51:13,849 INFO: Epoch [212/300]    Learning rate:2.5e-05
2025-04-23 21:51:21,100 INFO: Train Loss: 0.000400 PSNR:48.241196 SAM:3.646512 SSIM:0.993633 ERGAS:1.109171
2025-04-23 21:51:23,477 INFO: Test Loss: 0.000703 PSNR:46.072784 SAM:3.642143 SSIM:0.992164 ERGAS:1.116756
2025-04-23 21:51:23,477 INFO: Epoch [213/300]    Learning rate:2.5e-05
2025-04-23 21:51:30,796 INFO: Train Loss: 0.000400 PSNR:48.902302 SAM:3.796819 SSIM:0.993771 ERGAS:1.174142
2025-04-23 21:51:33,188 INFO: Test Loss: 0.000698 PSNR:46.020535 SAM:3.626567 SSIM:0.992112 ERGAS:1.124263
2025-04-23 21:51:33,188 INFO: Epoch [214/300]    Learning rate:2.5e-05
2025-04-23 21:51:40,263 INFO: Train Loss: 0.000400 PSNR:47.218678 SAM:3.289738 SSIM:0.993092 ERGAS:1.110231
2025-04-23 21:51:42,649 INFO: Test Loss: 0.000699 PSNR:46.085720 SAM:3.635219 SSIM:0.992157 ERGAS:1.112332
2025-04-23 21:51:42,649 INFO: Epoch [215/300]    Learning rate:2.5e-05
2025-04-23 21:51:49,866 INFO: Train Loss: 0.000399 PSNR:48.363987 SAM:4.773579 SSIM:0.992853 ERGAS:1.702664
2025-04-23 21:51:52,240 INFO: Test Loss: 0.000700 PSNR:46.056419 SAM:3.637140 SSIM:0.992083 ERGAS:1.131011
2025-04-23 21:51:52,240 INFO: Epoch [216/300]    Learning rate:2.5e-05
2025-04-23 21:51:59,440 INFO: Train Loss: 0.000399 PSNR:48.192848 SAM:4.005263 SSIM:0.993074 ERGAS:1.179827
2025-04-23 21:52:01,816 INFO: Test Loss: 0.000697 PSNR:46.164001 SAM:3.606625 SSIM:0.992217 ERGAS:1.107214
2025-04-23 21:52:01,816 INFO: Epoch [217/300]    Learning rate:2.5e-05
2025-04-23 21:52:08,907 INFO: Train Loss: 0.000399 PSNR:47.815929 SAM:3.592466 SSIM:0.992845 ERGAS:1.230495
2025-04-23 21:52:11,290 INFO: Test Loss: 0.000701 PSNR:46.078819 SAM:3.613984 SSIM:0.992138 ERGAS:1.118950
2025-04-23 21:52:11,290 INFO: Epoch [218/300]    Learning rate:2.5e-05
2025-04-23 21:52:18,596 INFO: Train Loss: 0.000399 PSNR:48.198868 SAM:4.456348 SSIM:0.993342 ERGAS:1.768243
2025-04-23 21:52:20,976 INFO: Test Loss: 0.000701 PSNR:46.094391 SAM:3.596890 SSIM:0.992220 ERGAS:1.116072
2025-04-23 21:52:20,976 INFO: Epoch [219/300]    Learning rate:2.5e-05
2025-04-23 21:52:28,094 INFO: Train Loss: 0.000398 PSNR:48.011505 SAM:4.162420 SSIM:0.992760 ERGAS:1.333367
2025-04-23 21:52:30,486 INFO: Test Loss: 0.000695 PSNR:46.148766 SAM:3.594680 SSIM:0.992206 ERGAS:1.104642
2025-04-23 21:52:30,487 INFO: Epoch [220/300]    Learning rate:2.5e-05
2025-04-23 21:52:37,581 INFO: Train Loss: 0.000399 PSNR:46.686035 SAM:3.814581 SSIM:0.992476 ERGAS:1.162466
2025-04-23 21:52:39,986 INFO: Test Loss: 0.000696 PSNR:45.968079 SAM:3.745401 SSIM:0.992047 ERGAS:1.138550
2025-04-23 21:52:39,986 INFO: Epoch [221/300]    Learning rate:2.5e-05
2025-04-23 21:52:47,191 INFO: Train Loss: 0.000414 PSNR:48.197594 SAM:4.027621 SSIM:0.993095 ERGAS:1.604285
2025-04-23 21:52:49,592 INFO: Test Loss: 0.000708 PSNR:45.693966 SAM:3.892924 SSIM:0.991409 ERGAS:1.239359
2025-04-23 21:52:49,592 INFO: Epoch [222/300]    Learning rate:2.5e-05
2025-04-23 21:52:56,826 INFO: Train Loss: 0.000400 PSNR:48.990490 SAM:3.752390 SSIM:0.993822 ERGAS:1.304891
2025-04-23 21:52:59,170 INFO: Test Loss: 0.000695 PSNR:45.988182 SAM:3.677115 SSIM:0.992028 ERGAS:1.132540
2025-04-23 21:52:59,170 INFO: Epoch [223/300]    Learning rate:2.5e-05
2025-04-23 21:53:06,482 INFO: Train Loss: 0.000398 PSNR:48.615181 SAM:3.704945 SSIM:0.993965 ERGAS:1.309639
2025-04-23 21:53:08,870 INFO: Test Loss: 0.000698 PSNR:46.013931 SAM:3.608848 SSIM:0.992265 ERGAS:1.109804
2025-04-23 21:53:08,870 INFO: Epoch [224/300]    Learning rate:2.5e-05
2025-04-23 21:53:16,173 INFO: Train Loss: 0.000394 PSNR:47.639862 SAM:3.730660 SSIM:0.993675 ERGAS:1.414955
2025-04-23 21:53:18,555 INFO: Test Loss: 0.000692 PSNR:46.059380 SAM:3.643363 SSIM:0.992266 ERGAS:1.111399
2025-04-23 21:53:18,555 INFO: Epoch [225/300]    Learning rate:2.5e-05
2025-04-23 21:53:26,019 INFO: Train Loss: 0.000394 PSNR:47.790501 SAM:4.200186 SSIM:0.992401 ERGAS:1.648212
2025-04-23 21:53:28,397 INFO: Test Loss: 0.000698 PSNR:46.135372 SAM:3.580834 SSIM:0.992236 ERGAS:1.116953
2025-04-23 21:53:28,397 INFO: Epoch [226/300]    Learning rate:2.5e-05
2025-04-23 21:53:35,587 INFO: Train Loss: 0.000394 PSNR:47.334236 SAM:3.944220 SSIM:0.993200 ERGAS:1.150243
2025-04-23 21:53:37,985 INFO: Test Loss: 0.000696 PSNR:45.979172 SAM:3.689134 SSIM:0.991998 ERGAS:1.127146
2025-04-23 21:53:37,985 INFO: Epoch [227/300]    Learning rate:2.5e-05
2025-04-23 21:53:45,026 INFO: Train Loss: 0.000392 PSNR:47.929741 SAM:4.075490 SSIM:0.993504 ERGAS:1.313871
2025-04-23 21:53:47,404 INFO: Test Loss: 0.000695 PSNR:46.096027 SAM:3.616582 SSIM:0.992155 ERGAS:1.134762
2025-04-23 21:53:47,404 INFO: Epoch [228/300]    Learning rate:2.5e-05
2025-04-23 21:53:54,741 INFO: Train Loss: 0.000394 PSNR:48.465748 SAM:3.566004 SSIM:0.993611 ERGAS:1.153302
2025-04-23 21:53:57,128 INFO: Test Loss: 0.000696 PSNR:46.035374 SAM:3.646985 SSIM:0.992190 ERGAS:1.128797
2025-04-23 21:53:57,128 INFO: Epoch [229/300]    Learning rate:2.5e-05
2025-04-23 21:54:08,079 INFO: Train Loss: 0.000391 PSNR:48.115131 SAM:3.781538 SSIM:0.992333 ERGAS:1.214544
2025-04-23 21:54:10,454 INFO: Test Loss: 0.000692 PSNR:46.182251 SAM:3.617593 SSIM:0.992209 ERGAS:1.102971
2025-04-23 21:54:10,454 INFO: Epoch [230/300]    Learning rate:2.5e-05
2025-04-23 21:54:17,601 INFO: Train Loss: 0.000393 PSNR:48.391418 SAM:4.215040 SSIM:0.993390 ERGAS:3.310599
2025-04-23 21:54:19,962 INFO: Test Loss: 0.000699 PSNR:46.131428 SAM:3.646204 SSIM:0.992228 ERGAS:1.116965
2025-04-23 21:54:19,962 INFO: Epoch [231/300]    Learning rate:2.5e-05
2025-04-23 21:54:27,277 INFO: Train Loss: 0.000392 PSNR:47.936470 SAM:3.959996 SSIM:0.992491 ERGAS:1.317258
2025-04-23 21:54:29,680 INFO: Test Loss: 0.000695 PSNR:46.182335 SAM:3.625340 SSIM:0.992061 ERGAS:1.136526
2025-04-23 21:54:29,680 INFO: Epoch [232/300]    Learning rate:2.5e-05
2025-04-23 21:54:36,964 INFO: Train Loss: 0.000391 PSNR:49.432873 SAM:4.027964 SSIM:0.994125 ERGAS:1.333052
2025-04-23 21:54:39,365 INFO: Test Loss: 0.000692 PSNR:46.140354 SAM:3.653535 SSIM:0.992189 ERGAS:1.124935
2025-04-23 21:54:39,365 INFO: Epoch [233/300]    Learning rate:2.5e-05
2025-04-23 21:54:46,641 INFO: Train Loss: 0.000390 PSNR:48.462868 SAM:4.151890 SSIM:0.993021 ERGAS:1.551145
2025-04-23 21:54:49,021 INFO: Test Loss: 0.000693 PSNR:46.035286 SAM:3.665712 SSIM:0.992076 ERGAS:1.132661
2025-04-23 21:54:49,021 INFO: Epoch [234/300]    Learning rate:2.5e-05
2025-04-23 21:55:06,186 INFO: Train Loss: 0.000392 PSNR:47.558041 SAM:3.804720 SSIM:0.993256 ERGAS:1.037217
2025-04-23 21:55:08,572 INFO: Test Loss: 0.000691 PSNR:46.110802 SAM:3.749453 SSIM:0.992053 ERGAS:1.139517
2025-04-23 21:55:08,572 INFO: Epoch [235/300]    Learning rate:2.5e-05
2025-04-23 21:55:15,588 INFO: Train Loss: 0.000389 PSNR:48.022602 SAM:3.745162 SSIM:0.993189 ERGAS:1.147490
2025-04-23 21:55:17,978 INFO: Test Loss: 0.000692 PSNR:46.166992 SAM:3.563902 SSIM:0.992238 ERGAS:1.111816
2025-04-23 21:55:17,978 INFO: Epoch [236/300]    Learning rate:2.5e-05
2025-04-23 21:55:25,110 INFO: Train Loss: 0.000389 PSNR:48.504185 SAM:3.710395 SSIM:0.993047 ERGAS:1.118169
2025-04-23 21:55:27,495 INFO: Test Loss: 0.000696 PSNR:46.132572 SAM:3.619164 SSIM:0.992246 ERGAS:1.113090
2025-04-23 21:55:27,495 INFO: Epoch [237/300]    Learning rate:2.5e-05
2025-04-23 21:55:34,563 INFO: Train Loss: 0.000388 PSNR:48.452385 SAM:3.895208 SSIM:0.993719 ERGAS:5.798388
2025-04-23 21:55:36,951 INFO: Test Loss: 0.000691 PSNR:46.088722 SAM:3.697667 SSIM:0.992057 ERGAS:1.157491
2025-04-23 21:55:36,951 INFO: Epoch [238/300]    Learning rate:2.5e-05
2025-04-23 21:55:44,012 INFO: Train Loss: 0.000388 PSNR:49.032463 SAM:3.735528 SSIM:0.994177 ERGAS:1.284976
2025-04-23 21:55:46,391 INFO: Test Loss: 0.000690 PSNR:46.165855 SAM:3.629774 SSIM:0.992187 ERGAS:1.112358
2025-04-23 21:55:46,391 INFO: Epoch [239/300]    Learning rate:2.5e-05
2025-04-23 21:56:04,939 INFO: Train Loss: 0.000386 PSNR:47.210102 SAM:3.298496 SSIM:0.993399 ERGAS:1.093521
2025-04-23 21:56:07,319 INFO: Test Loss: 0.000691 PSNR:46.182610 SAM:3.642879 SSIM:0.992291 ERGAS:1.107996
2025-04-23 21:56:07,319 INFO: Epoch [240/300]    Learning rate:2.5e-05
2025-04-23 21:56:14,230 INFO: Train Loss: 0.000387 PSNR:48.754242 SAM:3.915008 SSIM:0.993628 ERGAS:1.474324
2025-04-23 21:56:16,604 INFO: Test Loss: 0.000692 PSNR:46.132614 SAM:3.637079 SSIM:0.992268 ERGAS:1.106915
2025-04-23 21:56:16,605 INFO: Epoch [241/300]    Learning rate:2.5e-05
2025-04-23 21:56:23,875 INFO: Train Loss: 0.000385 PSNR:47.620457 SAM:3.401342 SSIM:0.993143 ERGAS:1.383926
2025-04-23 21:56:26,265 INFO: Test Loss: 0.000693 PSNR:46.065498 SAM:3.666288 SSIM:0.992165 ERGAS:1.113862
2025-04-23 21:56:26,265 INFO: Epoch [242/300]    Learning rate:2.5e-05
2025-04-23 21:56:33,598 INFO: Train Loss: 0.000385 PSNR:47.112560 SAM:3.818970 SSIM:0.992431 ERGAS:1.439011
2025-04-23 21:56:35,973 INFO: Test Loss: 0.000688 PSNR:46.195038 SAM:3.614499 SSIM:0.992254 ERGAS:1.115411
2025-04-23 21:56:35,973 INFO: Epoch [243/300]    Learning rate:2.5e-05
2025-04-23 21:56:43,130 INFO: Train Loss: 0.000384 PSNR:47.309223 SAM:3.825931 SSIM:0.992732 ERGAS:1.332600
2025-04-23 21:56:45,538 INFO: Test Loss: 0.000689 PSNR:46.193420 SAM:3.588467 SSIM:0.992282 ERGAS:1.103982
2025-04-23 21:56:45,538 INFO: Epoch [244/300]    Learning rate:2.5e-05
2025-04-23 21:56:52,808 INFO: Train Loss: 0.000383 PSNR:48.939220 SAM:3.499136 SSIM:0.992986 ERGAS:1.141557
2025-04-23 21:57:04,757 INFO: Test Loss: 0.000690 PSNR:46.153008 SAM:3.661276 SSIM:0.992241 ERGAS:1.108185
2025-04-23 21:57:04,758 INFO: Epoch [245/300]    Learning rate:2.5e-05
2025-04-23 21:57:11,700 INFO: Train Loss: 0.000384 PSNR:48.383385 SAM:4.287591 SSIM:0.993688 ERGAS:1.622289
2025-04-23 21:57:14,072 INFO: Test Loss: 0.000698 PSNR:46.145374 SAM:3.559273 SSIM:0.992309 ERGAS:1.111450
2025-04-23 21:57:14,072 INFO: Epoch [246/300]    Learning rate:2.5e-05
2025-04-23 21:57:21,117 INFO: Train Loss: 0.000386 PSNR:49.218109 SAM:3.842000 SSIM:0.994370 ERGAS:1.459231
2025-04-23 21:57:23,483 INFO: Test Loss: 0.000687 PSNR:45.993950 SAM:3.770215 SSIM:0.991913 ERGAS:1.161370
2025-04-23 21:57:23,483 INFO: Epoch [247/300]    Learning rate:2.5e-05
2025-04-23 21:57:30,537 INFO: Train Loss: 0.000383 PSNR:48.537354 SAM:4.488693 SSIM:0.993333 ERGAS:1.788687
2025-04-23 21:57:32,942 INFO: Test Loss: 0.000690 PSNR:46.150711 SAM:3.705526 SSIM:0.992149 ERGAS:1.126546
2025-04-23 21:57:32,943 INFO: Epoch [248/300]    Learning rate:2.5e-05
2025-04-23 21:57:40,100 INFO: Train Loss: 0.000383 PSNR:48.088219 SAM:4.103534 SSIM:0.992598 ERGAS:1.499180
2025-04-23 21:57:42,496 INFO: Test Loss: 0.000687 PSNR:46.233704 SAM:3.565287 SSIM:0.992402 ERGAS:1.099041
2025-04-23 21:57:42,496 INFO: Epoch [249/300]    Learning rate:2.5e-05
2025-04-23 21:57:49,663 INFO: Train Loss: 0.000382 PSNR:48.421642 SAM:3.915444 SSIM:0.993849 ERGAS:1.279828
2025-04-23 21:57:52,046 INFO: Test Loss: 0.000686 PSNR:46.074169 SAM:3.727006 SSIM:0.992170 ERGAS:1.121244
2025-04-23 21:57:52,047 INFO: Epoch [250/300]    Learning rate:2.5e-05
2025-04-23 21:58:08,120 INFO: Train Loss: 0.000382 PSNR:46.558647 SAM:3.926015 SSIM:0.992380 ERGAS:1.378384
2025-04-23 21:58:10,493 INFO: Test Loss: 0.000690 PSNR:46.165833 SAM:3.625879 SSIM:0.992276 ERGAS:1.100213
2025-04-23 21:58:10,540 INFO: Model saved to ./GuidedNet/saved_models/model_epoch_250.pth
2025-04-23 21:58:10,541 INFO: Learning rate updated to 1.25e-05
2025-04-23 21:58:10,541 INFO: Epoch [251/300]    Learning rate:1.25e-05
2025-04-23 21:58:17,603 INFO: Train Loss: 0.000374 PSNR:48.898136 SAM:3.609621 SSIM:0.994351 ERGAS:1.202048
2025-04-23 21:58:19,989 INFO: Test Loss: 0.000683 PSNR:46.331085 SAM:3.499060 SSIM:0.992466 ERGAS:1.085446
2025-04-23 21:58:19,989 INFO: Epoch [252/300]    Learning rate:1.25e-05
2025-04-23 21:58:27,216 INFO: Train Loss: 0.000374 PSNR:48.498169 SAM:3.783440 SSIM:0.993837 ERGAS:1.252765
2025-04-23 21:58:29,596 INFO: Test Loss: 0.000682 PSNR:46.345928 SAM:3.509325 SSIM:0.992504 ERGAS:1.086621
2025-04-23 21:58:29,596 INFO: Epoch [253/300]    Learning rate:1.25e-05
2025-04-23 21:58:36,709 INFO: Train Loss: 0.000373 PSNR:47.926926 SAM:3.647978 SSIM:0.993655 ERGAS:1.252890
2025-04-23 21:58:39,111 INFO: Test Loss: 0.000683 PSNR:46.347778 SAM:3.489720 SSIM:0.992499 ERGAS:1.083442
2025-04-23 21:58:39,111 INFO: Epoch [254/300]    Learning rate:1.25e-05
2025-04-23 21:58:46,240 INFO: Train Loss: 0.000373 PSNR:48.648163 SAM:3.241434 SSIM:0.994301 ERGAS:1.052491
2025-04-23 21:58:48,642 INFO: Test Loss: 0.000683 PSNR:46.355988 SAM:3.510437 SSIM:0.992486 ERGAS:1.084170
2025-04-23 21:58:48,642 INFO: Epoch [255/300]    Learning rate:1.25e-05
2025-04-23 21:59:06,222 INFO: Train Loss: 0.000373 PSNR:48.811859 SAM:3.993282 SSIM:0.993844 ERGAS:1.275062
2025-04-23 21:59:08,613 INFO: Test Loss: 0.000685 PSNR:46.318104 SAM:3.520134 SSIM:0.992482 ERGAS:1.087074
2025-04-23 21:59:08,614 INFO: Epoch [256/300]    Learning rate:1.25e-05
2025-04-23 21:59:15,544 INFO: Train Loss: 0.000372 PSNR:47.942184 SAM:3.100792 SSIM:0.994031 ERGAS:1.085737
2025-04-23 21:59:17,932 INFO: Test Loss: 0.000683 PSNR:46.354805 SAM:3.499306 SSIM:0.992480 ERGAS:1.080774
2025-04-23 21:59:17,932 INFO: Epoch [257/300]    Learning rate:1.25e-05
2025-04-23 21:59:25,046 INFO: Train Loss: 0.000372 PSNR:50.262325 SAM:4.092340 SSIM:0.994691 ERGAS:1.386944
2025-04-23 21:59:27,446 INFO: Test Loss: 0.000683 PSNR:46.323193 SAM:3.506846 SSIM:0.992524 ERGAS:1.081952
2025-04-23 21:59:27,446 INFO: Epoch [258/300]    Learning rate:1.25e-05
2025-04-23 21:59:34,502 INFO: Train Loss: 0.000372 PSNR:49.833633 SAM:4.473910 SSIM:0.994886 ERGAS:1.434122
2025-04-23 21:59:36,876 INFO: Test Loss: 0.000684 PSNR:46.315498 SAM:3.517369 SSIM:0.992474 ERGAS:1.086651
2025-04-23 21:59:36,876 INFO: Epoch [259/300]    Learning rate:1.25e-05
2025-04-23 21:59:44,082 INFO: Train Loss: 0.000373 PSNR:47.777802 SAM:3.621909 SSIM:0.993412 ERGAS:1.306989
2025-04-23 21:59:46,481 INFO: Test Loss: 0.000681 PSNR:46.338448 SAM:3.495515 SSIM:0.992475 ERGAS:1.087539
2025-04-23 21:59:46,481 INFO: Epoch [260/300]    Learning rate:1.25e-05
2025-04-23 22:00:04,975 INFO: Train Loss: 0.000372 PSNR:49.630505 SAM:3.935790 SSIM:0.994996 ERGAS:1.421060
2025-04-23 22:00:07,353 INFO: Test Loss: 0.000684 PSNR:46.379395 SAM:3.481144 SSIM:0.992522 ERGAS:1.079836
2025-04-23 22:00:07,353 INFO: Epoch [261/300]    Learning rate:1.25e-05
2025-04-23 22:00:14,270 INFO: Train Loss: 0.000371 PSNR:48.956944 SAM:4.087734 SSIM:0.993995 ERGAS:1.726858
2025-04-23 22:00:16,650 INFO: Test Loss: 0.000682 PSNR:46.354874 SAM:3.507925 SSIM:0.992462 ERGAS:1.087369
2025-04-23 22:00:16,650 INFO: Epoch [262/300]    Learning rate:1.25e-05
2025-04-23 22:00:23,674 INFO: Train Loss: 0.000371 PSNR:49.145126 SAM:3.591613 SSIM:0.994179 ERGAS:1.079655
2025-04-23 22:00:26,076 INFO: Test Loss: 0.000680 PSNR:46.391811 SAM:3.529193 SSIM:0.992472 ERGAS:1.089238
2025-04-23 22:00:26,076 INFO: Epoch [263/300]    Learning rate:1.25e-05
2025-04-23 22:00:33,079 INFO: Train Loss: 0.000370 PSNR:48.547241 SAM:3.264404 SSIM:0.993306 ERGAS:1.117504
2025-04-23 22:00:35,454 INFO: Test Loss: 0.000681 PSNR:46.348881 SAM:3.535495 SSIM:0.992501 ERGAS:1.091983
2025-04-23 22:00:35,454 INFO: Epoch [264/300]    Learning rate:1.25e-05
2025-04-23 22:00:42,579 INFO: Train Loss: 0.000370 PSNR:47.989799 SAM:3.589999 SSIM:0.992335 ERGAS:1.216501
2025-04-23 22:00:44,926 INFO: Test Loss: 0.000681 PSNR:46.360962 SAM:3.518701 SSIM:0.992492 ERGAS:1.089884
2025-04-23 22:00:44,926 INFO: Epoch [265/300]    Learning rate:1.25e-05
2025-04-23 22:00:52,078 INFO: Train Loss: 0.000369 PSNR:48.813675 SAM:3.463769 SSIM:0.994357 ERGAS:1.092275
2025-04-23 22:01:04,784 INFO: Test Loss: 0.000681 PSNR:46.340088 SAM:3.504112 SSIM:0.992499 ERGAS:1.084362
2025-04-23 22:01:04,784 INFO: Epoch [266/300]    Learning rate:1.25e-05
2025-04-23 22:01:11,705 INFO: Train Loss: 0.000369 PSNR:48.316971 SAM:3.743584 SSIM:0.993629 ERGAS:1.082810
2025-04-23 22:01:14,068 INFO: Test Loss: 0.000684 PSNR:46.357033 SAM:3.488077 SSIM:0.992487 ERGAS:1.084764
2025-04-23 22:01:14,068 INFO: Epoch [267/300]    Learning rate:1.25e-05
2025-04-23 22:01:21,135 INFO: Train Loss: 0.000369 PSNR:49.185875 SAM:3.730374 SSIM:0.994897 ERGAS:1.266056
2025-04-23 22:01:23,525 INFO: Test Loss: 0.000681 PSNR:46.339272 SAM:3.506575 SSIM:0.992515 ERGAS:1.086094
2025-04-23 22:01:23,525 INFO: Epoch [268/300]    Learning rate:1.25e-05
2025-04-23 22:01:30,554 INFO: Train Loss: 0.000370 PSNR:48.601349 SAM:3.714500 SSIM:0.993760 ERGAS:1.255473
2025-04-23 22:01:32,940 INFO: Test Loss: 0.000679 PSNR:46.400303 SAM:3.486644 SSIM:0.992498 ERGAS:1.079443
2025-04-23 22:01:32,940 INFO: Epoch [269/300]    Learning rate:1.25e-05
2025-04-23 22:01:40,057 INFO: Train Loss: 0.000369 PSNR:48.947723 SAM:4.120160 SSIM:0.994559 ERGAS:1.248659
2025-04-23 22:01:42,444 INFO: Test Loss: 0.000678 PSNR:46.366051 SAM:3.502984 SSIM:0.992538 ERGAS:1.085535
2025-04-23 22:01:42,444 INFO: Epoch [270/300]    Learning rate:1.25e-05
2025-04-23 22:01:49,642 INFO: Train Loss: 0.000370 PSNR:48.407242 SAM:3.602412 SSIM:0.993949 ERGAS:1.325234
2025-04-23 22:01:52,033 INFO: Test Loss: 0.000681 PSNR:46.276951 SAM:3.511671 SSIM:0.992535 ERGAS:1.085502
2025-04-23 22:01:52,033 INFO: Epoch [271/300]    Learning rate:1.25e-05
2025-04-23 22:02:08,138 INFO: Train Loss: 0.000368 PSNR:48.405811 SAM:4.014394 SSIM:0.993810 ERGAS:1.868061
2025-04-23 22:02:10,536 INFO: Test Loss: 0.000680 PSNR:46.408073 SAM:3.501019 SSIM:0.992506 ERGAS:1.085498
2025-04-23 22:02:10,536 INFO: Epoch [272/300]    Learning rate:1.25e-05
2025-04-23 22:02:17,501 INFO: Train Loss: 0.000368 PSNR:49.099636 SAM:3.495381 SSIM:0.994066 ERGAS:1.224573
2025-04-23 22:02:19,881 INFO: Test Loss: 0.000679 PSNR:46.371807 SAM:3.481056 SSIM:0.992524 ERGAS:1.079883
2025-04-23 22:02:19,881 INFO: Epoch [273/300]    Learning rate:1.25e-05
2025-04-23 22:02:26,976 INFO: Train Loss: 0.000367 PSNR:49.687603 SAM:3.773538 SSIM:0.994905 ERGAS:1.353430
2025-04-23 22:02:29,372 INFO: Test Loss: 0.000678 PSNR:46.445099 SAM:3.492759 SSIM:0.992570 ERGAS:1.080869
2025-04-23 22:02:29,372 INFO: Epoch [274/300]    Learning rate:1.25e-05
2025-04-23 22:02:36,644 INFO: Train Loss: 0.000368 PSNR:48.547359 SAM:3.609133 SSIM:0.993625 ERGAS:1.225889
2025-04-23 22:02:39,060 INFO: Test Loss: 0.000682 PSNR:46.382557 SAM:3.484697 SSIM:0.992567 ERGAS:1.079267
2025-04-23 22:02:39,060 INFO: Epoch [275/300]    Learning rate:1.25e-05
2025-04-23 22:02:46,211 INFO: Train Loss: 0.000367 PSNR:49.290630 SAM:3.783103 SSIM:0.994377 ERGAS:1.166469
2025-04-23 22:02:48,604 INFO: Test Loss: 0.000680 PSNR:46.295086 SAM:3.501254 SSIM:0.992456 ERGAS:1.087352
2025-04-23 22:02:48,604 INFO: Epoch [276/300]    Learning rate:1.25e-05
2025-04-23 22:03:06,249 INFO: Train Loss: 0.000367 PSNR:49.924305 SAM:3.894548 SSIM:0.994957 ERGAS:1.416167
2025-04-23 22:03:08,637 INFO: Test Loss: 0.000680 PSNR:46.316383 SAM:3.552589 SSIM:0.992487 ERGAS:1.094030
2025-04-23 22:03:08,637 INFO: Epoch [277/300]    Learning rate:1.25e-05
2025-04-23 22:03:15,581 INFO: Train Loss: 0.000367 PSNR:48.954811 SAM:3.811107 SSIM:0.994479 ERGAS:1.137257
2025-04-23 22:03:17,959 INFO: Test Loss: 0.000677 PSNR:46.394302 SAM:3.511553 SSIM:0.992548 ERGAS:1.078482
2025-04-23 22:03:17,959 INFO: Epoch [278/300]    Learning rate:1.25e-05
2025-04-23 22:03:25,109 INFO: Train Loss: 0.000365 PSNR:48.803818 SAM:4.089852 SSIM:0.993707 ERGAS:1.642921
2025-04-23 22:03:27,508 INFO: Test Loss: 0.000680 PSNR:46.375183 SAM:3.535684 SSIM:0.992467 ERGAS:1.087862
2025-04-23 22:03:27,508 INFO: Epoch [279/300]    Learning rate:1.25e-05
2025-04-23 22:03:34,720 INFO: Train Loss: 0.000366 PSNR:49.832417 SAM:4.108219 SSIM:0.994741 ERGAS:1.726463
2025-04-23 22:03:37,120 INFO: Test Loss: 0.000679 PSNR:46.382362 SAM:3.500984 SSIM:0.992520 ERGAS:1.082091
2025-04-23 22:03:37,120 INFO: Epoch [280/300]    Learning rate:1.25e-05
2025-04-23 22:03:44,207 INFO: Train Loss: 0.000365 PSNR:50.919914 SAM:3.799574 SSIM:0.994976 ERGAS:1.479251
2025-04-23 22:03:46,599 INFO: Test Loss: 0.000678 PSNR:46.346714 SAM:3.524744 SSIM:0.992548 ERGAS:1.082008
2025-04-23 22:03:46,599 INFO: Epoch [281/300]    Learning rate:1.25e-05
2025-04-23 22:04:04,882 INFO: Train Loss: 0.000364 PSNR:50.673958 SAM:3.751256 SSIM:0.995123 ERGAS:1.238703
2025-04-23 22:04:07,268 INFO: Test Loss: 0.000680 PSNR:46.279228 SAM:3.580441 SSIM:0.992491 ERGAS:1.085430
2025-04-23 22:04:07,268 INFO: Epoch [282/300]    Learning rate:1.25e-05
2025-04-23 22:04:14,193 INFO: Train Loss: 0.000365 PSNR:48.341759 SAM:3.391960 SSIM:0.993371 ERGAS:1.734388
2025-04-23 22:04:16,566 INFO: Test Loss: 0.000676 PSNR:46.363102 SAM:3.505430 SSIM:0.992589 ERGAS:1.081316
2025-04-23 22:04:16,566 INFO: Epoch [283/300]    Learning rate:1.25e-05
2025-04-23 22:04:23,607 INFO: Train Loss: 0.000363 PSNR:50.268372 SAM:3.486558 SSIM:0.994917 ERGAS:1.105271
2025-04-23 22:04:25,954 INFO: Test Loss: 0.000677 PSNR:46.379822 SAM:3.488770 SSIM:0.992554 ERGAS:1.076879
2025-04-23 22:04:25,954 INFO: Epoch [284/300]    Learning rate:1.25e-05
2025-04-23 22:04:33,339 INFO: Train Loss: 0.000363 PSNR:48.723412 SAM:4.563315 SSIM:0.992888 ERGAS:1.507122
2025-04-23 22:04:35,731 INFO: Test Loss: 0.000676 PSNR:46.454681 SAM:3.464449 SSIM:0.992621 ERGAS:1.072077
2025-04-23 22:04:35,731 INFO: Epoch [285/300]    Learning rate:1.25e-05
2025-04-23 22:04:42,872 INFO: Train Loss: 0.000364 PSNR:48.137428 SAM:3.305317 SSIM:0.992589 ERGAS:1.085865
2025-04-23 22:04:45,249 INFO: Test Loss: 0.000676 PSNR:46.452522 SAM:3.462728 SSIM:0.992601 ERGAS:1.072168
2025-04-23 22:04:45,249 INFO: Epoch [286/300]    Learning rate:1.25e-05
2025-04-23 22:04:52,325 INFO: Train Loss: 0.000365 PSNR:47.574104 SAM:3.453148 SSIM:0.992716 ERGAS:1.392594
2025-04-23 22:05:04,709 INFO: Test Loss: 0.000678 PSNR:46.396507 SAM:3.492116 SSIM:0.992569 ERGAS:1.082453
2025-04-23 22:05:04,709 INFO: Epoch [287/300]    Learning rate:1.25e-05
2025-04-23 22:05:11,649 INFO: Train Loss: 0.000364 PSNR:49.093319 SAM:3.600459 SSIM:0.993390 ERGAS:1.324372
2025-04-23 22:05:14,021 INFO: Test Loss: 0.000683 PSNR:46.383999 SAM:3.511955 SSIM:0.992494 ERGAS:1.092326
2025-04-23 22:05:14,021 INFO: Epoch [288/300]    Learning rate:1.25e-05
2025-04-23 22:05:21,071 INFO: Train Loss: 0.000364 PSNR:48.873569 SAM:3.472869 SSIM:0.994497 ERGAS:1.111734
2025-04-23 22:05:23,471 INFO: Test Loss: 0.000677 PSNR:46.319416 SAM:3.533727 SSIM:0.992551 ERGAS:1.087698
2025-04-23 22:05:23,471 INFO: Epoch [289/300]    Learning rate:1.25e-05
2025-04-23 22:05:30,731 INFO: Train Loss: 0.000362 PSNR:48.982101 SAM:3.388610 SSIM:0.993754 ERGAS:1.206136
2025-04-23 22:05:33,132 INFO: Test Loss: 0.000675 PSNR:46.394398 SAM:3.497566 SSIM:0.992582 ERGAS:1.082429
2025-04-23 22:05:33,132 INFO: Epoch [290/300]    Learning rate:1.25e-05
2025-04-23 22:05:40,246 INFO: Train Loss: 0.000361 PSNR:47.650696 SAM:3.511985 SSIM:0.992779 ERGAS:1.318682
2025-04-23 22:05:42,629 INFO: Test Loss: 0.000676 PSNR:46.327003 SAM:3.567002 SSIM:0.992525 ERGAS:1.087977
2025-04-23 22:05:42,629 INFO: Epoch [291/300]    Learning rate:1.25e-05
2025-04-23 22:05:49,681 INFO: Train Loss: 0.000362 PSNR:48.318485 SAM:3.688171 SSIM:0.994033 ERGAS:1.501682
2025-04-23 22:05:52,055 INFO: Test Loss: 0.000678 PSNR:46.363556 SAM:3.508462 SSIM:0.992556 ERGAS:1.084484
2025-04-23 22:05:52,055 INFO: Epoch [292/300]    Learning rate:1.25e-05
2025-04-23 22:06:08,064 INFO: Train Loss: 0.000361 PSNR:48.391167 SAM:3.332839 SSIM:0.993654 ERGAS:1.204142
2025-04-23 22:06:10,444 INFO: Test Loss: 0.000676 PSNR:46.425617 SAM:3.499845 SSIM:0.992543 ERGAS:1.073318
2025-04-23 22:06:10,444 INFO: Epoch [293/300]    Learning rate:1.25e-05
2025-04-23 22:06:17,404 INFO: Train Loss: 0.000361 PSNR:47.753330 SAM:3.491715 SSIM:0.993715 ERGAS:0.995572
2025-04-23 22:06:19,798 INFO: Test Loss: 0.000676 PSNR:46.418037 SAM:3.515827 SSIM:0.992606 ERGAS:1.084587
2025-04-23 22:06:19,798 INFO: Epoch [294/300]    Learning rate:1.25e-05
2025-04-23 22:06:27,004 INFO: Train Loss: 0.000359 PSNR:49.359528 SAM:3.984189 SSIM:0.995212 ERGAS:1.559721
2025-04-23 22:06:29,393 INFO: Test Loss: 0.000675 PSNR:46.421661 SAM:3.469729 SSIM:0.992602 ERGAS:1.077655
2025-04-23 22:06:29,393 INFO: Epoch [295/300]    Learning rate:1.25e-05
2025-04-23 22:06:36,639 INFO: Train Loss: 0.000360 PSNR:49.946259 SAM:3.528777 SSIM:0.994521 ERGAS:1.253414
2025-04-23 22:06:39,029 INFO: Test Loss: 0.000672 PSNR:46.348328 SAM:3.556389 SSIM:0.992512 ERGAS:1.082321
2025-04-23 22:06:39,029 INFO: Epoch [296/300]    Learning rate:1.25e-05
2025-04-23 22:06:46,252 INFO: Train Loss: 0.000359 PSNR:49.614250 SAM:3.377141 SSIM:0.994645 ERGAS:1.098306
2025-04-23 22:06:48,631 INFO: Test Loss: 0.000674 PSNR:46.418602 SAM:3.484827 SSIM:0.992598 ERGAS:1.076451
2025-04-23 22:06:48,632 INFO: Epoch [297/300]    Learning rate:1.25e-05
2025-04-23 22:07:06,162 INFO: Train Loss: 0.000359 PSNR:49.408718 SAM:3.761160 SSIM:0.994146 ERGAS:1.473760
2025-04-23 22:07:08,537 INFO: Test Loss: 0.000672 PSNR:46.417625 SAM:3.534016 SSIM:0.992526 ERGAS:1.087204
2025-04-23 22:07:08,537 INFO: Epoch [298/300]    Learning rate:1.25e-05
2025-04-23 22:07:15,571 INFO: Train Loss: 0.000358 PSNR:48.416656 SAM:3.159458 SSIM:0.993048 ERGAS:1.051331
2025-04-23 22:07:17,967 INFO: Test Loss: 0.000674 PSNR:46.423668 SAM:3.485583 SSIM:0.992578 ERGAS:1.079322
2025-04-23 22:07:17,967 INFO: Epoch [299/300]    Learning rate:1.25e-05
2025-04-23 22:07:24,973 INFO: Train Loss: 0.000358 PSNR:47.713425 SAM:3.878566 SSIM:0.993663 ERGAS:1.470770
2025-04-23 22:07:27,355 INFO: Test Loss: 0.000672 PSNR:46.429192 SAM:3.467940 SSIM:0.992605 ERGAS:1.076060
2025-04-23 22:07:27,355 INFO: Epoch [300/300]    Learning rate:1.25e-05
2025-04-23 22:07:34,454 INFO: Train Loss: 0.000359 PSNR:47.494816 SAM:4.201172 SSIM:0.993211 ERGAS:1.556878
2025-04-23 22:07:36,841 INFO: Test Loss: 0.000672 PSNR:46.404747 SAM:3.509119 SSIM:0.992558 ERGAS:1.095724
2025-04-23 22:07:36,888 INFO: Model saved to ./GuidedNet/saved_models/model_epoch_300.pth
2025-04-23 22:07:36,888 INFO: Learning rate updated to 6.25e-06
