2025-04-24 21:59:46,702 INFO: Epoch [1/300]    Learning rate:0.0005
2025-04-24 21:59:52,912 INFO: Train Loss: 0.042913 PSNR:25.477436 SAM:13.928186 SSIM:0.680043 ERGAS:16.149895
2025-04-24 21:59:54,172 INFO: Test Loss: 0.020949 PSNR:29.546867 SAM:7.354117 SSIM:0.867424 ERGAS:2.774118
2025-04-24 21:59:54,172 INFO: Epoch [2/300]    Learning rate:0.0005
2025-04-24 22:00:00,087 INFO: Train Loss: 0.016378 PSNR:31.396364 SAM:6.262237 SSIM:0.897523 ERGAS:2.291182
2025-04-24 22:00:01,332 INFO: Test Loss: 0.012553 PSNR:31.537905 SAM:6.434206 SSIM:0.909828 ERGAS:2.254228
2025-04-24 22:00:01,332 INFO: Epoch [3/300]    Learning rate:0.0005
2025-04-24 22:00:07,226 INFO: Train Loss: 0.009851 PSNR:32.890858 SAM:5.506881 SSIM:0.927861 ERGAS:1.888178
2025-04-24 22:00:08,462 INFO: Test Loss: 0.009080 PSNR:33.387245 SAM:5.041718 SSIM:0.934206 ERGAS:2.013242
2025-04-24 22:00:08,462 INFO: Epoch [4/300]    Learning rate:0.0005
2025-04-24 22:00:14,375 INFO: Train Loss: 0.006773 PSNR:34.431107 SAM:4.810534 SSIM:0.944963 ERGAS:1.606152
2025-04-24 22:00:15,619 INFO: Test Loss: 0.005852 PSNR:34.989471 SAM:4.425247 SSIM:0.949453 ERGAS:1.542106
2025-04-24 22:00:15,619 INFO: Epoch [5/300]    Learning rate:0.0005
2025-04-24 22:00:21,514 INFO: Train Loss: 0.005042 PSNR:35.365753 SAM:4.392955 SSIM:0.955397 ERGAS:1.427325
2025-04-24 22:00:22,761 INFO: Test Loss: 0.004751 PSNR:33.669022 SAM:4.354418 SSIM:0.951834 ERGAS:1.618008
2025-04-24 22:00:22,761 INFO: Epoch [6/300]    Learning rate:0.0005
2025-04-24 22:00:28,658 INFO: Train Loss: 0.004025 PSNR:35.027836 SAM:4.657787 SSIM:0.956495 ERGAS:1.531252
2025-04-24 22:00:29,904 INFO: Test Loss: 0.003662 PSNR:36.867256 SAM:3.771225 SSIM:0.962267 ERGAS:1.312598
2025-04-24 22:00:29,904 INFO: Epoch [7/300]    Learning rate:0.0005
2025-04-24 22:00:35,774 INFO: Train Loss: 0.003511 PSNR:36.679214 SAM:3.871765 SSIM:0.963850 ERGAS:1.301987
2025-04-24 22:00:37,018 INFO: Test Loss: 0.004132 PSNR:34.675438 SAM:4.572968 SSIM:0.944773 ERGAS:1.931140
2025-04-24 22:00:37,018 INFO: Epoch [8/300]    Learning rate:0.0005
2025-04-24 22:00:42,933 INFO: Train Loss: 0.002884 PSNR:37.213261 SAM:3.753566 SSIM:0.966872 ERGAS:1.217501
2025-04-24 22:00:44,170 INFO: Test Loss: 0.002754 PSNR:37.439617 SAM:3.604049 SSIM:0.967401 ERGAS:1.218422
2025-04-24 22:00:44,170 INFO: Epoch [9/300]    Learning rate:0.0005
2025-04-24 22:00:50,100 INFO: Train Loss: 0.002585 PSNR:37.179558 SAM:3.862202 SSIM:0.968837 ERGAS:1.215500
2025-04-24 22:00:51,338 INFO: Test Loss: 0.002591 PSNR:37.867393 SAM:3.467123 SSIM:0.968823 ERGAS:1.232806
2025-04-24 22:00:51,338 INFO: Epoch [10/300]    Learning rate:0.0005
2025-04-24 22:00:57,225 INFO: Train Loss: 0.002253 PSNR:37.946613 SAM:3.542619 SSIM:0.971127 ERGAS:1.126527
2025-04-24 22:00:58,477 INFO: Test Loss: 0.002116 PSNR:38.476929 SAM:3.264170 SSIM:0.971047 ERGAS:1.118042
2025-04-24 22:00:58,477 INFO: Epoch [11/300]    Learning rate:0.0005
2025-04-24 22:01:04,404 INFO: Train Loss: 0.002158 PSNR:38.252155 SAM:3.366510 SSIM:0.972256 ERGAS:1.101793
2025-04-24 22:01:05,650 INFO: Test Loss: 0.002065 PSNR:38.210083 SAM:3.267275 SSIM:0.971210 ERGAS:1.174229
2025-04-24 22:01:05,650 INFO: Epoch [12/300]    Learning rate:0.0005
2025-04-24 22:01:11,572 INFO: Train Loss: 0.001844 PSNR:38.310471 SAM:3.354011 SSIM:0.973583 ERGAS:1.087870
2025-04-24 22:01:12,821 INFO: Test Loss: 0.001740 PSNR:39.165951 SAM:3.060968 SSIM:0.974245 ERGAS:1.058762
2025-04-24 22:01:12,821 INFO: Epoch [13/300]    Learning rate:0.0005
2025-04-24 22:01:18,737 INFO: Train Loss: 0.001681 PSNR:38.918816 SAM:3.141600 SSIM:0.975119 ERGAS:1.029141
2025-04-24 22:01:19,990 INFO: Test Loss: 0.001659 PSNR:38.557716 SAM:3.066469 SSIM:0.974689 ERGAS:1.055781
2025-04-24 22:01:19,990 INFO: Epoch [14/300]    Learning rate:0.0005
2025-04-24 22:01:25,890 INFO: Train Loss: 0.001556 PSNR:39.298748 SAM:3.141253 SSIM:0.976442 ERGAS:0.992525
2025-04-24 22:01:27,134 INFO: Test Loss: 0.001657 PSNR:39.360336 SAM:3.024918 SSIM:0.975365 ERGAS:1.042553
2025-04-24 22:01:27,134 INFO: Epoch [15/300]    Learning rate:0.0005
2025-04-24 22:01:33,064 INFO: Train Loss: 0.001597 PSNR:38.732166 SAM:3.247660 SSIM:0.974642 ERGAS:1.074897
2025-04-24 22:01:34,311 INFO: Test Loss: 0.001511 PSNR:39.252285 SAM:3.057881 SSIM:0.975335 ERGAS:1.065907
2025-04-24 22:01:34,311 INFO: Epoch [16/300]    Learning rate:0.0005
2025-04-24 22:01:40,228 INFO: Train Loss: 0.001428 PSNR:39.498837 SAM:3.054844 SSIM:0.977567 ERGAS:0.962777
2025-04-24 22:01:41,467 INFO: Test Loss: 0.001800 PSNR:39.681190 SAM:2.910764 SSIM:0.976646 ERGAS:1.018932
2025-04-24 22:01:41,467 INFO: Epoch [17/300]    Learning rate:0.0005
2025-04-24 22:01:47,386 INFO: Train Loss: 0.001711 PSNR:38.999805 SAM:3.153168 SSIM:0.975899 ERGAS:1.021191
2025-04-24 22:01:48,622 INFO: Test Loss: 0.001647 PSNR:38.727066 SAM:3.094924 SSIM:0.976309 ERGAS:1.067622
2025-04-24 22:01:48,622 INFO: Epoch [18/300]    Learning rate:0.0005
2025-04-24 22:01:54,573 INFO: Train Loss: 0.001603 PSNR:39.152668 SAM:3.046207 SSIM:0.976874 ERGAS:1.026526
2025-04-24 22:01:55,824 INFO: Test Loss: 0.001842 PSNR:37.959423 SAM:3.419922 SSIM:0.975202 ERGAS:1.201649
2025-04-24 22:01:55,824 INFO: Epoch [19/300]    Learning rate:0.0005
2025-04-24 22:02:01,719 INFO: Train Loss: 0.001456 PSNR:39.367352 SAM:3.116811 SSIM:0.976553 ERGAS:1.042177
2025-04-24 22:02:02,963 INFO: Test Loss: 0.001499 PSNR:38.231663 SAM:3.022048 SSIM:0.973187 ERGAS:1.188689
2025-04-24 22:02:02,963 INFO: Epoch [20/300]    Learning rate:0.0005
2025-04-24 22:02:08,858 INFO: Train Loss: 0.001129 PSNR:40.164883 SAM:2.879175 SSIM:0.978338 ERGAS:0.960521
2025-04-24 22:02:10,100 INFO: Test Loss: 0.001162 PSNR:39.970093 SAM:2.721443 SSIM:0.978923 ERGAS:0.953244
2025-04-24 22:02:10,100 INFO: Epoch [21/300]    Learning rate:0.0005
2025-04-24 22:02:16,036 INFO: Train Loss: 0.001018 PSNR:40.533646 SAM:2.712679 SSIM:0.980126 ERGAS:0.897196
2025-04-24 22:02:17,285 INFO: Test Loss: 0.001115 PSNR:40.425533 SAM:2.731308 SSIM:0.979601 ERGAS:0.951042
2025-04-24 22:02:17,285 INFO: Epoch [22/300]    Learning rate:0.0005
2025-04-24 22:02:23,216 INFO: Train Loss: 0.001019 PSNR:40.748741 SAM:2.762540 SSIM:0.980091 ERGAS:0.888006
2025-04-24 22:02:24,462 INFO: Test Loss: 0.001090 PSNR:40.923855 SAM:2.590174 SSIM:0.980201 ERGAS:0.903338
2025-04-24 22:02:24,462 INFO: Epoch [23/300]    Learning rate:0.0005
2025-04-24 22:02:30,332 INFO: Train Loss: 0.000978 PSNR:40.497501 SAM:2.800762 SSIM:0.980936 ERGAS:0.891845
2025-04-24 22:02:31,577 INFO: Test Loss: 0.001055 PSNR:40.765003 SAM:2.597843 SSIM:0.980237 ERGAS:0.908258
2025-04-24 22:02:31,577 INFO: Epoch [24/300]    Learning rate:0.0005
2025-04-24 22:02:37,441 INFO: Train Loss: 0.001040 PSNR:40.153477 SAM:2.851490 SSIM:0.980814 ERGAS:0.909032
2025-04-24 22:02:38,685 INFO: Test Loss: 0.001109 PSNR:39.806885 SAM:2.854802 SSIM:0.979269 ERGAS:0.968741
2025-04-24 22:02:38,685 INFO: Epoch [25/300]    Learning rate:0.0005
2025-04-24 22:02:44,592 INFO: Train Loss: 0.000976 PSNR:39.953342 SAM:2.932053 SSIM:0.980162 ERGAS:0.932527
2025-04-24 22:02:45,845 INFO: Test Loss: 0.001209 PSNR:39.918327 SAM:2.636676 SSIM:0.980096 ERGAS:0.943670
2025-04-24 22:02:45,845 INFO: Epoch [26/300]    Learning rate:0.0005
2025-04-24 22:02:51,794 INFO: Train Loss: 0.001008 PSNR:40.675762 SAM:2.694902 SSIM:0.980533 ERGAS:0.880942
2025-04-24 22:02:53,033 INFO: Test Loss: 0.000971 PSNR:41.033257 SAM:2.550239 SSIM:0.980684 ERGAS:0.898974
2025-04-24 22:02:53,033 INFO: Epoch [27/300]    Learning rate:0.0005
2025-04-24 22:02:58,941 INFO: Train Loss: 0.000911 PSNR:41.385990 SAM:2.552404 SSIM:0.980597 ERGAS:0.865071
2025-04-24 22:03:00,191 INFO: Test Loss: 0.001002 PSNR:40.439392 SAM:2.750028 SSIM:0.980436 ERGAS:0.932166
2025-04-24 22:03:00,191 INFO: Epoch [28/300]    Learning rate:0.0005
2025-04-24 22:03:06,075 INFO: Train Loss: 0.001129 PSNR:39.301247 SAM:3.099697 SSIM:0.977903 ERGAS:1.026959
2025-04-24 22:03:07,325 INFO: Test Loss: 0.000954 PSNR:40.407436 SAM:2.716108 SSIM:0.980524 ERGAS:0.907918
2025-04-24 22:03:07,325 INFO: Epoch [29/300]    Learning rate:0.0005
2025-04-24 22:03:13,254 INFO: Train Loss: 0.000885 PSNR:40.870571 SAM:2.631383 SSIM:0.981395 ERGAS:0.852918
2025-04-24 22:03:14,503 INFO: Test Loss: 0.000977 PSNR:41.103046 SAM:2.478117 SSIM:0.981326 ERGAS:0.872346
2025-04-24 22:03:14,503 INFO: Epoch [30/300]    Learning rate:0.0005
2025-04-24 22:03:20,392 INFO: Train Loss: 0.000772 PSNR:41.335762 SAM:2.610824 SSIM:0.982484 ERGAS:0.819455
2025-04-24 22:03:21,636 INFO: Test Loss: 0.000853 PSNR:41.112209 SAM:2.496570 SSIM:0.981831 ERGAS:0.859563
2025-04-24 22:03:21,636 INFO: Epoch [31/300]    Learning rate:0.0005
2025-04-24 22:03:27,501 INFO: Train Loss: 0.000772 PSNR:41.175747 SAM:2.672770 SSIM:0.982416 ERGAS:0.829055
2025-04-24 22:03:28,746 INFO: Test Loss: 0.000840 PSNR:41.269146 SAM:2.502389 SSIM:0.981713 ERGAS:0.875131
2025-04-24 22:03:28,746 INFO: Epoch [32/300]    Learning rate:0.0005
2025-04-24 22:03:34,621 INFO: Train Loss: 0.000811 PSNR:41.505314 SAM:2.543864 SSIM:0.982388 ERGAS:0.826313
2025-04-24 22:03:35,874 INFO: Test Loss: 0.000889 PSNR:41.147385 SAM:2.509613 SSIM:0.981598 ERGAS:0.859099
2025-04-24 22:03:35,874 INFO: Epoch [33/300]    Learning rate:0.0005
2025-04-24 22:03:41,802 INFO: Train Loss: 0.000849 PSNR:40.630756 SAM:2.780638 SSIM:0.981299 ERGAS:0.898108
2025-04-24 22:03:43,049 INFO: Test Loss: 0.001562 PSNR:37.640129 SAM:2.664321 SSIM:0.978392 ERGAS:1.167484
2025-04-24 22:03:43,049 INFO: Epoch [34/300]    Learning rate:0.0005
2025-04-24 22:03:48,992 INFO: Train Loss: 0.000967 PSNR:40.218552 SAM:2.856784 SSIM:0.980462 ERGAS:0.922351
2025-04-24 22:03:50,241 INFO: Test Loss: 0.001033 PSNR:39.743511 SAM:2.886713 SSIM:0.977299 ERGAS:1.124510
2025-04-24 22:03:50,241 INFO: Epoch [35/300]    Learning rate:0.0005
2025-04-24 22:03:56,173 INFO: Train Loss: 0.000810 PSNR:41.150986 SAM:2.610161 SSIM:0.981551 ERGAS:0.865753
2025-04-24 22:03:57,414 INFO: Test Loss: 0.001109 PSNR:40.628330 SAM:2.670165 SSIM:0.982019 ERGAS:0.864806
2025-04-24 22:03:57,414 INFO: Epoch [36/300]    Learning rate:0.0005
2025-04-24 22:04:03,297 INFO: Train Loss: 0.000899 PSNR:39.753849 SAM:2.927374 SSIM:0.979622 ERGAS:0.962185
2025-04-24 22:04:04,536 INFO: Test Loss: 0.000819 PSNR:39.738861 SAM:2.896510 SSIM:0.980209 ERGAS:0.938436
2025-04-24 22:04:04,536 INFO: Epoch [37/300]    Learning rate:0.0005
2025-04-24 22:04:10,459 INFO: Train Loss: 0.000751 PSNR:41.207832 SAM:2.649498 SSIM:0.983542 ERGAS:0.813955
2025-04-24 22:04:11,705 INFO: Test Loss: 0.001001 PSNR:41.075096 SAM:2.446033 SSIM:0.982083 ERGAS:0.866488
2025-04-24 22:04:11,705 INFO: Epoch [38/300]    Learning rate:0.0005
2025-04-24 22:04:17,638 INFO: Train Loss: 0.000764 PSNR:41.604187 SAM:2.545352 SSIM:0.982725 ERGAS:0.818871
2025-04-24 22:04:18,879 INFO: Test Loss: 0.000909 PSNR:40.949532 SAM:2.461588 SSIM:0.982286 ERGAS:0.859363
2025-04-24 22:04:18,879 INFO: Epoch [39/300]    Learning rate:0.0005
2025-04-24 22:04:24,814 INFO: Train Loss: 0.000757 PSNR:41.777538 SAM:2.478113 SSIM:0.982328 ERGAS:0.812099
2025-04-24 22:04:26,057 INFO: Test Loss: 0.000707 PSNR:41.447453 SAM:2.395941 SSIM:0.982368 ERGAS:0.830472
2025-04-24 22:04:26,057 INFO: Epoch [40/300]    Learning rate:0.0005
2025-04-24 22:04:31,949 INFO: Train Loss: 0.000661 PSNR:41.906998 SAM:2.501830 SSIM:0.983077 ERGAS:0.810874
2025-04-24 22:04:33,192 INFO: Test Loss: 0.000858 PSNR:40.134655 SAM:2.548525 SSIM:0.980771 ERGAS:0.983225
2025-04-24 22:04:33,192 INFO: Learning rate updated to 0.00025
2025-04-24 22:04:33,193 INFO: Epoch [41/300]    Learning rate:0.00025
2025-04-24 22:04:39,142 INFO: Train Loss: 0.000560 PSNR:42.468239 SAM:2.351634 SSIM:0.983443 ERGAS:0.766378
2025-04-24 22:04:40,386 INFO: Test Loss: 0.000612 PSNR:42.422859 SAM:2.255813 SSIM:0.983755 ERGAS:0.776799
2025-04-24 22:04:40,386 INFO: Epoch [42/300]    Learning rate:0.00025
2025-04-24 22:04:46,271 INFO: Train Loss: 0.000528 PSNR:42.557899 SAM:2.318997 SSIM:0.984095 ERGAS:0.743055
2025-04-24 22:04:47,517 INFO: Test Loss: 0.000599 PSNR:42.405762 SAM:2.263266 SSIM:0.983746 ERGAS:0.808976
2025-04-24 22:04:47,517 INFO: Epoch [43/300]    Learning rate:0.00025
2025-04-24 22:04:53,454 INFO: Train Loss: 0.000518 PSNR:42.559288 SAM:2.314040 SSIM:0.984020 ERGAS:0.757384
2025-04-24 22:04:54,701 INFO: Test Loss: 0.000591 PSNR:42.513477 SAM:2.237470 SSIM:0.983902 ERGAS:0.776807
2025-04-24 22:04:54,734 INFO: Epoch [44/300]    Learning rate:0.00025
2025-04-24 22:05:00,697 INFO: Train Loss: 0.000510 PSNR:42.818859 SAM:2.261171 SSIM:0.984114 ERGAS:0.744298
2025-04-24 22:05:01,939 INFO: Test Loss: 0.000581 PSNR:42.531193 SAM:2.238005 SSIM:0.983981 ERGAS:0.782918
2025-04-24 22:05:01,940 INFO: Epoch [45/300]    Learning rate:0.00025
2025-04-24 22:05:07,875 INFO: Train Loss: 0.000509 PSNR:42.841763 SAM:2.258903 SSIM:0.983964 ERGAS:0.749651
2025-04-24 22:05:09,112 INFO: Test Loss: 0.000584 PSNR:42.426182 SAM:2.248343 SSIM:0.984055 ERGAS:0.762180
2025-04-24 22:05:09,112 INFO: Epoch [46/300]    Learning rate:0.00025
2025-04-24 22:05:14,990 INFO: Train Loss: 0.000505 PSNR:42.786655 SAM:2.281596 SSIM:0.984094 ERGAS:0.755254
2025-04-24 22:05:16,238 INFO: Test Loss: 0.000575 PSNR:42.570835 SAM:2.233584 SSIM:0.984140 ERGAS:0.765541
2025-04-24 22:05:16,239 INFO: Epoch [47/300]    Learning rate:0.00025
2025-04-24 22:05:22,146 INFO: Train Loss: 0.000497 PSNR:42.804195 SAM:2.287467 SSIM:0.984561 ERGAS:0.715262
2025-04-24 22:05:23,385 INFO: Test Loss: 0.000565 PSNR:42.581585 SAM:2.223465 SSIM:0.984149 ERGAS:0.758380
2025-04-24 22:05:23,385 INFO: Epoch [48/300]    Learning rate:0.00025
2025-04-24 22:05:29,262 INFO: Train Loss: 0.000497 PSNR:42.778282 SAM:2.258108 SSIM:0.984693 ERGAS:0.719019
2025-04-24 22:05:30,509 INFO: Test Loss: 0.000572 PSNR:42.579056 SAM:2.223793 SSIM:0.984103 ERGAS:0.756126
2025-04-24 22:05:30,509 INFO: Epoch [49/300]    Learning rate:0.00025
2025-04-24 22:05:36,415 INFO: Train Loss: 0.000508 PSNR:42.725800 SAM:2.279882 SSIM:0.984805 ERGAS:0.732954
2025-04-24 22:05:37,661 INFO: Test Loss: 0.000607 PSNR:42.006226 SAM:2.307328 SSIM:0.983863 ERGAS:0.821694
2025-04-24 22:05:37,661 INFO: Epoch [50/300]    Learning rate:0.00025
2025-04-24 22:05:43,585 INFO: Train Loss: 0.000502 PSNR:42.595772 SAM:2.322954 SSIM:0.985158 ERGAS:0.719715
2025-04-24 22:05:44,828 INFO: Test Loss: 0.000561 PSNR:42.573936 SAM:2.197009 SSIM:0.984377 ERGAS:0.766518
2025-04-24 22:05:44,855 INFO: Model saved to ./GuidedNet/saved_models/model_epoch_50.pth
2025-04-24 22:05:44,855 INFO: Epoch [51/300]    Learning rate:0.00025
2025-04-24 22:05:50,745 INFO: Train Loss: 0.000478 PSNR:42.781200 SAM:2.224382 SSIM:0.983807 ERGAS:0.757460
2025-04-24 22:05:51,988 INFO: Test Loss: 0.000553 PSNR:42.743328 SAM:2.193141 SSIM:0.984337 ERGAS:0.757526
2025-04-24 22:05:51,988 INFO: Epoch [52/300]    Learning rate:0.00025
2025-04-24 22:05:57,868 INFO: Train Loss: 0.000487 PSNR:42.842972 SAM:2.242064 SSIM:0.984666 ERGAS:0.723137
2025-04-24 22:05:59,101 INFO: Test Loss: 0.000549 PSNR:42.596951 SAM:2.218752 SSIM:0.984377 ERGAS:0.759207
2025-04-24 22:05:59,101 INFO: Epoch [53/300]    Learning rate:0.00025
2025-04-24 22:06:04,991 INFO: Train Loss: 0.000482 PSNR:42.809975 SAM:2.246642 SSIM:0.984378 ERGAS:0.733359
2025-04-24 22:06:06,234 INFO: Test Loss: 0.000563 PSNR:42.105293 SAM:2.271558 SSIM:0.984101 ERGAS:0.816263
2025-04-24 22:06:06,234 INFO: Epoch [54/300]    Learning rate:0.00025
2025-04-24 22:06:12,129 INFO: Train Loss: 0.000481 PSNR:42.821053 SAM:2.282778 SSIM:0.984489 ERGAS:0.731001
2025-04-24 22:06:13,369 INFO: Test Loss: 0.000581 PSNR:42.694130 SAM:2.200876 SSIM:0.984506 ERGAS:0.750784
2025-04-24 22:06:13,369 INFO: Epoch [55/300]    Learning rate:0.00025
2025-04-24 22:06:19,252 INFO: Train Loss: 0.000470 PSNR:42.964031 SAM:2.225146 SSIM:0.983987 ERGAS:0.742063
2025-04-24 22:06:20,489 INFO: Test Loss: 0.000534 PSNR:42.645287 SAM:2.220927 SSIM:0.984471 ERGAS:0.766230
2025-04-24 22:06:20,489 INFO: Epoch [56/300]    Learning rate:0.00025
2025-04-24 22:06:26,380 INFO: Train Loss: 0.000502 PSNR:42.835850 SAM:2.247473 SSIM:0.983814 ERGAS:0.761710
2025-04-24 22:06:27,629 INFO: Test Loss: 0.000579 PSNR:42.299629 SAM:2.242783 SSIM:0.984333 ERGAS:0.761871
2025-04-24 22:06:27,629 INFO: Epoch [57/300]    Learning rate:0.00025
2025-04-24 22:06:33,503 INFO: Train Loss: 0.000485 PSNR:42.372597 SAM:2.328318 SSIM:0.985310 ERGAS:0.718924
2025-04-24 22:06:34,734 INFO: Test Loss: 0.000554 PSNR:42.014656 SAM:2.225021 SSIM:0.984108 ERGAS:0.803343
2025-04-24 22:06:34,734 INFO: Epoch [58/300]    Learning rate:0.00025
2025-04-24 22:06:40,624 INFO: Train Loss: 0.000501 PSNR:42.359768 SAM:2.306176 SSIM:0.985087 ERGAS:0.727826
2025-04-24 22:06:41,869 INFO: Test Loss: 0.000625 PSNR:42.542427 SAM:2.270136 SSIM:0.984451 ERGAS:0.774210
2025-04-24 22:06:41,869 INFO: Epoch [59/300]    Learning rate:0.00025
2025-04-24 22:06:47,766 INFO: Train Loss: 0.000486 PSNR:42.706520 SAM:2.243649 SSIM:0.984572 ERGAS:0.737728
2025-04-24 22:06:49,010 INFO: Test Loss: 0.000526 PSNR:42.421024 SAM:2.247544 SSIM:0.984621 ERGAS:0.759946
2025-04-24 22:06:49,010 INFO: Epoch [60/300]    Learning rate:0.00025
2025-04-24 22:06:54,885 INFO: Train Loss: 0.000444 PSNR:42.961159 SAM:2.268046 SSIM:0.985013 ERGAS:0.725294
2025-04-24 22:06:56,124 INFO: Test Loss: 0.000583 PSNR:42.384331 SAM:2.258055 SSIM:0.984334 ERGAS:0.792416
2025-04-24 22:06:56,124 INFO: Epoch [61/300]    Learning rate:0.00025
2025-04-24 22:07:02,004 INFO: Train Loss: 0.000471 PSNR:42.794342 SAM:2.252766 SSIM:0.985109 ERGAS:0.729137
2025-04-24 22:07:03,227 INFO: Test Loss: 0.000535 PSNR:42.853848 SAM:2.177364 SSIM:0.984846 ERGAS:0.758926
2025-04-24 22:07:03,227 INFO: Epoch [62/300]    Learning rate:0.00025
2025-04-24 22:07:09,111 INFO: Train Loss: 0.000438 PSNR:42.992207 SAM:2.241255 SSIM:0.985675 ERGAS:0.687245
2025-04-24 22:07:10,344 INFO: Test Loss: 0.000489 PSNR:42.767860 SAM:2.158448 SSIM:0.984813 ERGAS:0.742657
2025-04-24 22:07:10,344 INFO: Epoch [63/300]    Learning rate:0.00025
2025-04-24 22:07:16,209 INFO: Train Loss: 0.000458 PSNR:42.818722 SAM:2.254204 SSIM:0.984827 ERGAS:0.749214
2025-04-24 22:07:17,447 INFO: Test Loss: 0.000571 PSNR:42.889759 SAM:2.153769 SSIM:0.984831 ERGAS:0.747180
2025-04-24 22:07:17,447 INFO: Epoch [64/300]    Learning rate:0.00025
2025-04-24 22:07:23,328 INFO: Train Loss: 0.000475 PSNR:42.387081 SAM:2.349798 SSIM:0.984522 ERGAS:0.744521
2025-04-24 22:07:24,568 INFO: Test Loss: 0.000541 PSNR:42.257011 SAM:2.316477 SSIM:0.984123 ERGAS:0.806447
2025-04-24 22:07:24,568 INFO: Epoch [65/300]    Learning rate:0.00025
2025-04-24 22:07:30,452 INFO: Train Loss: 0.000426 PSNR:42.792465 SAM:2.289241 SSIM:0.985002 ERGAS:0.725085
2025-04-24 22:07:31,688 INFO: Test Loss: 0.000490 PSNR:42.812191 SAM:2.198655 SSIM:0.984855 ERGAS:0.750186
2025-04-24 22:07:31,688 INFO: Epoch [66/300]    Learning rate:0.00025
2025-04-24 22:07:37,565 INFO: Train Loss: 0.000417 PSNR:43.113285 SAM:2.220779 SSIM:0.985383 ERGAS:0.694681
2025-04-24 22:07:38,794 INFO: Test Loss: 0.000479 PSNR:42.959049 SAM:2.156628 SSIM:0.985046 ERGAS:0.724877
2025-04-24 22:07:38,800 INFO: Epoch [67/300]    Learning rate:0.00025
2025-04-24 22:07:44,672 INFO: Train Loss: 0.000422 PSNR:43.165165 SAM:2.158653 SSIM:0.985034 ERGAS:0.705719
2025-04-24 22:07:45,911 INFO: Test Loss: 0.000515 PSNR:42.641033 SAM:2.173249 SSIM:0.984923 ERGAS:0.742926
2025-04-24 22:07:45,911 INFO: Epoch [68/300]    Learning rate:0.00025
2025-04-24 22:07:51,806 INFO: Train Loss: 0.000463 PSNR:42.533348 SAM:2.288183 SSIM:0.985132 ERGAS:0.736533
2025-04-24 22:07:53,045 INFO: Test Loss: 0.000523 PSNR:42.360481 SAM:2.201361 SSIM:0.984652 ERGAS:0.754169
2025-04-24 22:07:53,045 INFO: Epoch [69/300]    Learning rate:0.00025
2025-04-24 22:07:58,914 INFO: Train Loss: 0.000472 PSNR:42.420486 SAM:2.345818 SSIM:0.984570 ERGAS:0.751368
2025-04-24 22:08:00,155 INFO: Test Loss: 0.000487 PSNR:42.537659 SAM:2.258960 SSIM:0.984664 ERGAS:0.749751
2025-04-24 22:08:00,155 INFO: Epoch [70/300]    Learning rate:0.00025
2025-04-24 22:08:06,027 INFO: Train Loss: 0.000407 PSNR:43.068813 SAM:2.168666 SSIM:0.985130 ERGAS:0.704890
2025-04-24 22:08:07,273 INFO: Test Loss: 0.000456 PSNR:43.057236 SAM:2.129305 SSIM:0.985343 ERGAS:0.723885
2025-04-24 22:08:07,273 INFO: Epoch [71/300]    Learning rate:0.00025
2025-04-24 22:08:13,143 INFO: Train Loss: 0.000404 PSNR:43.323063 SAM:2.205508 SSIM:0.985643 ERGAS:0.688851
2025-04-24 22:08:14,383 INFO: Test Loss: 0.000462 PSNR:42.782124 SAM:2.185898 SSIM:0.985052 ERGAS:0.750576
2025-04-24 22:08:14,383 INFO: Epoch [72/300]    Learning rate:0.00025
2025-04-24 22:08:20,247 INFO: Train Loss: 0.000512 PSNR:42.896790 SAM:2.251685 SSIM:0.985451 ERGAS:0.714819
2025-04-24 22:08:21,486 INFO: Test Loss: 0.000528 PSNR:42.755997 SAM:2.171059 SSIM:0.984950 ERGAS:0.740568
2025-04-24 22:08:21,486 INFO: Epoch [73/300]    Learning rate:0.00025
2025-04-24 22:08:27,352 INFO: Train Loss: 0.000434 PSNR:42.376972 SAM:2.379855 SSIM:0.984611 ERGAS:0.777178
2025-04-24 22:08:28,588 INFO: Test Loss: 0.000467 PSNR:42.081326 SAM:2.363663 SSIM:0.984385 ERGAS:0.785863
2025-04-24 22:08:28,588 INFO: Epoch [74/300]    Learning rate:0.00025
2025-04-24 22:08:34,448 INFO: Train Loss: 0.000413 PSNR:42.314320 SAM:2.318314 SSIM:0.985003 ERGAS:0.741258
2025-04-24 22:08:35,688 INFO: Test Loss: 0.000438 PSNR:43.053802 SAM:2.142788 SSIM:0.985236 ERGAS:0.720163
2025-04-24 22:08:35,688 INFO: Epoch [75/300]    Learning rate:0.00025
2025-04-24 22:08:41,553 INFO: Train Loss: 0.000420 PSNR:42.790363 SAM:2.235180 SSIM:0.984766 ERGAS:0.729239
2025-04-24 22:08:42,787 INFO: Test Loss: 0.000465 PSNR:42.982224 SAM:2.141588 SSIM:0.985234 ERGAS:0.725731
2025-04-24 22:08:42,787 INFO: Epoch [76/300]    Learning rate:0.00025
2025-04-24 22:08:48,658 INFO: Train Loss: 0.000393 PSNR:43.232941 SAM:2.171643 SSIM:0.985528 ERGAS:0.692152
2025-04-24 22:08:49,895 INFO: Test Loss: 0.000450 PSNR:42.920837 SAM:2.151320 SSIM:0.985254 ERGAS:0.720068
2025-04-24 22:08:49,895 INFO: Epoch [77/300]    Learning rate:0.00025
2025-04-24 22:08:55,769 INFO: Train Loss: 0.000429 PSNR:43.038342 SAM:2.248198 SSIM:0.985328 ERGAS:0.708329
2025-04-24 22:08:56,998 INFO: Test Loss: 0.000483 PSNR:42.515419 SAM:2.218138 SSIM:0.985329 ERGAS:0.725532
2025-04-24 22:08:56,998 INFO: Epoch [78/300]    Learning rate:0.00025
2025-04-24 22:09:02,855 INFO: Train Loss: 0.000394 PSNR:43.358799 SAM:2.184329 SSIM:0.985767 ERGAS:0.696331
2025-04-24 22:09:04,092 INFO: Test Loss: 0.000430 PSNR:43.020065 SAM:2.134681 SSIM:0.985421 ERGAS:0.766797
2025-04-24 22:09:04,092 INFO: Epoch [79/300]    Learning rate:0.00025
2025-04-24 22:09:09,965 INFO: Train Loss: 0.000364 PSNR:43.295242 SAM:2.166693 SSIM:0.985918 ERGAS:0.680816
2025-04-24 22:09:11,199 INFO: Test Loss: 0.000433 PSNR:42.763416 SAM:2.169534 SSIM:0.985167 ERGAS:0.729564
2025-04-24 22:09:11,199 INFO: Epoch [80/300]    Learning rate:0.00025
2025-04-24 22:09:17,074 INFO: Train Loss: 0.000372 PSNR:43.275337 SAM:2.182410 SSIM:0.985590 ERGAS:0.699396
2025-04-24 22:09:18,307 INFO: Test Loss: 0.000428 PSNR:43.035557 SAM:2.109370 SSIM:0.985481 ERGAS:0.737813
2025-04-24 22:09:18,307 INFO: Learning rate updated to 0.000125
2025-04-24 22:09:18,307 INFO: Epoch [81/300]    Learning rate:0.000125
2025-04-24 22:09:24,183 INFO: Train Loss: 0.000326 PSNR:43.696907 SAM:2.121823 SSIM:0.986323 ERGAS:0.659960
2025-04-24 22:09:25,410 INFO: Test Loss: 0.000384 PSNR:43.439869 SAM:2.049741 SSIM:0.985833 ERGAS:0.705382
2025-04-24 22:09:25,410 INFO: Epoch [82/300]    Learning rate:0.000125
2025-04-24 22:09:31,287 INFO: Train Loss: 0.000319 PSNR:43.619518 SAM:2.075244 SSIM:0.986152 ERGAS:0.681717
2025-04-24 22:09:32,518 INFO: Test Loss: 0.000376 PSNR:43.523922 SAM:2.037175 SSIM:0.985927 ERGAS:0.697451
2025-04-24 22:09:32,519 INFO: Epoch [83/300]    Learning rate:0.000125
2025-04-24 22:09:38,385 INFO: Train Loss: 0.000318 PSNR:43.832947 SAM:2.086023 SSIM:0.985933 ERGAS:0.682395
2025-04-24 22:09:39,615 INFO: Test Loss: 0.000377 PSNR:43.449017 SAM:2.057948 SSIM:0.985901 ERGAS:0.713647
2025-04-24 22:09:39,615 INFO: Epoch [84/300]    Learning rate:0.000125
2025-04-24 22:09:45,475 INFO: Train Loss: 0.000317 PSNR:43.744137 SAM:2.092774 SSIM:0.985991 ERGAS:0.663868
2025-04-24 22:09:46,708 INFO: Test Loss: 0.000372 PSNR:43.543484 SAM:2.034601 SSIM:0.985971 ERGAS:0.706148
2025-04-24 22:09:46,708 INFO: Epoch [85/300]    Learning rate:0.000125
2025-04-24 22:09:52,586 INFO: Train Loss: 0.000315 PSNR:43.702503 SAM:2.077681 SSIM:0.986084 ERGAS:0.665521
2025-04-24 22:09:53,810 INFO: Test Loss: 0.000372 PSNR:43.499584 SAM:2.043218 SSIM:0.985975 ERGAS:0.697352
2025-04-24 22:09:53,810 INFO: Epoch [86/300]    Learning rate:0.000125
2025-04-24 22:09:59,679 INFO: Train Loss: 0.000314 PSNR:43.728916 SAM:2.144436 SSIM:0.986685 ERGAS:0.666236
2025-04-24 22:10:00,918 INFO: Test Loss: 0.000373 PSNR:43.503059 SAM:2.045167 SSIM:0.985963 ERGAS:0.725321
2025-04-24 22:10:00,918 INFO: Epoch [87/300]    Learning rate:0.000125
2025-04-24 22:10:06,784 INFO: Train Loss: 0.000312 PSNR:43.830849 SAM:2.116941 SSIM:0.985985 ERGAS:0.685218
2025-04-24 22:10:08,023 INFO: Test Loss: 0.000371 PSNR:43.477779 SAM:2.054399 SSIM:0.985989 ERGAS:0.697891
2025-04-24 22:10:08,023 INFO: Epoch [88/300]    Learning rate:0.000125
2025-04-24 22:10:13,884 INFO: Train Loss: 0.000312 PSNR:43.729294 SAM:2.114128 SSIM:0.986268 ERGAS:0.670275
2025-04-24 22:10:15,115 INFO: Test Loss: 0.000372 PSNR:43.535397 SAM:2.032441 SSIM:0.986055 ERGAS:0.700647
2025-04-24 22:10:15,115 INFO: Epoch [89/300]    Learning rate:0.000125
2025-04-24 22:10:20,994 INFO: Train Loss: 0.000312 PSNR:43.630569 SAM:2.110347 SSIM:0.986143 ERGAS:0.686594
2025-04-24 22:10:22,233 INFO: Test Loss: 0.000371 PSNR:43.421192 SAM:2.047497 SSIM:0.986070 ERGAS:0.698496
2025-04-24 22:10:22,233 INFO: Epoch [90/300]    Learning rate:0.000125
2025-04-24 22:10:28,106 INFO: Train Loss: 0.000313 PSNR:43.665733 SAM:2.051520 SSIM:0.986330 ERGAS:0.660077
2025-04-24 22:10:29,343 INFO: Test Loss: 0.000371 PSNR:43.522385 SAM:2.046985 SSIM:0.986090 ERGAS:0.724871
2025-04-24 22:10:29,343 INFO: Epoch [91/300]    Learning rate:0.000125
2025-04-24 22:10:35,202 INFO: Train Loss: 0.000325 PSNR:43.661091 SAM:2.120677 SSIM:0.986873 ERGAS:0.653878
2025-04-24 22:10:36,446 INFO: Test Loss: 0.000379 PSNR:43.430569 SAM:2.059015 SSIM:0.986061 ERGAS:0.712532
2025-04-24 22:10:36,446 INFO: Epoch [92/300]    Learning rate:0.000125
2025-04-24 22:10:42,305 INFO: Train Loss: 0.000312 PSNR:43.715912 SAM:2.101210 SSIM:0.986143 ERGAS:0.697037
2025-04-24 22:10:43,534 INFO: Test Loss: 0.000364 PSNR:43.636894 SAM:2.018074 SSIM:0.986142 ERGAS:0.694856
2025-04-24 22:10:43,534 INFO: Epoch [93/300]    Learning rate:0.000125
2025-04-24 22:10:49,397 INFO: Train Loss: 0.000310 PSNR:43.752453 SAM:2.103642 SSIM:0.985939 ERGAS:0.663962
2025-04-24 22:10:50,627 INFO: Test Loss: 0.000368 PSNR:43.445591 SAM:2.055185 SSIM:0.986156 ERGAS:0.710989
2025-04-24 22:10:50,627 INFO: Epoch [94/300]    Learning rate:0.000125
2025-04-24 22:10:56,498 INFO: Train Loss: 0.000303 PSNR:43.781509 SAM:2.056342 SSIM:0.986330 ERGAS:0.659818
2025-04-24 22:10:57,732 INFO: Test Loss: 0.000360 PSNR:43.492786 SAM:2.041006 SSIM:0.986162 ERGAS:0.709330
2025-04-24 22:10:57,732 INFO: Epoch [95/300]    Learning rate:0.000125
2025-04-24 22:11:03,598 INFO: Train Loss: 0.000308 PSNR:43.652996 SAM:2.104670 SSIM:0.986748 ERGAS:0.665578
2025-04-24 22:11:04,835 INFO: Test Loss: 0.000365 PSNR:43.410297 SAM:2.064580 SSIM:0.986108 ERGAS:0.711044
2025-04-24 22:11:04,835 INFO: Epoch [96/300]    Learning rate:0.000125
2025-04-24 22:11:10,711 INFO: Train Loss: 0.000298 PSNR:43.794491 SAM:2.082238 SSIM:0.986528 ERGAS:0.668353
2025-04-24 22:11:11,940 INFO: Test Loss: 0.000353 PSNR:43.597889 SAM:2.029381 SSIM:0.986216 ERGAS:0.710051
2025-04-24 22:11:11,941 INFO: Epoch [97/300]    Learning rate:0.000125
2025-04-24 22:11:17,818 INFO: Train Loss: 0.000312 PSNR:43.584003 SAM:2.083048 SSIM:0.986392 ERGAS:0.664727
2025-04-24 22:11:19,045 INFO: Test Loss: 0.000358 PSNR:43.172974 SAM:2.115477 SSIM:0.985839 ERGAS:0.753340
2025-04-24 22:11:19,045 INFO: Epoch [98/300]    Learning rate:0.000125
2025-04-24 22:11:24,915 INFO: Train Loss: 0.000303 PSNR:43.857567 SAM:2.070474 SSIM:0.986009 ERGAS:0.679797
2025-04-24 22:11:26,143 INFO: Test Loss: 0.000355 PSNR:43.565666 SAM:2.040971 SSIM:0.986292 ERGAS:0.695573
2025-04-24 22:11:26,143 INFO: Epoch [99/300]    Learning rate:0.000125
2025-04-24 22:11:32,004 INFO: Train Loss: 0.000297 PSNR:43.786987 SAM:2.056305 SSIM:0.986172 ERGAS:0.675847
2025-04-24 22:11:33,237 INFO: Test Loss: 0.000352 PSNR:43.526279 SAM:2.033370 SSIM:0.986336 ERGAS:0.700635
2025-04-24 22:11:33,237 INFO: Epoch [100/300]    Learning rate:0.000125
2025-04-24 22:11:39,110 INFO: Train Loss: 0.000295 PSNR:43.869339 SAM:2.086368 SSIM:0.986859 ERGAS:0.644455
2025-04-24 22:11:40,338 INFO: Test Loss: 0.000368 PSNR:42.290627 SAM:2.078600 SSIM:0.985707 ERGAS:0.742092
2025-04-24 22:11:40,365 INFO: Model saved to ./GuidedNet/saved_models/model_epoch_100.pth
2025-04-24 22:11:40,365 INFO: Epoch [101/300]    Learning rate:0.000125
2025-04-24 22:11:46,226 INFO: Train Loss: 0.000312 PSNR:43.599213 SAM:2.154207 SSIM:0.986697 ERGAS:0.666290
2025-04-24 22:11:47,449 INFO: Test Loss: 0.000379 PSNR:43.613815 SAM:2.027275 SSIM:0.986416 ERGAS:0.680478
2025-04-24 22:11:47,449 INFO: Epoch [102/300]    Learning rate:0.000125
2025-04-24 22:11:53,304 INFO: Train Loss: 0.000331 PSNR:42.946285 SAM:2.127698 SSIM:0.986762 ERGAS:0.675020
2025-04-24 22:11:54,538 INFO: Test Loss: 0.000361 PSNR:43.513332 SAM:2.049273 SSIM:0.986357 ERGAS:0.690029
2025-04-24 22:11:54,538 INFO: Epoch [103/300]    Learning rate:0.000125
2025-04-24 22:12:00,397 INFO: Train Loss: 0.000292 PSNR:43.919483 SAM:2.073807 SSIM:0.986959 ERGAS:0.640374
2025-04-24 22:12:01,627 INFO: Test Loss: 0.000337 PSNR:43.772072 SAM:1.999866 SSIM:0.986534 ERGAS:0.672630
2025-04-24 22:12:01,627 INFO: Epoch [104/300]    Learning rate:0.000125
2025-04-24 22:12:07,494 INFO: Train Loss: 0.000286 PSNR:43.897999 SAM:2.067076 SSIM:0.986871 ERGAS:0.644155
2025-04-24 22:12:08,725 INFO: Test Loss: 0.000339 PSNR:43.748310 SAM:2.001462 SSIM:0.986530 ERGAS:0.695293
2025-04-24 22:12:08,725 INFO: Epoch [105/300]    Learning rate:0.000125
2025-04-24 22:12:14,589 INFO: Train Loss: 0.000285 PSNR:43.892464 SAM:2.051963 SSIM:0.986235 ERGAS:0.670889
2025-04-24 22:12:15,818 INFO: Test Loss: 0.000347 PSNR:43.412979 SAM:2.086921 SSIM:0.986282 ERGAS:0.739696
2025-04-24 22:12:15,818 INFO: Epoch [106/300]    Learning rate:0.000125
2025-04-24 22:12:21,692 INFO: Train Loss: 0.000286 PSNR:43.798786 SAM:2.087390 SSIM:0.986763 ERGAS:0.654159
2025-04-24 22:12:22,929 INFO: Test Loss: 0.000338 PSNR:43.853725 SAM:1.983972 SSIM:0.986629 ERGAS:0.679705
2025-04-24 22:12:22,929 INFO: Epoch [107/300]    Learning rate:0.000125
2025-04-24 22:12:28,810 INFO: Train Loss: 0.000284 PSNR:44.016220 SAM:2.037249 SSIM:0.986274 ERGAS:0.679197
2025-04-24 22:12:30,048 INFO: Test Loss: 0.000338 PSNR:43.834492 SAM:1.991279 SSIM:0.986636 ERGAS:0.683430
2025-04-24 22:12:30,048 INFO: Epoch [108/300]    Learning rate:0.000125
2025-04-24 22:12:35,911 INFO: Train Loss: 0.000285 PSNR:43.902611 SAM:2.025861 SSIM:0.986419 ERGAS:0.671184
2025-04-24 22:12:37,145 INFO: Test Loss: 0.000331 PSNR:43.831078 SAM:1.987946 SSIM:0.986654 ERGAS:0.677781
2025-04-24 22:12:37,145 INFO: Epoch [109/300]    Learning rate:0.000125
2025-04-24 22:12:43,027 INFO: Train Loss: 0.000285 PSNR:43.934536 SAM:2.048444 SSIM:0.987249 ERGAS:0.641571
2025-04-24 22:12:44,243 INFO: Test Loss: 0.000337 PSNR:43.784306 SAM:2.006766 SSIM:0.986642 ERGAS:0.679977
2025-04-24 22:12:44,243 INFO: Epoch [110/300]    Learning rate:0.000125
2025-04-24 22:12:50,104 INFO: Train Loss: 0.000279 PSNR:44.100887 SAM:2.050180 SSIM:0.986295 ERGAS:0.669991
2025-04-24 22:12:51,345 INFO: Test Loss: 0.000332 PSNR:43.937252 SAM:1.976693 SSIM:0.986743 ERGAS:0.673765
2025-04-24 22:12:51,345 INFO: Epoch [111/300]    Learning rate:0.000125
2025-04-24 22:12:57,210 INFO: Train Loss: 0.000278 PSNR:44.000332 SAM:2.051056 SSIM:0.986605 ERGAS:0.656806
2025-04-24 22:12:58,451 INFO: Test Loss: 0.000335 PSNR:43.894440 SAM:1.979337 SSIM:0.986775 ERGAS:0.666656
2025-04-24 22:12:58,451 INFO: Epoch [112/300]    Learning rate:0.000125
2025-04-24 22:13:04,314 INFO: Train Loss: 0.000282 PSNR:43.894806 SAM:2.039848 SSIM:0.987074 ERGAS:0.656150
2025-04-24 22:13:05,549 INFO: Test Loss: 0.000361 PSNR:43.514915 SAM:2.067054 SSIM:0.986486 ERGAS:0.728221
2025-04-24 22:13:05,549 INFO: Epoch [113/300]    Learning rate:0.000125
2025-04-24 22:13:11,405 INFO: Train Loss: 0.000282 PSNR:43.956127 SAM:2.063989 SSIM:0.987071 ERGAS:0.650159
2025-04-24 22:13:12,627 INFO: Test Loss: 0.000324 PSNR:43.861069 SAM:1.972858 SSIM:0.986809 ERGAS:0.670712
2025-04-24 22:13:12,627 INFO: Epoch [114/300]    Learning rate:0.000125
2025-04-24 22:13:18,483 INFO: Train Loss: 0.000274 PSNR:44.039249 SAM:2.069609 SSIM:0.987482 ERGAS:0.634989
2025-04-24 22:13:19,708 INFO: Test Loss: 0.000330 PSNR:43.871216 SAM:1.963452 SSIM:0.986876 ERGAS:0.667037
2025-04-24 22:13:19,708 INFO: Epoch [115/300]    Learning rate:0.000125
2025-04-24 22:13:25,583 INFO: Train Loss: 0.000281 PSNR:44.071320 SAM:2.034651 SSIM:0.986801 ERGAS:0.664117
2025-04-24 22:13:26,818 INFO: Test Loss: 0.000391 PSNR:43.761456 SAM:2.015661 SSIM:0.986717 ERGAS:0.677317
2025-04-24 22:13:26,818 INFO: Epoch [116/300]    Learning rate:0.000125
2025-04-24 22:13:32,675 INFO: Train Loss: 0.000292 PSNR:43.892879 SAM:2.024631 SSIM:0.987421 ERGAS:0.643765
2025-04-24 22:13:33,907 INFO: Test Loss: 0.000334 PSNR:43.741116 SAM:2.003080 SSIM:0.986734 ERGAS:0.693819
2025-04-24 22:13:33,907 INFO: Epoch [117/300]    Learning rate:0.000125
2025-04-24 22:13:39,784 INFO: Train Loss: 0.000276 PSNR:43.884995 SAM:2.065226 SSIM:0.987433 ERGAS:0.649277
2025-04-24 22:13:41,027 INFO: Test Loss: 0.000324 PSNR:43.636757 SAM:2.007804 SSIM:0.986838 ERGAS:0.674242
2025-04-24 22:13:41,027 INFO: Epoch [118/300]    Learning rate:0.000125
2025-04-24 22:13:46,885 INFO: Train Loss: 0.000274 PSNR:43.839592 SAM:2.038050 SSIM:0.986672 ERGAS:0.673002
2025-04-24 22:13:48,114 INFO: Test Loss: 0.000337 PSNR:43.843723 SAM:1.993303 SSIM:0.986825 ERGAS:0.671451
2025-04-24 22:13:48,114 INFO: Epoch [119/300]    Learning rate:0.000125
2025-04-24 22:13:53,967 INFO: Train Loss: 0.000270 PSNR:43.916733 SAM:2.090526 SSIM:0.987443 ERGAS:0.634713
2025-04-24 22:13:55,201 INFO: Test Loss: 0.000324 PSNR:43.791920 SAM:1.994358 SSIM:0.986839 ERGAS:0.669921
2025-04-24 22:13:55,201 INFO: Epoch [120/300]    Learning rate:0.000125
2025-04-24 22:14:01,096 INFO: Train Loss: 0.000262 PSNR:44.139793 SAM:1.996773 SSIM:0.986948 ERGAS:0.640648
2025-04-24 22:14:02,334 INFO: Test Loss: 0.000310 PSNR:44.026215 SAM:1.959842 SSIM:0.987001 ERGAS:0.674596
2025-04-24 22:14:02,334 INFO: Learning rate updated to 6.25e-05
2025-04-24 22:14:02,334 INFO: Epoch [121/300]    Learning rate:6.25e-05
2025-04-24 22:14:08,202 INFO: Train Loss: 0.000247 PSNR:44.285679 SAM:1.944450 SSIM:0.986970 ERGAS:0.632154
2025-04-24 22:14:09,450 INFO: Test Loss: 0.000296 PSNR:44.170162 SAM:1.933331 SSIM:0.987142 ERGAS:0.654315
2025-04-24 22:14:09,450 INFO: Epoch [122/300]    Learning rate:6.25e-05
2025-04-24 22:14:15,326 INFO: Train Loss: 0.000244 PSNR:44.224079 SAM:1.940458 SSIM:0.987509 ERGAS:0.616828
2025-04-24 22:14:16,561 INFO: Test Loss: 0.000295 PSNR:44.147743 SAM:1.935220 SSIM:0.987152 ERGAS:0.656762
2025-04-24 22:14:16,561 INFO: Epoch [123/300]    Learning rate:6.25e-05
2025-04-24 22:14:22,429 INFO: Train Loss: 0.000243 PSNR:44.354694 SAM:1.989335 SSIM:0.987515 ERGAS:0.625651
2025-04-24 22:14:23,658 INFO: Test Loss: 0.000293 PSNR:44.215336 SAM:1.925293 SSIM:0.987166 ERGAS:0.657493
2025-04-24 22:14:23,658 INFO: Epoch [124/300]    Learning rate:6.25e-05
2025-04-24 22:14:29,524 INFO: Train Loss: 0.000242 PSNR:44.387653 SAM:1.968434 SSIM:0.987280 ERGAS:0.637272
2025-04-24 22:14:30,765 INFO: Test Loss: 0.000293 PSNR:44.141315 SAM:1.939653 SSIM:0.987128 ERGAS:0.668169
2025-04-24 22:14:30,765 INFO: Epoch [125/300]    Learning rate:6.25e-05
2025-04-24 22:14:36,641 INFO: Train Loss: 0.000242 PSNR:44.320415 SAM:1.986218 SSIM:0.987323 ERGAS:0.629311
2025-04-24 22:14:37,886 INFO: Test Loss: 0.000293 PSNR:44.149807 SAM:1.936907 SSIM:0.987146 ERGAS:0.665572
2025-04-24 22:14:37,886 INFO: Epoch [126/300]    Learning rate:6.25e-05
2025-04-24 22:14:43,749 INFO: Train Loss: 0.000241 PSNR:44.365959 SAM:1.977399 SSIM:0.987723 ERGAS:0.617038
2025-04-24 22:14:44,980 INFO: Test Loss: 0.000292 PSNR:44.199318 SAM:1.931247 SSIM:0.987178 ERGAS:0.647502
2025-04-24 22:14:44,980 INFO: Epoch [127/300]    Learning rate:6.25e-05
2025-04-24 22:14:50,849 INFO: Train Loss: 0.000242 PSNR:44.429874 SAM:1.981556 SSIM:0.987098 ERGAS:0.619785
2025-04-24 22:14:52,082 INFO: Test Loss: 0.000291 PSNR:44.239620 SAM:1.922008 SSIM:0.987211 ERGAS:0.654664
2025-04-24 22:14:52,082 INFO: Epoch [128/300]    Learning rate:6.25e-05
2025-04-24 22:14:57,972 INFO: Train Loss: 0.000240 PSNR:44.435921 SAM:1.971628 SSIM:0.987145 ERGAS:0.632120
2025-04-24 22:14:59,214 INFO: Test Loss: 0.000295 PSNR:44.158405 SAM:1.930354 SSIM:0.987202 ERGAS:0.655745
2025-04-24 22:14:59,214 INFO: Epoch [129/300]    Learning rate:6.25e-05
2025-04-24 22:15:05,088 INFO: Train Loss: 0.000240 PSNR:44.427124 SAM:2.002880 SSIM:0.987275 ERGAS:0.628135
2025-04-24 22:15:06,319 INFO: Test Loss: 0.000291 PSNR:44.218147 SAM:1.927918 SSIM:0.987222 ERGAS:0.657521
2025-04-24 22:15:06,319 INFO: Epoch [130/300]    Learning rate:6.25e-05
2025-04-24 22:15:12,198 INFO: Train Loss: 0.000240 PSNR:44.337151 SAM:2.011611 SSIM:0.987539 ERGAS:0.629703
2025-04-24 22:15:13,435 INFO: Test Loss: 0.000290 PSNR:44.237774 SAM:1.922884 SSIM:0.987218 ERGAS:0.653702
2025-04-24 22:15:13,435 INFO: Epoch [131/300]    Learning rate:6.25e-05
2025-04-24 22:15:19,308 INFO: Train Loss: 0.000238 PSNR:44.377335 SAM:1.943352 SSIM:0.987616 ERGAS:0.611447
2025-04-24 22:15:20,552 INFO: Test Loss: 0.000297 PSNR:44.143768 SAM:1.941430 SSIM:0.987200 ERGAS:0.659550
2025-04-24 22:15:20,552 INFO: Epoch [132/300]    Learning rate:6.25e-05
2025-04-24 22:15:26,424 INFO: Train Loss: 0.000238 PSNR:44.445309 SAM:1.999390 SSIM:0.987617 ERGAS:0.614496
2025-04-24 22:15:27,658 INFO: Test Loss: 0.000289 PSNR:44.265114 SAM:1.920278 SSIM:0.987269 ERGAS:0.654128
2025-04-24 22:15:27,658 INFO: Epoch [133/300]    Learning rate:6.25e-05
2025-04-24 22:15:33,526 INFO: Train Loss: 0.000238 PSNR:44.429184 SAM:1.978810 SSIM:0.986631 ERGAS:0.672388
2025-04-24 22:15:34,769 INFO: Test Loss: 0.000289 PSNR:44.248119 SAM:1.920029 SSIM:0.987249 ERGAS:0.656964
2025-04-24 22:15:34,769 INFO: Epoch [134/300]    Learning rate:6.25e-05
2025-04-24 22:15:40,636 INFO: Train Loss: 0.000237 PSNR:44.367363 SAM:2.000087 SSIM:0.987915 ERGAS:0.618683
2025-04-24 22:15:41,868 INFO: Test Loss: 0.000289 PSNR:44.144909 SAM:1.943934 SSIM:0.987197 ERGAS:0.651071
2025-04-24 22:15:41,868 INFO: Epoch [135/300]    Learning rate:6.25e-05
2025-04-24 22:15:47,732 INFO: Train Loss: 0.000238 PSNR:44.390770 SAM:1.991878 SSIM:0.987121 ERGAS:0.641011
2025-04-24 22:15:48,966 INFO: Test Loss: 0.000299 PSNR:43.963203 SAM:1.934362 SSIM:0.987248 ERGAS:0.657222
2025-04-24 22:15:48,966 INFO: Epoch [136/300]    Learning rate:6.25e-05
2025-04-24 22:15:54,850 INFO: Train Loss: 0.000239 PSNR:44.323570 SAM:2.020911 SSIM:0.987146 ERGAS:0.648739
2025-04-24 22:15:56,095 INFO: Test Loss: 0.000287 PSNR:44.268539 SAM:1.919336 SSIM:0.987299 ERGAS:0.656438
2025-04-24 22:15:56,095 INFO: Epoch [137/300]    Learning rate:6.25e-05
2025-04-24 22:16:01,972 INFO: Train Loss: 0.000242 PSNR:44.262981 SAM:2.064318 SSIM:0.987398 ERGAS:0.642536
2025-04-24 22:16:03,209 INFO: Test Loss: 0.000284 PSNR:44.296238 SAM:1.915895 SSIM:0.987324 ERGAS:0.646668
2025-04-24 22:16:03,209 INFO: Epoch [138/300]    Learning rate:6.25e-05
2025-04-24 22:16:09,077 INFO: Train Loss: 0.000233 PSNR:44.376408 SAM:1.989355 SSIM:0.987489 ERGAS:0.630009
2025-04-24 22:16:10,319 INFO: Test Loss: 0.000291 PSNR:44.286308 SAM:1.915270 SSIM:0.987326 ERGAS:0.655833
2025-04-24 22:16:10,319 INFO: Epoch [139/300]    Learning rate:6.25e-05
2025-04-24 22:16:16,185 INFO: Train Loss: 0.000237 PSNR:44.462746 SAM:1.987792 SSIM:0.987071 ERGAS:0.646326
2025-04-24 22:16:17,423 INFO: Test Loss: 0.000290 PSNR:44.003418 SAM:1.966488 SSIM:0.987231 ERGAS:0.651039
2025-04-24 22:16:17,423 INFO: Epoch [140/300]    Learning rate:6.25e-05
2025-04-24 22:16:23,303 INFO: Train Loss: 0.000235 PSNR:44.466599 SAM:1.974918 SSIM:0.987202 ERGAS:0.634210
2025-04-24 22:16:24,541 INFO: Test Loss: 0.000283 PSNR:44.210007 SAM:1.934843 SSIM:0.987315 ERGAS:0.649133
2025-04-24 22:16:24,542 INFO: Epoch [141/300]    Learning rate:6.25e-05
2025-04-24 22:16:30,415 INFO: Train Loss: 0.000231 PSNR:44.459217 SAM:1.977576 SSIM:0.987676 ERGAS:0.612016
2025-04-24 22:16:31,653 INFO: Test Loss: 0.000283 PSNR:44.270885 SAM:1.920013 SSIM:0.987318 ERGAS:0.654439
2025-04-24 22:16:31,653 INFO: Epoch [142/300]    Learning rate:6.25e-05
2025-04-24 22:16:37,528 INFO: Train Loss: 0.000233 PSNR:44.482056 SAM:1.951704 SSIM:0.987067 ERGAS:0.633827
2025-04-24 22:16:38,762 INFO: Test Loss: 0.000284 PSNR:44.195389 SAM:1.932962 SSIM:0.987312 ERGAS:0.657053
2025-04-24 22:16:38,762 INFO: Epoch [143/300]    Learning rate:6.25e-05
2025-04-24 22:16:44,626 INFO: Train Loss: 0.000233 PSNR:44.408569 SAM:1.987119 SSIM:0.987244 ERGAS:0.638281
2025-04-24 22:16:45,857 INFO: Test Loss: 0.000281 PSNR:44.250084 SAM:1.921839 SSIM:0.987351 ERGAS:0.656626
2025-04-24 22:16:45,857 INFO: Epoch [144/300]    Learning rate:6.25e-05
2025-04-24 22:16:51,715 INFO: Train Loss: 0.000231 PSNR:44.385601 SAM:1.995101 SSIM:0.988108 ERGAS:0.619279
2025-04-24 22:16:52,950 INFO: Test Loss: 0.000282 PSNR:44.246956 SAM:1.923205 SSIM:0.987352 ERGAS:0.657510
2025-04-24 22:16:52,950 INFO: Epoch [145/300]    Learning rate:6.25e-05
2025-04-24 22:16:58,830 INFO: Train Loss: 0.000232 PSNR:44.382977 SAM:1.979137 SSIM:0.987914 ERGAS:0.615608
2025-04-24 22:17:00,067 INFO: Test Loss: 0.000278 PSNR:44.279163 SAM:1.916469 SSIM:0.987410 ERGAS:0.643046
2025-04-24 22:17:00,067 INFO: Epoch [146/300]    Learning rate:6.25e-05
2025-04-24 22:17:05,952 INFO: Train Loss: 0.000228 PSNR:44.567528 SAM:1.972478 SSIM:0.986951 ERGAS:0.643491
2025-04-24 22:17:07,190 INFO: Test Loss: 0.000277 PSNR:44.352257 SAM:1.907430 SSIM:0.987415 ERGAS:0.655153
2025-04-24 22:17:07,190 INFO: Epoch [147/300]    Learning rate:6.25e-05
2025-04-24 22:17:13,048 INFO: Train Loss: 0.000230 PSNR:44.426476 SAM:1.967589 SSIM:0.987880 ERGAS:0.613279
2025-04-24 22:17:14,285 INFO: Test Loss: 0.000275 PSNR:44.314571 SAM:1.908462 SSIM:0.987412 ERGAS:0.649355
2025-04-24 22:17:14,285 INFO: Epoch [148/300]    Learning rate:6.25e-05
2025-04-24 22:17:20,138 INFO: Train Loss: 0.000227 PSNR:44.527657 SAM:1.918842 SSIM:0.986962 ERGAS:0.646134
2025-04-24 22:17:21,373 INFO: Test Loss: 0.000277 PSNR:44.328247 SAM:1.911443 SSIM:0.987425 ERGAS:0.657609
2025-04-24 22:17:21,373 INFO: Epoch [149/300]    Learning rate:6.25e-05
2025-04-24 22:17:27,230 INFO: Train Loss: 0.000227 PSNR:44.558884 SAM:1.925980 SSIM:0.986844 ERGAS:0.636675
2025-04-24 22:17:28,463 INFO: Test Loss: 0.000276 PSNR:44.286549 SAM:1.913503 SSIM:0.987439 ERGAS:0.645263
2025-04-24 22:17:28,463 INFO: Epoch [150/300]    Learning rate:6.25e-05
2025-04-24 22:17:34,317 INFO: Train Loss: 0.000224 PSNR:44.570915 SAM:1.952079 SSIM:0.987046 ERGAS:0.623951
2025-04-24 22:17:35,556 INFO: Test Loss: 0.000274 PSNR:44.323586 SAM:1.911611 SSIM:0.987429 ERGAS:0.638799
2025-04-24 22:17:35,581 INFO: Model saved to ./GuidedNet/saved_models/model_epoch_150.pth
2025-04-24 22:17:35,581 INFO: Epoch [151/300]    Learning rate:6.25e-05
2025-04-24 22:17:41,456 INFO: Train Loss: 0.000226 PSNR:44.518070 SAM:1.922534 SSIM:0.987356 ERGAS:0.628247
2025-04-24 22:17:42,689 INFO: Test Loss: 0.000274 PSNR:44.322002 SAM:1.914978 SSIM:0.987450 ERGAS:0.641604
2025-04-24 22:17:42,689 INFO: Epoch [152/300]    Learning rate:6.25e-05
2025-04-24 22:17:48,565 INFO: Train Loss: 0.000225 PSNR:44.515388 SAM:1.959392 SSIM:0.987566 ERGAS:0.638134
2025-04-24 22:17:49,796 INFO: Test Loss: 0.000275 PSNR:44.350395 SAM:1.911018 SSIM:0.987488 ERGAS:0.646700
2025-04-24 22:17:49,796 INFO: Epoch [153/300]    Learning rate:6.25e-05
2025-04-24 22:17:55,662 INFO: Train Loss: 0.000225 PSNR:44.522533 SAM:1.979971 SSIM:0.987536 ERGAS:0.624369
2025-04-24 22:17:56,896 INFO: Test Loss: 0.000275 PSNR:44.300251 SAM:1.908139 SSIM:0.987434 ERGAS:0.638190
2025-04-24 22:17:56,896 INFO: Epoch [154/300]    Learning rate:6.25e-05
2025-04-24 22:18:02,768 INFO: Train Loss: 0.000226 PSNR:44.458893 SAM:1.946135 SSIM:0.987799 ERGAS:0.619497
2025-04-24 22:18:04,005 INFO: Test Loss: 0.000274 PSNR:44.289486 SAM:1.923428 SSIM:0.987426 ERGAS:0.654234
2025-04-24 22:18:04,006 INFO: Epoch [155/300]    Learning rate:6.25e-05
2025-04-24 22:18:09,875 INFO: Train Loss: 0.000223 PSNR:44.486805 SAM:1.976072 SSIM:0.987824 ERGAS:0.620102
2025-04-24 22:18:11,110 INFO: Test Loss: 0.000272 PSNR:44.293831 SAM:1.920579 SSIM:0.987473 ERGAS:0.655114
2025-04-24 22:18:11,110 INFO: Epoch [156/300]    Learning rate:6.25e-05
2025-04-24 22:18:16,989 INFO: Train Loss: 0.000223 PSNR:44.562714 SAM:1.949889 SSIM:0.987258 ERGAS:0.624637
2025-04-24 22:18:18,221 INFO: Test Loss: 0.000270 PSNR:44.317730 SAM:1.908142 SSIM:0.987508 ERGAS:0.640024
2025-04-24 22:18:18,221 INFO: Epoch [157/300]    Learning rate:6.25e-05
2025-04-24 22:18:24,082 INFO: Train Loss: 0.000219 PSNR:44.590313 SAM:1.969682 SSIM:0.987789 ERGAS:0.611015
2025-04-24 22:18:25,310 INFO: Test Loss: 0.000274 PSNR:44.359219 SAM:1.909143 SSIM:0.987507 ERGAS:0.646193
2025-04-24 22:18:25,311 INFO: Epoch [158/300]    Learning rate:6.25e-05
2025-04-24 22:18:31,166 INFO: Train Loss: 0.000222 PSNR:44.460918 SAM:1.991927 SSIM:0.987867 ERGAS:0.625087
2025-04-24 22:18:32,397 INFO: Test Loss: 0.000268 PSNR:44.451885 SAM:1.890079 SSIM:0.987526 ERGAS:0.651197
2025-04-24 22:18:32,398 INFO: Epoch [159/300]    Learning rate:6.25e-05
2025-04-24 22:18:38,272 INFO: Train Loss: 0.000219 PSNR:44.549610 SAM:1.939810 SSIM:0.987161 ERGAS:0.629296
2025-04-24 22:18:39,511 INFO: Test Loss: 0.000267 PSNR:44.420429 SAM:1.898875 SSIM:0.987514 ERGAS:0.646360
2025-04-24 22:18:39,511 INFO: Epoch [160/300]    Learning rate:6.25e-05
2025-04-24 22:18:45,374 INFO: Train Loss: 0.000221 PSNR:44.490746 SAM:1.962542 SSIM:0.987778 ERGAS:0.626757
2025-04-24 22:18:46,609 INFO: Test Loss: 0.000276 PSNR:44.218929 SAM:1.932591 SSIM:0.987497 ERGAS:0.651159
2025-04-24 22:18:46,609 INFO: Learning rate updated to 3.125e-05
2025-04-24 22:18:46,609 INFO: Epoch [161/300]    Learning rate:3.125e-05
2025-04-24 22:18:52,456 INFO: Train Loss: 0.000213 PSNR:44.666267 SAM:1.956117 SSIM:0.987553 ERGAS:0.619251
2025-04-24 22:18:53,686 INFO: Test Loss: 0.000260 PSNR:44.534470 SAM:1.876625 SSIM:0.987605 ERGAS:0.636133
2025-04-24 22:18:53,686 INFO: Epoch [162/300]    Learning rate:3.125e-05
2025-04-24 22:18:59,537 INFO: Train Loss: 0.000211 PSNR:44.700752 SAM:1.944368 SSIM:0.987519 ERGAS:0.618427
2025-04-24 22:19:00,776 INFO: Test Loss: 0.000259 PSNR:44.529224 SAM:1.877950 SSIM:0.987595 ERGAS:0.643907
2025-04-24 22:19:00,776 INFO: Epoch [163/300]    Learning rate:3.125e-05
2025-04-24 22:19:06,640 INFO: Train Loss: 0.000210 PSNR:44.691582 SAM:1.971930 SSIM:0.988114 ERGAS:0.605328
2025-04-24 22:19:07,878 INFO: Test Loss: 0.000259 PSNR:44.533676 SAM:1.877201 SSIM:0.987619 ERGAS:0.631721
2025-04-24 22:19:07,878 INFO: Epoch [164/300]    Learning rate:3.125e-05
2025-04-24 22:19:13,733 INFO: Train Loss: 0.000210 PSNR:44.700634 SAM:1.924627 SSIM:0.987543 ERGAS:0.628142
2025-04-24 22:19:14,970 INFO: Test Loss: 0.000258 PSNR:44.562084 SAM:1.871458 SSIM:0.987634 ERGAS:0.636990
2025-04-24 22:19:14,970 INFO: Epoch [165/300]    Learning rate:3.125e-05
2025-04-24 22:19:20,833 INFO: Train Loss: 0.000210 PSNR:44.674187 SAM:1.923003 SSIM:0.987946 ERGAS:0.608668
2025-04-24 22:19:22,066 INFO: Test Loss: 0.000260 PSNR:44.512501 SAM:1.881998 SSIM:0.987593 ERGAS:0.648271
2025-04-24 22:19:22,066 INFO: Epoch [166/300]    Learning rate:3.125e-05
2025-04-24 22:19:27,941 INFO: Train Loss: 0.000209 PSNR:44.679909 SAM:1.946272 SSIM:0.987571 ERGAS:0.614839
2025-04-24 22:19:29,179 INFO: Test Loss: 0.000259 PSNR:44.570942 SAM:1.871720 SSIM:0.987630 ERGAS:0.641427
2025-04-24 22:19:29,179 INFO: Epoch [167/300]    Learning rate:3.125e-05
2025-04-24 22:19:35,054 INFO: Train Loss: 0.000208 PSNR:44.697903 SAM:1.922469 SSIM:0.987722 ERGAS:0.624071
2025-04-24 22:19:36,292 INFO: Test Loss: 0.000258 PSNR:44.577332 SAM:1.869367 SSIM:0.987661 ERGAS:0.634639
2025-04-24 22:19:36,292 INFO: Epoch [168/300]    Learning rate:3.125e-05
2025-04-24 22:19:42,157 INFO: Train Loss: 0.000209 PSNR:44.694511 SAM:1.942470 SSIM:0.988025 ERGAS:0.616892
2025-04-24 22:19:43,393 INFO: Test Loss: 0.000257 PSNR:44.569603 SAM:1.872301 SSIM:0.987638 ERGAS:0.644416
2025-04-24 22:19:43,393 INFO: Epoch [169/300]    Learning rate:3.125e-05
2025-04-24 22:19:49,263 INFO: Train Loss: 0.000208 PSNR:44.728153 SAM:1.910511 SSIM:0.987633 ERGAS:0.615055
2025-04-24 22:19:50,490 INFO: Test Loss: 0.000258 PSNR:44.570789 SAM:1.871243 SSIM:0.987643 ERGAS:0.641161
2025-04-24 22:19:50,491 INFO: Epoch [170/300]    Learning rate:3.125e-05
2025-04-24 22:19:56,374 INFO: Train Loss: 0.000209 PSNR:44.708519 SAM:1.929271 SSIM:0.987480 ERGAS:0.641563
2025-04-24 22:19:57,611 INFO: Test Loss: 0.000258 PSNR:44.574116 SAM:1.872641 SSIM:0.987640 ERGAS:0.641390
2025-04-24 22:19:57,611 INFO: Epoch [171/300]    Learning rate:3.125e-05
2025-04-24 22:20:03,488 INFO: Train Loss: 0.000208 PSNR:44.708588 SAM:1.943036 SSIM:0.987926 ERGAS:0.609219
2025-04-24 22:20:04,732 INFO: Test Loss: 0.000256 PSNR:44.586533 SAM:1.869504 SSIM:0.987664 ERGAS:0.635615
2025-04-24 22:20:04,733 INFO: Epoch [172/300]    Learning rate:3.125e-05
2025-04-24 22:20:10,590 INFO: Train Loss: 0.000208 PSNR:44.764378 SAM:1.927272 SSIM:0.988122 ERGAS:0.600337
2025-04-24 22:20:11,832 INFO: Test Loss: 0.000257 PSNR:44.582901 SAM:1.868872 SSIM:0.987661 ERGAS:0.632568
2025-04-24 22:20:11,832 INFO: Epoch [173/300]    Learning rate:3.125e-05
2025-04-24 22:20:17,692 INFO: Train Loss: 0.000207 PSNR:44.673809 SAM:1.903414 SSIM:0.987980 ERGAS:0.608509
2025-04-24 22:20:18,917 INFO: Test Loss: 0.000256 PSNR:44.555843 SAM:1.873991 SSIM:0.987670 ERGAS:0.633680
2025-04-24 22:20:18,917 INFO: Epoch [174/300]    Learning rate:3.125e-05
2025-04-24 22:20:24,785 INFO: Train Loss: 0.000207 PSNR:44.779800 SAM:1.934839 SSIM:0.987061 ERGAS:0.626804
2025-04-24 22:20:26,021 INFO: Test Loss: 0.000256 PSNR:44.558617 SAM:1.874089 SSIM:0.987660 ERGAS:0.632527
2025-04-24 22:20:26,021 INFO: Epoch [175/300]    Learning rate:3.125e-05
2025-04-24 22:20:31,895 INFO: Train Loss: 0.000206 PSNR:44.801617 SAM:1.904680 SSIM:0.987261 ERGAS:0.622132
2025-04-24 22:20:33,129 INFO: Test Loss: 0.000255 PSNR:44.582779 SAM:1.867070 SSIM:0.987676 ERGAS:0.634455
2025-04-24 22:20:33,129 INFO: Epoch [176/300]    Learning rate:3.125e-05
2025-04-24 22:20:38,987 INFO: Train Loss: 0.000206 PSNR:44.719620 SAM:1.947007 SSIM:0.987766 ERGAS:0.610536
2025-04-24 22:20:40,210 INFO: Test Loss: 0.000257 PSNR:44.485756 SAM:1.884423 SSIM:0.987666 ERGAS:0.635213
2025-04-24 22:20:40,210 INFO: Epoch [177/300]    Learning rate:3.125e-05
2025-04-24 22:20:46,099 INFO: Train Loss: 0.000207 PSNR:44.668259 SAM:1.909975 SSIM:0.988033 ERGAS:0.604063
2025-04-24 22:20:47,325 INFO: Test Loss: 0.000255 PSNR:44.507160 SAM:1.885134 SSIM:0.987692 ERGAS:0.633805
2025-04-24 22:20:47,325 INFO: Epoch [178/300]    Learning rate:3.125e-05
2025-04-24 22:20:53,192 INFO: Train Loss: 0.000206 PSNR:44.729271 SAM:1.940409 SSIM:0.987715 ERGAS:0.620754
2025-04-24 22:20:54,422 INFO: Test Loss: 0.000254 PSNR:44.593307 SAM:1.868804 SSIM:0.987688 ERGAS:0.634971
2025-04-24 22:20:54,422 INFO: Epoch [179/300]    Learning rate:3.125e-05
2025-04-24 22:21:00,291 INFO: Train Loss: 0.000205 PSNR:44.708405 SAM:1.922012 SSIM:0.988048 ERGAS:0.614391
2025-04-24 22:21:01,521 INFO: Test Loss: 0.000253 PSNR:44.627090 SAM:1.862310 SSIM:0.987702 ERGAS:0.634301
2025-04-24 22:21:01,521 INFO: Epoch [180/300]    Learning rate:3.125e-05
2025-04-24 22:21:07,375 INFO: Train Loss: 0.000205 PSNR:44.780479 SAM:1.931942 SSIM:0.987486 ERGAS:0.614952
2025-04-24 22:21:08,610 INFO: Test Loss: 0.000253 PSNR:44.602615 SAM:1.867616 SSIM:0.987684 ERGAS:0.640781
2025-04-24 22:21:08,610 INFO: Epoch [181/300]    Learning rate:3.125e-05
2025-04-24 22:21:14,474 INFO: Train Loss: 0.000204 PSNR:44.725929 SAM:1.888967 SSIM:0.988112 ERGAS:0.596349
2025-04-24 22:21:15,706 INFO: Test Loss: 0.000253 PSNR:44.584339 SAM:1.871217 SSIM:0.987693 ERGAS:0.636806
2025-04-24 22:21:15,707 INFO: Epoch [182/300]    Learning rate:3.125e-05
2025-04-24 22:21:21,588 INFO: Train Loss: 0.000205 PSNR:44.712730 SAM:1.953968 SSIM:0.987984 ERGAS:0.619265
2025-04-24 22:21:22,832 INFO: Test Loss: 0.000251 PSNR:44.622677 SAM:1.861620 SSIM:0.987726 ERGAS:0.628988
2025-04-24 22:21:22,832 INFO: Epoch [183/300]    Learning rate:3.125e-05
2025-04-24 22:21:28,704 INFO: Train Loss: 0.000204 PSNR:44.756691 SAM:1.953981 SSIM:0.987678 ERGAS:0.619291
2025-04-24 22:21:29,936 INFO: Test Loss: 0.000252 PSNR:44.631214 SAM:1.863917 SSIM:0.987720 ERGAS:0.644211
2025-04-24 22:21:29,936 INFO: Epoch [184/300]    Learning rate:3.125e-05
2025-04-24 22:21:35,801 INFO: Train Loss: 0.000204 PSNR:44.693882 SAM:1.907204 SSIM:0.987541 ERGAS:0.627433
2025-04-24 22:21:37,033 INFO: Test Loss: 0.000252 PSNR:44.603500 SAM:1.867807 SSIM:0.987720 ERGAS:0.635855
2025-04-24 22:21:37,033 INFO: Epoch [185/300]    Learning rate:3.125e-05
2025-04-24 22:21:42,909 INFO: Train Loss: 0.000203 PSNR:44.765087 SAM:1.903737 SSIM:0.988063 ERGAS:0.600363
2025-04-24 22:21:44,137 INFO: Test Loss: 0.000253 PSNR:44.511673 SAM:1.885934 SSIM:0.987705 ERGAS:0.633560
2025-04-24 22:21:44,137 INFO: Epoch [186/300]    Learning rate:3.125e-05
2025-04-24 22:21:50,002 INFO: Train Loss: 0.000203 PSNR:44.716213 SAM:1.912588 SSIM:0.987956 ERGAS:0.611235
2025-04-24 22:21:51,237 INFO: Test Loss: 0.000252 PSNR:44.631958 SAM:1.863037 SSIM:0.987743 ERGAS:0.635496
2025-04-24 22:21:51,237 INFO: Epoch [187/300]    Learning rate:3.125e-05
2025-04-24 22:21:57,101 INFO: Train Loss: 0.000203 PSNR:44.700340 SAM:1.920910 SSIM:0.988123 ERGAS:0.613048
2025-04-24 22:21:58,331 INFO: Test Loss: 0.000250 PSNR:44.627071 SAM:1.864143 SSIM:0.987745 ERGAS:0.631750
2025-04-24 22:21:58,331 INFO: Epoch [188/300]    Learning rate:3.125e-05
2025-04-24 22:22:04,192 INFO: Train Loss: 0.000202 PSNR:44.861092 SAM:1.888151 SSIM:0.987298 ERGAS:0.632128
2025-04-24 22:22:05,430 INFO: Test Loss: 0.000250 PSNR:44.599827 SAM:1.869001 SSIM:0.987707 ERGAS:0.646986
2025-04-24 22:22:05,430 INFO: Epoch [189/300]    Learning rate:3.125e-05
2025-04-24 22:22:11,299 INFO: Train Loss: 0.000201 PSNR:44.768261 SAM:1.876652 SSIM:0.987878 ERGAS:0.614023
2025-04-24 22:22:12,533 INFO: Test Loss: 0.000249 PSNR:44.647083 SAM:1.860210 SSIM:0.987757 ERGAS:0.638032
2025-04-24 22:22:12,533 INFO: Epoch [190/300]    Learning rate:3.125e-05
2025-04-24 22:22:18,400 INFO: Train Loss: 0.000201 PSNR:44.756275 SAM:1.921751 SSIM:0.988221 ERGAS:0.605703
2025-04-24 22:22:19,636 INFO: Test Loss: 0.000250 PSNR:44.638626 SAM:1.862106 SSIM:0.987750 ERGAS:0.630200
2025-04-24 22:22:19,636 INFO: Epoch [191/300]    Learning rate:3.125e-05
2025-04-24 22:22:25,521 INFO: Train Loss: 0.000202 PSNR:44.767448 SAM:1.926472 SSIM:0.988387 ERGAS:0.583457
2025-04-24 22:22:26,763 INFO: Test Loss: 0.000252 PSNR:44.619926 SAM:1.858715 SSIM:0.987741 ERGAS:0.634127
2025-04-24 22:22:26,763 INFO: Epoch [192/300]    Learning rate:3.125e-05
2025-04-24 22:22:32,641 INFO: Train Loss: 0.000201 PSNR:44.755215 SAM:1.901022 SSIM:0.988277 ERGAS:0.609690
2025-04-24 22:22:33,886 INFO: Test Loss: 0.000249 PSNR:44.628578 SAM:1.863877 SSIM:0.987769 ERGAS:0.632002
2025-04-24 22:22:33,886 INFO: Epoch [193/300]    Learning rate:3.125e-05
2025-04-24 22:22:39,761 INFO: Train Loss: 0.000200 PSNR:44.766640 SAM:1.905260 SSIM:0.988390 ERGAS:0.600696
2025-04-24 22:22:40,996 INFO: Test Loss: 0.000249 PSNR:44.641083 SAM:1.861307 SSIM:0.987764 ERGAS:0.633221
2025-04-24 22:22:40,996 INFO: Epoch [194/300]    Learning rate:3.125e-05
2025-04-24 22:22:46,860 INFO: Train Loss: 0.000200 PSNR:44.758587 SAM:1.942896 SSIM:0.988119 ERGAS:0.600276
2025-04-24 22:22:48,108 INFO: Test Loss: 0.000249 PSNR:44.620171 SAM:1.864940 SSIM:0.987766 ERGAS:0.627910
2025-04-24 22:22:48,108 INFO: Epoch [195/300]    Learning rate:3.125e-05
2025-04-24 22:22:53,976 INFO: Train Loss: 0.000200 PSNR:44.814026 SAM:1.898881 SSIM:0.987717 ERGAS:0.619667
2025-04-24 22:22:55,206 INFO: Test Loss: 0.000249 PSNR:44.669903 SAM:1.858607 SSIM:0.987784 ERGAS:0.630905
2025-04-24 22:22:55,207 INFO: Epoch [196/300]    Learning rate:3.125e-05
2025-04-24 22:23:01,074 INFO: Train Loss: 0.000199 PSNR:44.871544 SAM:1.963640 SSIM:0.987946 ERGAS:0.618518
2025-04-24 22:23:02,311 INFO: Test Loss: 0.000248 PSNR:44.584908 SAM:1.873196 SSIM:0.987772 ERGAS:0.638635
2025-04-24 22:23:02,311 INFO: Epoch [197/300]    Learning rate:3.125e-05
2025-04-24 22:23:08,188 INFO: Train Loss: 0.000199 PSNR:44.809341 SAM:1.924975 SSIM:0.987843 ERGAS:0.613084
2025-04-24 22:23:09,422 INFO: Test Loss: 0.000247 PSNR:44.663532 SAM:1.857141 SSIM:0.987796 ERGAS:0.626536
2025-04-24 22:23:09,422 INFO: Epoch [198/300]    Learning rate:3.125e-05
2025-04-24 22:23:15,293 INFO: Train Loss: 0.000199 PSNR:44.787964 SAM:1.881920 SSIM:0.987530 ERGAS:0.612736
2025-04-24 22:23:16,532 INFO: Test Loss: 0.000246 PSNR:44.667072 SAM:1.856544 SSIM:0.987807 ERGAS:0.629525
2025-04-24 22:23:16,532 INFO: Epoch [199/300]    Learning rate:3.125e-05
2025-04-24 22:23:22,388 INFO: Train Loss: 0.000198 PSNR:44.792286 SAM:1.876657 SSIM:0.987880 ERGAS:0.612130
2025-04-24 22:23:23,615 INFO: Test Loss: 0.000247 PSNR:44.654457 SAM:1.859367 SSIM:0.987796 ERGAS:0.635679
2025-04-24 22:23:23,615 INFO: Epoch [200/300]    Learning rate:3.125e-05
2025-04-24 22:23:29,488 INFO: Train Loss: 0.000199 PSNR:44.792805 SAM:1.925797 SSIM:0.987925 ERGAS:0.612749
2025-04-24 22:23:30,726 INFO: Test Loss: 0.000247 PSNR:44.617786 SAM:1.862766 SSIM:0.987790 ERGAS:0.632489
2025-04-24 22:23:30,780 INFO: Model saved to ./GuidedNet/saved_models/model_epoch_200.pth
2025-04-24 22:23:30,780 INFO: Learning rate updated to 1.5625e-05
2025-04-24 22:23:30,781 INFO: Epoch [201/300]    Learning rate:1.5625e-05
2025-04-24 22:23:36,662 INFO: Train Loss: 0.000194 PSNR:44.885033 SAM:1.879581 SSIM:0.987586 ERGAS:0.621074
2025-04-24 22:23:37,894 INFO: Test Loss: 0.000243 PSNR:44.727959 SAM:1.848094 SSIM:0.987816 ERGAS:0.629770
2025-04-24 22:23:37,894 INFO: Epoch [202/300]    Learning rate:1.5625e-05
2025-04-24 22:23:43,768 INFO: Train Loss: 0.000194 PSNR:44.839741 SAM:1.869661 SSIM:0.988180 ERGAS:0.618011
2025-04-24 22:23:45,001 INFO: Test Loss: 0.000243 PSNR:44.725040 SAM:1.848138 SSIM:0.987819 ERGAS:0.625118
2025-04-24 22:23:45,001 INFO: Epoch [203/300]    Learning rate:1.5625e-05
2025-04-24 22:23:50,871 INFO: Train Loss: 0.000194 PSNR:44.878349 SAM:1.880789 SSIM:0.987328 ERGAS:0.627716
2025-04-24 22:23:52,115 INFO: Test Loss: 0.000242 PSNR:44.727985 SAM:1.847509 SSIM:0.987831 ERGAS:0.630083
2025-04-24 22:23:52,115 INFO: Epoch [204/300]    Learning rate:1.5625e-05
2025-04-24 22:23:57,978 INFO: Train Loss: 0.000194 PSNR:44.900036 SAM:1.902856 SSIM:0.988034 ERGAS:0.607367
2025-04-24 22:23:59,206 INFO: Test Loss: 0.000242 PSNR:44.735641 SAM:1.847065 SSIM:0.987826 ERGAS:0.628560
2025-04-24 22:23:59,207 INFO: Epoch [205/300]    Learning rate:1.5625e-05
2025-04-24 22:24:05,073 INFO: Train Loss: 0.000194 PSNR:44.889328 SAM:1.924487 SSIM:0.987732 ERGAS:0.606204
2025-04-24 22:24:06,301 INFO: Test Loss: 0.000242 PSNR:44.733608 SAM:1.847691 SSIM:0.987833 ERGAS:0.628855
2025-04-24 22:24:06,302 INFO: Epoch [206/300]    Learning rate:1.5625e-05
2025-04-24 22:24:12,154 INFO: Train Loss: 0.000194 PSNR:44.864815 SAM:1.884821 SSIM:0.988017 ERGAS:0.606657
2025-04-24 22:24:13,386 INFO: Test Loss: 0.000242 PSNR:44.746284 SAM:1.845083 SSIM:0.987837 ERGAS:0.627883
2025-04-24 22:24:13,386 INFO: Epoch [207/300]    Learning rate:1.5625e-05
2025-04-24 22:24:19,236 INFO: Train Loss: 0.000193 PSNR:44.885441 SAM:1.888088 SSIM:0.988059 ERGAS:0.590904
2025-04-24 22:24:20,474 INFO: Test Loss: 0.000242 PSNR:44.718098 SAM:1.850906 SSIM:0.987845 ERGAS:0.628216
2025-04-24 22:24:20,474 INFO: Epoch [208/300]    Learning rate:1.5625e-05
2025-04-24 22:24:26,331 INFO: Train Loss: 0.000193 PSNR:44.787907 SAM:1.892279 SSIM:0.988043 ERGAS:0.618009
2025-04-24 22:24:27,566 INFO: Test Loss: 0.000242 PSNR:44.736183 SAM:1.846585 SSIM:0.987840 ERGAS:0.632152
2025-04-24 22:24:27,566 INFO: Epoch [209/300]    Learning rate:1.5625e-05
2025-04-24 22:24:33,430 INFO: Train Loss: 0.000193 PSNR:44.918716 SAM:1.884651 SSIM:0.987854 ERGAS:0.603989
2025-04-24 22:24:34,666 INFO: Test Loss: 0.000241 PSNR:44.748108 SAM:1.844382 SSIM:0.987841 ERGAS:0.629339
2025-04-24 22:24:34,666 INFO: Epoch [210/300]    Learning rate:1.5625e-05
2025-04-24 22:24:40,547 INFO: Train Loss: 0.000193 PSNR:44.882816 SAM:1.855955 SSIM:0.987431 ERGAS:0.619388
2025-04-24 22:24:41,786 INFO: Test Loss: 0.000241 PSNR:44.736477 SAM:1.845453 SSIM:0.987838 ERGAS:0.629802
2025-04-24 22:24:41,786 INFO: Epoch [211/300]    Learning rate:1.5625e-05
2025-04-24 22:24:47,641 INFO: Train Loss: 0.000193 PSNR:44.837963 SAM:1.904480 SSIM:0.988049 ERGAS:0.609502
2025-04-24 22:24:48,876 INFO: Test Loss: 0.000241 PSNR:44.752716 SAM:1.844363 SSIM:0.987840 ERGAS:0.626331
2025-04-24 22:24:48,876 INFO: Epoch [212/300]    Learning rate:1.5625e-05
2025-04-24 22:24:54,743 INFO: Train Loss: 0.000192 PSNR:44.846195 SAM:1.914105 SSIM:0.988477 ERGAS:0.593988
2025-04-24 22:24:55,983 INFO: Test Loss: 0.000241 PSNR:44.745911 SAM:1.846311 SSIM:0.987854 ERGAS:0.630243
2025-04-24 22:24:55,983 INFO: Epoch [213/300]    Learning rate:1.5625e-05
2025-04-24 22:25:01,857 INFO: Train Loss: 0.000192 PSNR:44.893993 SAM:1.890938 SSIM:0.987820 ERGAS:0.599892
2025-04-24 22:25:03,084 INFO: Test Loss: 0.000241 PSNR:44.739101 SAM:1.847504 SSIM:0.987830 ERGAS:0.633083
2025-04-24 22:25:03,084 INFO: Epoch [214/300]    Learning rate:1.5625e-05
2025-04-24 22:25:08,956 INFO: Train Loss: 0.000192 PSNR:44.851288 SAM:1.904614 SSIM:0.988081 ERGAS:0.607351
2025-04-24 22:25:10,184 INFO: Test Loss: 0.000240 PSNR:44.763344 SAM:1.842633 SSIM:0.987855 ERGAS:0.629452
2025-04-24 22:25:10,185 INFO: Epoch [215/300]    Learning rate:1.5625e-05
2025-04-24 22:25:16,066 INFO: Train Loss: 0.000192 PSNR:44.845390 SAM:1.895146 SSIM:0.988269 ERGAS:0.592748
2025-04-24 22:25:17,296 INFO: Test Loss: 0.000241 PSNR:44.747646 SAM:1.844738 SSIM:0.987855 ERGAS:0.624169
2025-04-24 22:25:17,296 INFO: Epoch [216/300]    Learning rate:1.5625e-05
2025-04-24 22:25:23,162 INFO: Train Loss: 0.000192 PSNR:44.918961 SAM:1.846177 SSIM:0.987815 ERGAS:0.605003
2025-04-24 22:25:24,394 INFO: Test Loss: 0.000240 PSNR:44.746407 SAM:1.844748 SSIM:0.987864 ERGAS:0.623813
2025-04-24 22:25:24,394 INFO: Epoch [217/300]    Learning rate:1.5625e-05
2025-04-24 22:25:30,266 INFO: Train Loss: 0.000192 PSNR:44.875538 SAM:1.903537 SSIM:0.987665 ERGAS:0.623727
2025-04-24 22:25:31,502 INFO: Test Loss: 0.000240 PSNR:44.757797 SAM:1.843003 SSIM:0.987864 ERGAS:0.627649
2025-04-24 22:25:31,502 INFO: Epoch [218/300]    Learning rate:1.5625e-05
2025-04-24 22:25:37,371 INFO: Train Loss: 0.000192 PSNR:44.907570 SAM:1.866608 SSIM:0.987784 ERGAS:0.607793
2025-04-24 22:25:38,608 INFO: Test Loss: 0.000240 PSNR:44.740112 SAM:1.848184 SSIM:0.987862 ERGAS:0.628134
2025-04-24 22:25:38,609 INFO: Epoch [219/300]    Learning rate:1.5625e-05
2025-04-24 22:25:44,464 INFO: Train Loss: 0.000192 PSNR:44.813782 SAM:1.881022 SSIM:0.987762 ERGAS:0.606722
2025-04-24 22:25:45,701 INFO: Test Loss: 0.000239 PSNR:44.753311 SAM:1.845011 SSIM:0.987869 ERGAS:0.629134
2025-04-24 22:25:45,701 INFO: Epoch [220/300]    Learning rate:1.5625e-05
2025-04-24 22:25:51,561 INFO: Train Loss: 0.000191 PSNR:44.912601 SAM:1.883193 SSIM:0.987980 ERGAS:0.608041
2025-04-24 22:25:52,786 INFO: Test Loss: 0.000240 PSNR:44.738434 SAM:1.845563 SSIM:0.987856 ERGAS:0.623325
2025-04-24 22:25:52,786 INFO: Epoch [221/300]    Learning rate:1.5625e-05
2025-04-24 22:25:58,639 INFO: Train Loss: 0.000191 PSNR:44.885365 SAM:1.904439 SSIM:0.987747 ERGAS:0.619325
2025-04-24 22:25:59,874 INFO: Test Loss: 0.000239 PSNR:44.760258 SAM:1.842602 SSIM:0.987864 ERGAS:0.633420
2025-04-24 22:25:59,874 INFO: Epoch [222/300]    Learning rate:1.5625e-05
2025-04-24 22:26:05,760 INFO: Train Loss: 0.000191 PSNR:44.867329 SAM:1.918332 SSIM:0.988324 ERGAS:0.595209
2025-04-24 22:26:07,002 INFO: Test Loss: 0.000239 PSNR:44.744930 SAM:1.845117 SSIM:0.987869 ERGAS:0.626951
2025-04-24 22:26:07,002 INFO: Epoch [223/300]    Learning rate:1.5625e-05
2025-04-24 22:26:12,854 INFO: Train Loss: 0.000191 PSNR:44.882328 SAM:1.877911 SSIM:0.987427 ERGAS:0.622623
2025-04-24 22:26:14,096 INFO: Test Loss: 0.000240 PSNR:44.719570 SAM:1.851376 SSIM:0.987875 ERGAS:0.629490
2025-04-24 22:26:14,096 INFO: Epoch [224/300]    Learning rate:1.5625e-05
2025-04-24 22:26:19,974 INFO: Train Loss: 0.000191 PSNR:44.922314 SAM:1.899279 SSIM:0.988082 ERGAS:0.603971
2025-04-24 22:26:21,208 INFO: Test Loss: 0.000238 PSNR:44.769989 SAM:1.841442 SSIM:0.987878 ERGAS:0.629345
2025-04-24 22:26:21,208 INFO: Epoch [225/300]    Learning rate:1.5625e-05
2025-04-24 22:26:27,083 INFO: Train Loss: 0.000190 PSNR:44.955898 SAM:1.930244 SSIM:0.987980 ERGAS:0.601797
2025-04-24 22:26:28,320 INFO: Test Loss: 0.000238 PSNR:44.772762 SAM:1.840402 SSIM:0.987889 ERGAS:0.626234
2025-04-24 22:26:28,320 INFO: Epoch [226/300]    Learning rate:1.5625e-05
2025-04-24 22:26:34,181 INFO: Train Loss: 0.000190 PSNR:44.834255 SAM:1.907493 SSIM:0.988010 ERGAS:0.609950
2025-04-24 22:26:35,418 INFO: Test Loss: 0.000238 PSNR:44.778038 SAM:1.838694 SSIM:0.987886 ERGAS:0.624232
2025-04-24 22:26:35,418 INFO: Epoch [227/300]    Learning rate:1.5625e-05
2025-04-24 22:26:41,294 INFO: Train Loss: 0.000190 PSNR:44.936367 SAM:1.863610 SSIM:0.987959 ERGAS:0.598324
2025-04-24 22:26:42,523 INFO: Test Loss: 0.000238 PSNR:44.773800 SAM:1.841229 SSIM:0.987889 ERGAS:0.626673
2025-04-24 22:26:42,523 INFO: Epoch [228/300]    Learning rate:1.5625e-05
2025-04-24 22:26:48,376 INFO: Train Loss: 0.000190 PSNR:44.950100 SAM:1.886018 SSIM:0.987656 ERGAS:0.607150
2025-04-24 22:26:49,611 INFO: Test Loss: 0.000238 PSNR:44.767021 SAM:1.842995 SSIM:0.987885 ERGAS:0.626947
2025-04-24 22:26:49,611 INFO: Epoch [229/300]    Learning rate:1.5625e-05
2025-04-24 22:26:55,474 INFO: Train Loss: 0.000189 PSNR:44.891800 SAM:1.899466 SSIM:0.988330 ERGAS:0.599565
2025-04-24 22:26:56,705 INFO: Test Loss: 0.000237 PSNR:44.776932 SAM:1.840753 SSIM:0.987904 ERGAS:0.622232
2025-04-24 22:26:56,705 INFO: Epoch [230/300]    Learning rate:1.5625e-05
2025-04-24 22:27:02,559 INFO: Train Loss: 0.000190 PSNR:44.846771 SAM:1.921809 SSIM:0.988229 ERGAS:0.610879
2025-04-24 22:27:03,797 INFO: Test Loss: 0.000237 PSNR:44.779873 SAM:1.839035 SSIM:0.987894 ERGAS:0.624365
2025-04-24 22:27:03,798 INFO: Epoch [231/300]    Learning rate:1.5625e-05
2025-04-24 22:27:09,650 INFO: Train Loss: 0.000189 PSNR:44.876358 SAM:1.900342 SSIM:0.988046 ERGAS:0.615667
2025-04-24 22:27:10,889 INFO: Test Loss: 0.000237 PSNR:44.779907 SAM:1.841817 SSIM:0.987886 ERGAS:0.629510
2025-04-24 22:27:10,889 INFO: Epoch [232/300]    Learning rate:1.5625e-05
2025-04-24 22:27:16,737 INFO: Train Loss: 0.000189 PSNR:44.896393 SAM:1.902136 SSIM:0.988092 ERGAS:0.603233
2025-04-24 22:27:17,973 INFO: Test Loss: 0.000237 PSNR:44.778931 SAM:1.841028 SSIM:0.987894 ERGAS:0.625064
2025-04-24 22:27:17,974 INFO: Epoch [233/300]    Learning rate:1.5625e-05
2025-04-24 22:27:23,831 INFO: Train Loss: 0.000189 PSNR:44.853046 SAM:1.917670 SSIM:0.988594 ERGAS:0.590011
2025-04-24 22:27:25,068 INFO: Test Loss: 0.000237 PSNR:44.798279 SAM:1.837579 SSIM:0.987901 ERGAS:0.630799
2025-04-24 22:27:25,068 INFO: Epoch [234/300]    Learning rate:1.5625e-05
2025-04-24 22:27:30,937 INFO: Train Loss: 0.000189 PSNR:44.919792 SAM:1.883930 SSIM:0.988209 ERGAS:0.589562
2025-04-24 22:27:32,177 INFO: Test Loss: 0.000237 PSNR:44.764648 SAM:1.841698 SSIM:0.987900 ERGAS:0.621579
2025-04-24 22:27:32,177 INFO: Epoch [235/300]    Learning rate:1.5625e-05
2025-04-24 22:27:38,044 INFO: Train Loss: 0.000188 PSNR:44.939888 SAM:1.868595 SSIM:0.987798 ERGAS:0.608289
2025-04-24 22:27:39,273 INFO: Test Loss: 0.000236 PSNR:44.793324 SAM:1.839073 SSIM:0.987908 ERGAS:0.629940
2025-04-24 22:27:39,273 INFO: Epoch [236/300]    Learning rate:1.5625e-05
2025-04-24 22:27:45,126 INFO: Train Loss: 0.000188 PSNR:44.966362 SAM:1.924703 SSIM:0.988024 ERGAS:0.614106
2025-04-24 22:27:46,357 INFO: Test Loss: 0.000236 PSNR:44.770607 SAM:1.842293 SSIM:0.987910 ERGAS:0.622444
2025-04-24 22:27:46,357 INFO: Epoch [237/300]    Learning rate:1.5625e-05
2025-04-24 22:27:52,222 INFO: Train Loss: 0.000188 PSNR:44.897587 SAM:1.903030 SSIM:0.988056 ERGAS:0.606215
2025-04-24 22:27:53,448 INFO: Test Loss: 0.000236 PSNR:44.773830 SAM:1.841118 SSIM:0.987903 ERGAS:0.621686
2025-04-24 22:27:53,448 INFO: Epoch [238/300]    Learning rate:1.5625e-05
2025-04-24 22:27:59,303 INFO: Train Loss: 0.000188 PSNR:44.869308 SAM:1.892287 SSIM:0.988294 ERGAS:0.598297
2025-04-24 22:28:00,540 INFO: Test Loss: 0.000236 PSNR:44.803970 SAM:1.836658 SSIM:0.987918 ERGAS:0.624870
2025-04-24 22:28:00,540 INFO: Epoch [239/300]    Learning rate:1.5625e-05
2025-04-24 22:28:06,413 INFO: Train Loss: 0.000188 PSNR:44.895237 SAM:1.907521 SSIM:0.988274 ERGAS:0.603824
2025-04-24 22:28:07,643 INFO: Test Loss: 0.000236 PSNR:44.805492 SAM:1.835726 SSIM:0.987920 ERGAS:0.625646
2025-04-24 22:28:07,643 INFO: Epoch [240/300]    Learning rate:1.5625e-05
2025-04-24 22:28:13,494 INFO: Train Loss: 0.000188 PSNR:44.951004 SAM:1.895030 SSIM:0.987695 ERGAS:0.615203
2025-04-24 22:28:14,728 INFO: Test Loss: 0.000236 PSNR:44.787365 SAM:1.838662 SSIM:0.987919 ERGAS:0.620158
2025-04-24 22:28:14,728 INFO: Learning rate updated to 7.8125e-06
2025-04-24 22:28:14,728 INFO: Epoch [241/300]    Learning rate:7.8125e-06
2025-04-24 22:28:20,591 INFO: Train Loss: 0.000186 PSNR:44.956772 SAM:1.855341 SSIM:0.988508 ERGAS:0.580868
2025-04-24 22:28:21,819 INFO: Test Loss: 0.000234 PSNR:44.811440 SAM:1.836077 SSIM:0.987923 ERGAS:0.628960
2025-04-24 22:28:21,819 INFO: Epoch [242/300]    Learning rate:7.8125e-06
2025-04-24 22:28:27,669 INFO: Train Loss: 0.000186 PSNR:45.021957 SAM:1.878078 SSIM:0.987524 ERGAS:0.622331
2025-04-24 22:28:28,906 INFO: Test Loss: 0.000234 PSNR:44.820297 SAM:1.833826 SSIM:0.987922 ERGAS:0.625119
2025-04-24 22:28:28,906 INFO: Epoch [243/300]    Learning rate:7.8125e-06
2025-04-24 22:28:34,777 INFO: Train Loss: 0.000186 PSNR:44.946838 SAM:1.884015 SSIM:0.987928 ERGAS:0.614749
2025-04-24 22:28:36,001 INFO: Test Loss: 0.000234 PSNR:44.825481 SAM:1.833127 SSIM:0.987931 ERGAS:0.625291
2025-04-24 22:28:36,001 INFO: Epoch [244/300]    Learning rate:7.8125e-06
2025-04-24 22:28:41,863 INFO: Train Loss: 0.000186 PSNR:44.894081 SAM:1.903351 SSIM:0.988112 ERGAS:0.608521
2025-04-24 22:28:43,102 INFO: Test Loss: 0.000234 PSNR:44.819897 SAM:1.833765 SSIM:0.987939 ERGAS:0.624449
2025-04-24 22:28:43,102 INFO: Epoch [245/300]    Learning rate:7.8125e-06
2025-04-24 22:28:48,948 INFO: Train Loss: 0.000186 PSNR:44.990627 SAM:1.902811 SSIM:0.988259 ERGAS:0.596964
2025-04-24 22:28:50,188 INFO: Test Loss: 0.000234 PSNR:44.819698 SAM:1.834615 SSIM:0.987934 ERGAS:0.628370
2025-04-24 22:28:50,188 INFO: Epoch [246/300]    Learning rate:7.8125e-06
2025-04-24 22:28:56,049 INFO: Train Loss: 0.000185 PSNR:44.974953 SAM:1.880277 SSIM:0.988213 ERGAS:0.606478
2025-04-24 22:28:57,285 INFO: Test Loss: 0.000233 PSNR:44.829098 SAM:1.832303 SSIM:0.987943 ERGAS:0.625547
2025-04-24 22:28:57,285 INFO: Epoch [247/300]    Learning rate:7.8125e-06
2025-04-24 22:29:03,149 INFO: Train Loss: 0.000185 PSNR:45.020214 SAM:1.878645 SSIM:0.987699 ERGAS:0.617035
2025-04-24 22:29:04,380 INFO: Test Loss: 0.000234 PSNR:44.815548 SAM:1.835707 SSIM:0.987939 ERGAS:0.628796
2025-04-24 22:29:04,380 INFO: Epoch [248/300]    Learning rate:7.8125e-06
2025-04-24 22:29:10,236 INFO: Train Loss: 0.000185 PSNR:45.019806 SAM:1.882255 SSIM:0.987309 ERGAS:0.631687
2025-04-24 22:29:11,468 INFO: Test Loss: 0.000233 PSNR:44.821297 SAM:1.833549 SSIM:0.987950 ERGAS:0.622323
2025-04-24 22:29:11,468 INFO: Epoch [249/300]    Learning rate:7.8125e-06
2025-04-24 22:29:17,329 INFO: Train Loss: 0.000185 PSNR:44.915485 SAM:1.925537 SSIM:0.988640 ERGAS:0.585645
2025-04-24 22:29:18,562 INFO: Test Loss: 0.000233 PSNR:44.821083 SAM:1.833309 SSIM:0.987922 ERGAS:0.626394
2025-04-24 22:29:18,562 INFO: Epoch [250/300]    Learning rate:7.8125e-06
2025-04-24 22:29:24,407 INFO: Train Loss: 0.000185 PSNR:44.941013 SAM:1.891393 SSIM:0.988323 ERGAS:0.598972
2025-04-24 22:29:25,641 INFO: Test Loss: 0.000233 PSNR:44.823761 SAM:1.833808 SSIM:0.987946 ERGAS:0.624092
2025-04-24 22:29:25,694 INFO: Model saved to ./GuidedNet/saved_models/model_epoch_250.pth
2025-04-24 22:29:25,694 INFO: Epoch [251/300]    Learning rate:7.8125e-06
2025-04-24 22:29:31,559 INFO: Train Loss: 0.000185 PSNR:44.987720 SAM:1.916736 SSIM:0.987837 ERGAS:0.610851
2025-04-24 22:29:32,797 INFO: Test Loss: 0.000233 PSNR:44.817566 SAM:1.834495 SSIM:0.987941 ERGAS:0.625264
2025-04-24 22:29:32,797 INFO: Epoch [252/300]    Learning rate:7.8125e-06
2025-04-24 22:29:38,655 INFO: Train Loss: 0.000185 PSNR:44.931736 SAM:1.899891 SSIM:0.988009 ERGAS:0.610392
2025-04-24 22:29:39,889 INFO: Test Loss: 0.000233 PSNR:44.796932 SAM:1.837742 SSIM:0.987930 ERGAS:0.621419
2025-04-24 22:29:39,889 INFO: Epoch [253/300]    Learning rate:7.8125e-06
2025-04-24 22:29:45,761 INFO: Train Loss: 0.000185 PSNR:44.940014 SAM:1.841985 SSIM:0.987750 ERGAS:0.610695
2025-04-24 22:29:47,003 INFO: Test Loss: 0.000233 PSNR:44.837334 SAM:1.831632 SSIM:0.987957 ERGAS:0.625937
2025-04-24 22:29:47,003 INFO: Epoch [254/300]    Learning rate:7.8125e-06
2025-04-24 22:29:52,854 INFO: Train Loss: 0.000185 PSNR:45.009785 SAM:1.864773 SSIM:0.987824 ERGAS:0.617453
2025-04-24 22:29:54,083 INFO: Test Loss: 0.000233 PSNR:44.836147 SAM:1.831094 SSIM:0.987948 ERGAS:0.624075
2025-04-24 22:29:54,083 INFO: Epoch [255/300]    Learning rate:7.8125e-06
2025-04-24 22:29:59,942 INFO: Train Loss: 0.000185 PSNR:44.954548 SAM:1.916185 SSIM:0.988510 ERGAS:0.600453
2025-04-24 22:30:01,179 INFO: Test Loss: 0.000232 PSNR:44.837311 SAM:1.831388 SSIM:0.987956 ERGAS:0.622859
2025-04-24 22:30:01,179 INFO: Epoch [256/300]    Learning rate:7.8125e-06
2025-04-24 22:30:07,039 INFO: Train Loss: 0.000185 PSNR:44.979919 SAM:1.879662 SSIM:0.987945 ERGAS:0.622206
2025-04-24 22:30:08,268 INFO: Test Loss: 0.000233 PSNR:44.817223 SAM:1.834003 SSIM:0.987949 ERGAS:0.622302
2025-04-24 22:30:08,268 INFO: Epoch [257/300]    Learning rate:7.8125e-06
2025-04-24 22:30:14,132 INFO: Train Loss: 0.000184 PSNR:45.014774 SAM:1.913005 SSIM:0.987916 ERGAS:0.616950
2025-04-24 22:30:15,365 INFO: Test Loss: 0.000232 PSNR:44.833374 SAM:1.832137 SSIM:0.987947 ERGAS:0.627693
2025-04-24 22:30:15,365 INFO: Epoch [258/300]    Learning rate:7.8125e-06
2025-04-24 22:30:21,237 INFO: Train Loss: 0.000184 PSNR:44.961033 SAM:1.876487 SSIM:0.988275 ERGAS:0.600128
2025-04-24 22:30:22,478 INFO: Test Loss: 0.000233 PSNR:44.807682 SAM:1.836820 SSIM:0.987953 ERGAS:0.623150
2025-04-24 22:30:22,478 INFO: Epoch [259/300]    Learning rate:7.8125e-06
2025-04-24 22:30:28,346 INFO: Train Loss: 0.000184 PSNR:44.930809 SAM:1.913653 SSIM:0.988024 ERGAS:0.623069
2025-04-24 22:30:29,577 INFO: Test Loss: 0.000232 PSNR:44.846474 SAM:1.829917 SSIM:0.987966 ERGAS:0.623916
2025-04-24 22:30:29,577 INFO: Epoch [260/300]    Learning rate:7.8125e-06
2025-04-24 22:30:35,438 INFO: Train Loss: 0.000184 PSNR:44.907391 SAM:1.902598 SSIM:0.988603 ERGAS:0.584717
2025-04-24 22:30:36,676 INFO: Test Loss: 0.000232 PSNR:44.846039 SAM:1.829911 SSIM:0.987959 ERGAS:0.623753
2025-04-24 22:30:36,676 INFO: Epoch [261/300]    Learning rate:7.8125e-06
2025-04-24 22:30:42,545 INFO: Train Loss: 0.000184 PSNR:44.980583 SAM:1.905399 SSIM:0.988000 ERGAS:0.600210
2025-04-24 22:30:43,776 INFO: Test Loss: 0.000232 PSNR:44.833553 SAM:1.833098 SSIM:0.987949 ERGAS:0.628975
2025-04-24 22:30:43,776 INFO: Epoch [262/300]    Learning rate:7.8125e-06
2025-04-24 22:30:49,641 INFO: Train Loss: 0.000184 PSNR:44.970463 SAM:1.882236 SSIM:0.988061 ERGAS:0.610363
2025-04-24 22:30:50,876 INFO: Test Loss: 0.000232 PSNR:44.847748 SAM:1.829276 SSIM:0.987962 ERGAS:0.625273
2025-04-24 22:30:50,877 INFO: Epoch [263/300]    Learning rate:7.8125e-06
2025-04-24 22:30:56,731 INFO: Train Loss: 0.000184 PSNR:44.954494 SAM:1.850804 SSIM:0.987973 ERGAS:0.609247
2025-04-24 22:30:57,961 INFO: Test Loss: 0.000232 PSNR:44.845383 SAM:1.830192 SSIM:0.987960 ERGAS:0.626251
2025-04-24 22:30:57,961 INFO: Epoch [264/300]    Learning rate:7.8125e-06
2025-04-24 22:31:03,815 INFO: Train Loss: 0.000184 PSNR:44.932854 SAM:1.889606 SSIM:0.988601 ERGAS:0.592451
2025-04-24 22:31:05,054 INFO: Test Loss: 0.000232 PSNR:44.827995 SAM:1.834143 SSIM:0.987951 ERGAS:0.630433
2025-04-24 22:31:05,054 INFO: Epoch [265/300]    Learning rate:7.8125e-06
2025-04-24 22:31:10,923 INFO: Train Loss: 0.000184 PSNR:45.047146 SAM:1.852341 SSIM:0.987466 ERGAS:0.614456
2025-04-24 22:31:12,168 INFO: Test Loss: 0.000231 PSNR:44.849472 SAM:1.829620 SSIM:0.987963 ERGAS:0.625636
2025-04-24 22:31:12,168 INFO: Epoch [266/300]    Learning rate:7.8125e-06
2025-04-24 22:31:18,040 INFO: Train Loss: 0.000184 PSNR:44.927917 SAM:1.881488 SSIM:0.988141 ERGAS:0.603089
2025-04-24 22:31:19,276 INFO: Test Loss: 0.000232 PSNR:44.829857 SAM:1.832771 SSIM:0.987955 ERGAS:0.630863
2025-04-24 22:31:19,276 INFO: Epoch [267/300]    Learning rate:7.8125e-06
2025-04-24 22:31:25,137 INFO: Train Loss: 0.000184 PSNR:45.006947 SAM:1.879389 SSIM:0.988188 ERGAS:0.605228
2025-04-24 22:31:26,368 INFO: Test Loss: 0.000231 PSNR:44.848438 SAM:1.829857 SSIM:0.987966 ERGAS:0.620296
2025-04-24 22:31:26,368 INFO: Epoch [268/300]    Learning rate:7.8125e-06
2025-04-24 22:31:32,226 INFO: Train Loss: 0.000183 PSNR:44.934792 SAM:1.885284 SSIM:0.988235 ERGAS:0.599829
2025-04-24 22:31:33,464 INFO: Test Loss: 0.000231 PSNR:44.849236 SAM:1.829001 SSIM:0.987963 ERGAS:0.623949
2025-04-24 22:31:33,464 INFO: Epoch [269/300]    Learning rate:7.8125e-06
2025-04-24 22:31:39,326 INFO: Train Loss: 0.000183 PSNR:44.967464 SAM:1.875525 SSIM:0.987914 ERGAS:0.617533
2025-04-24 22:31:40,562 INFO: Test Loss: 0.000231 PSNR:44.846012 SAM:1.829485 SSIM:0.987971 ERGAS:0.620590
2025-04-24 22:31:40,562 INFO: Epoch [270/300]    Learning rate:7.8125e-06
2025-04-24 22:31:46,420 INFO: Train Loss: 0.000183 PSNR:45.023750 SAM:1.879381 SSIM:0.987401 ERGAS:0.634598
2025-04-24 22:31:47,662 INFO: Test Loss: 0.000231 PSNR:44.841263 SAM:1.831158 SSIM:0.987961 ERGAS:0.625426
2025-04-24 22:31:47,662 INFO: Epoch [271/300]    Learning rate:7.8125e-06
2025-04-24 22:31:53,524 INFO: Train Loss: 0.000183 PSNR:44.972572 SAM:1.914463 SSIM:0.988290 ERGAS:0.608947
2025-04-24 22:31:54,768 INFO: Test Loss: 0.000231 PSNR:44.856621 SAM:1.828322 SSIM:0.987974 ERGAS:0.622469
2025-04-24 22:31:54,768 INFO: Epoch [272/300]    Learning rate:7.8125e-06
2025-04-24 22:32:00,641 INFO: Train Loss: 0.000183 PSNR:44.974869 SAM:1.883513 SSIM:0.987566 ERGAS:0.630804
2025-04-24 22:32:01,876 INFO: Test Loss: 0.000231 PSNR:44.836788 SAM:1.831842 SSIM:0.987959 ERGAS:0.624451
2025-04-24 22:32:01,877 INFO: Epoch [273/300]    Learning rate:7.8125e-06
2025-04-24 22:32:07,741 INFO: Train Loss: 0.000183 PSNR:45.021156 SAM:1.901423 SSIM:0.987847 ERGAS:0.615918
2025-04-24 22:32:08,976 INFO: Test Loss: 0.000231 PSNR:44.855827 SAM:1.828680 SSIM:0.987971 ERGAS:0.624531
2025-04-24 22:32:08,976 INFO: Epoch [274/300]    Learning rate:7.8125e-06
2025-04-24 22:32:14,832 INFO: Train Loss: 0.000183 PSNR:44.962921 SAM:1.851872 SSIM:0.988346 ERGAS:0.579832
2025-04-24 22:32:16,064 INFO: Test Loss: 0.000231 PSNR:44.848461 SAM:1.829673 SSIM:0.987977 ERGAS:0.619374
2025-04-24 22:32:16,064 INFO: Epoch [275/300]    Learning rate:7.8125e-06
2025-04-24 22:32:21,915 INFO: Train Loss: 0.000183 PSNR:44.928097 SAM:1.891417 SSIM:0.987970 ERGAS:0.612246
2025-04-24 22:32:23,151 INFO: Test Loss: 0.000231 PSNR:44.849483 SAM:1.829611 SSIM:0.987961 ERGAS:0.625050
2025-04-24 22:32:23,151 INFO: Epoch [276/300]    Learning rate:7.8125e-06
2025-04-24 22:32:29,004 INFO: Train Loss: 0.000183 PSNR:45.036011 SAM:1.845488 SSIM:0.987700 ERGAS:0.607874
2025-04-24 22:32:30,245 INFO: Test Loss: 0.000230 PSNR:44.858063 SAM:1.828462 SSIM:0.987977 ERGAS:0.624666
2025-04-24 22:32:30,245 INFO: Epoch [277/300]    Learning rate:7.8125e-06
2025-04-24 22:32:36,116 INFO: Train Loss: 0.000183 PSNR:45.058662 SAM:1.805343 SSIM:0.987784 ERGAS:0.598934
2025-04-24 22:32:37,349 INFO: Test Loss: 0.000230 PSNR:44.858723 SAM:1.828247 SSIM:0.987979 ERGAS:0.626134
2025-04-24 22:32:37,369 INFO: Epoch [278/300]    Learning rate:7.8125e-06
2025-04-24 22:32:43,223 INFO: Train Loss: 0.000182 PSNR:44.985950 SAM:1.863795 SSIM:0.987946 ERGAS:0.614724
2025-04-24 22:32:44,461 INFO: Test Loss: 0.000230 PSNR:44.860535 SAM:1.827364 SSIM:0.987986 ERGAS:0.621044
2025-04-24 22:32:44,461 INFO: Epoch [279/300]    Learning rate:7.8125e-06
2025-04-24 22:32:50,320 INFO: Train Loss: 0.000182 PSNR:44.932941 SAM:1.878021 SSIM:0.988231 ERGAS:0.604659
2025-04-24 22:32:51,560 INFO: Test Loss: 0.000230 PSNR:44.860203 SAM:1.828062 SSIM:0.987977 ERGAS:0.622738
2025-04-24 22:32:51,560 INFO: Epoch [280/300]    Learning rate:7.8125e-06
2025-04-24 22:32:57,426 INFO: Train Loss: 0.000182 PSNR:45.004879 SAM:1.873950 SSIM:0.988397 ERGAS:0.588375
2025-04-24 22:32:58,671 INFO: Test Loss: 0.000230 PSNR:44.866055 SAM:1.826536 SSIM:0.987990 ERGAS:0.620640
2025-04-24 22:32:58,671 INFO: Learning rate updated to 3.90625e-06
2025-04-24 22:32:58,671 INFO: Epoch [281/300]    Learning rate:3.90625e-06
2025-04-24 22:33:04,524 INFO: Train Loss: 0.000181 PSNR:45.018139 SAM:1.869570 SSIM:0.988511 ERGAS:0.592565
2025-04-24 22:33:05,757 INFO: Test Loss: 0.000229 PSNR:44.871666 SAM:1.825931 SSIM:0.987995 ERGAS:0.622273
2025-04-24 22:33:05,757 INFO: Epoch [282/300]    Learning rate:3.90625e-06
2025-04-24 22:33:11,612 INFO: Train Loss: 0.000181 PSNR:44.968491 SAM:1.859027 SSIM:0.987880 ERGAS:0.608501
2025-04-24 22:33:12,842 INFO: Test Loss: 0.000229 PSNR:44.857044 SAM:1.828511 SSIM:0.987985 ERGAS:0.618964
2025-04-24 22:33:12,842 INFO: Epoch [283/300]    Learning rate:3.90625e-06
2025-04-24 22:33:18,681 INFO: Train Loss: 0.000181 PSNR:45.036297 SAM:1.890874 SSIM:0.987590 ERGAS:0.609875
2025-04-24 22:33:19,915 INFO: Test Loss: 0.000229 PSNR:44.870979 SAM:1.826433 SSIM:0.987985 ERGAS:0.623394
2025-04-24 22:33:19,915 INFO: Epoch [284/300]    Learning rate:3.90625e-06
2025-04-24 22:33:25,781 INFO: Train Loss: 0.000181 PSNR:44.993530 SAM:1.899417 SSIM:0.988168 ERGAS:0.605214
2025-04-24 22:33:27,009 INFO: Test Loss: 0.000229 PSNR:44.866364 SAM:1.827272 SSIM:0.987984 ERGAS:0.623986
2025-04-24 22:33:27,009 INFO: Epoch [285/300]    Learning rate:3.90625e-06
2025-04-24 22:33:32,873 INFO: Train Loss: 0.000181 PSNR:45.021053 SAM:1.907991 SSIM:0.988147 ERGAS:0.596518
2025-04-24 22:33:34,110 INFO: Test Loss: 0.000229 PSNR:44.871803 SAM:1.825868 SSIM:0.987989 ERGAS:0.622545
2025-04-24 22:33:34,110 INFO: Epoch [286/300]    Learning rate:3.90625e-06
2025-04-24 22:33:39,964 INFO: Train Loss: 0.000181 PSNR:44.991543 SAM:1.888896 SSIM:0.987996 ERGAS:0.600744
2025-04-24 22:33:41,192 INFO: Test Loss: 0.000229 PSNR:44.870625 SAM:1.826173 SSIM:0.987988 ERGAS:0.623426
2025-04-24 22:33:41,192 INFO: Epoch [287/300]    Learning rate:3.90625e-06
2025-04-24 22:33:47,054 INFO: Train Loss: 0.000181 PSNR:45.035633 SAM:1.850314 SSIM:0.987694 ERGAS:0.609198
2025-04-24 22:33:48,281 INFO: Test Loss: 0.000229 PSNR:44.867073 SAM:1.827409 SSIM:0.987990 ERGAS:0.625405
2025-04-24 22:33:48,281 INFO: Epoch [288/300]    Learning rate:3.90625e-06
2025-04-24 22:33:54,148 INFO: Train Loss: 0.000181 PSNR:44.977684 SAM:1.876005 SSIM:0.988050 ERGAS:0.604872
2025-04-24 22:33:55,380 INFO: Test Loss: 0.000229 PSNR:44.875854 SAM:1.825664 SSIM:0.987990 ERGAS:0.623252
2025-04-24 22:33:55,381 INFO: Epoch [289/300]    Learning rate:3.90625e-06
2025-04-24 22:34:01,247 INFO: Train Loss: 0.000181 PSNR:44.972137 SAM:1.897236 SSIM:0.988221 ERGAS:0.607859
2025-04-24 22:34:02,473 INFO: Test Loss: 0.000229 PSNR:44.868042 SAM:1.827027 SSIM:0.987992 ERGAS:0.623978
2025-04-24 22:34:02,473 INFO: Epoch [290/300]    Learning rate:3.90625e-06
2025-04-24 22:34:08,342 INFO: Train Loss: 0.000181 PSNR:45.062389 SAM:1.893765 SSIM:0.987774 ERGAS:0.621674
2025-04-24 22:34:09,590 INFO: Test Loss: 0.000229 PSNR:44.876545 SAM:1.825536 SSIM:0.987991 ERGAS:0.622947
2025-04-24 22:34:09,590 INFO: Epoch [291/300]    Learning rate:3.90625e-06
2025-04-24 22:34:15,450 INFO: Train Loss: 0.000181 PSNR:45.024937 SAM:1.822730 SSIM:0.987569 ERGAS:0.616605
2025-04-24 22:34:16,689 INFO: Test Loss: 0.000229 PSNR:44.873432 SAM:1.826106 SSIM:0.987991 ERGAS:0.621605
2025-04-24 22:34:16,689 INFO: Epoch [292/300]    Learning rate:3.90625e-06
2025-04-24 22:34:22,549 INFO: Train Loss: 0.000181 PSNR:45.016029 SAM:1.869348 SSIM:0.987710 ERGAS:0.615362
2025-04-24 22:34:23,790 INFO: Test Loss: 0.000229 PSNR:44.876484 SAM:1.825118 SSIM:0.987994 ERGAS:0.621089
2025-04-24 22:34:23,790 INFO: Epoch [293/300]    Learning rate:3.90625e-06
2025-04-24 22:34:29,655 INFO: Train Loss: 0.000181 PSNR:44.993404 SAM:1.896830 SSIM:0.988519 ERGAS:0.591857
2025-04-24 22:34:30,899 INFO: Test Loss: 0.000229 PSNR:44.878323 SAM:1.824927 SSIM:0.987996 ERGAS:0.621293
2025-04-24 22:34:30,899 INFO: Epoch [294/300]    Learning rate:3.90625e-06
2025-04-24 22:34:36,763 INFO: Train Loss: 0.000181 PSNR:45.017639 SAM:1.862011 SSIM:0.987923 ERGAS:0.607058
2025-04-24 22:34:38,000 INFO: Test Loss: 0.000229 PSNR:44.876911 SAM:1.825321 SSIM:0.987992 ERGAS:0.622817
2025-04-24 22:34:38,000 INFO: Epoch [295/300]    Learning rate:3.90625e-06
2025-04-24 22:34:43,855 INFO: Train Loss: 0.000181 PSNR:45.027649 SAM:1.907519 SSIM:0.988024 ERGAS:0.616913
2025-04-24 22:34:45,089 INFO: Test Loss: 0.000229 PSNR:44.874279 SAM:1.825864 SSIM:0.987994 ERGAS:0.620981
2025-04-24 22:34:45,089 INFO: Epoch [296/300]    Learning rate:3.90625e-06
2025-04-24 22:34:50,955 INFO: Train Loss: 0.000181 PSNR:45.011391 SAM:1.903195 SSIM:0.987955 ERGAS:0.607287
2025-04-24 22:34:52,191 INFO: Test Loss: 0.000228 PSNR:44.876236 SAM:1.825343 SSIM:0.987998 ERGAS:0.624025
2025-04-24 22:34:52,191 INFO: Epoch [297/300]    Learning rate:3.90625e-06
2025-04-24 22:34:58,046 INFO: Train Loss: 0.000181 PSNR:45.041218 SAM:1.850668 SSIM:0.987837 ERGAS:0.613688
2025-04-24 22:34:59,282 INFO: Test Loss: 0.000229 PSNR:44.878319 SAM:1.824794 SSIM:0.988001 ERGAS:0.621460
2025-04-24 22:34:59,282 INFO: Epoch [298/300]    Learning rate:3.90625e-06
2025-04-24 22:35:05,153 INFO: Train Loss: 0.000181 PSNR:45.046764 SAM:1.836408 SSIM:0.987918 ERGAS:0.583397
2025-04-24 22:35:06,395 INFO: Test Loss: 0.000228 PSNR:44.878181 SAM:1.825049 SSIM:0.987997 ERGAS:0.624929
2025-04-24 22:35:06,395 INFO: Epoch [299/300]    Learning rate:3.90625e-06
2025-04-24 22:35:12,259 INFO: Train Loss: 0.000181 PSNR:45.046276 SAM:1.867694 SSIM:0.987767 ERGAS:0.615829
2025-04-24 22:35:13,489 INFO: Test Loss: 0.000228 PSNR:44.876785 SAM:1.825485 SSIM:0.987995 ERGAS:0.624131
2025-04-24 22:35:13,489 INFO: Epoch [300/300]    Learning rate:3.90625e-06
2025-04-24 22:35:19,341 INFO: Train Loss: 0.000180 PSNR:45.056656 SAM:1.892366 SSIM:0.987730 ERGAS:0.613957
2025-04-24 22:35:20,585 INFO: Test Loss: 0.000228 PSNR:44.882751 SAM:1.824379 SSIM:0.987995 ERGAS:0.622717
2025-04-24 22:35:20,613 INFO: Model saved to ./GuidedNet/saved_models/model_epoch_300.pth
